{"numFailedTestSuites":1,"numFailedTests":2,"numPassedTestSuites":0,"numPassedTests":15,"numPendingTestSuites":0,"numPendingTests":0,"numRuntimeErrorTestSuites":0,"numTodoTests":0,"numTotalTestSuites":1,"numTotalTests":17,"openHandles":[],"snapshot":{"added":0,"didUpdate":false,"failure":false,"filesAdded":0,"filesRemoved":0,"filesRemovedList":[],"filesUnmatched":0,"filesUpdated":0,"matched":0,"total":0,"unchecked":0,"uncheckedKeysByFile":[],"unmatched":0,"updated":0},"startTime":1745743020422,"success":false,"testResults":[{"assertionResults":[{"ancestorTitles":["ShareAutomation","initialize"],"duration":108,"failureDetails":[],"failureMessages":[],"fullName":"ShareAutomation initialize should successfully initialize and login","invocations":1,"location":{"column":5,"line":117},"numPassingAsserts":1,"retryReasons":[],"status":"passed","title":"should successfully initialize and login"},{"ancestorTitles":["ShareAutomation","initialize"],"duration":47,"failureDetails":[],"failureMessages":[],"fullName":"ShareAutomation initialize should handle CAPTCHA detection","invocations":1,"location":{"column":5,"line":162},"numPassingAsserts":1,"retryReasons":[],"status":"passed","title":"should handle CAPTCHA detection"},{"ancestorTitles":["ShareAutomation","initialize"],"duration":52,"failureDetails":[],"failureMessages":[],"fullName":"ShareAutomation initialize should handle login failure","invocations":1,"location":{"column":5,"line":195},"numPassingAsserts":1,"retryReasons":[],"status":"passed","title":"should handle login failure"},{"ancestorTitles":["ShareAutomation","initialize"],"duration":38,"failureDetails":[],"failureMessages":[],"fullName":"ShareAutomation initialize should handle browser creation failure","invocations":1,"location":{"column":5,"line":243},"numPassingAsserts":2,"retryReasons":[],"status":"passed","title":"should handle browser creation failure"},{"ancestorTitles":["ShareAutomation","initialize"],"duration":36,"failureDetails":[],"failureMessages":[],"fullName":"ShareAutomation initialize should handle navigation failure","invocations":1,"location":{"column":5,"line":300},"numPassingAsserts":1,"retryReasons":[],"status":"passed","title":"should handle navigation failure"},{"ancestorTitles":["ShareAutomation","shareCloset"],"duration":5044,"failureDetails":[{"message":"thrown: \"Exceeded timeout of 5000 ms for a test.\nAdd a timeout value to this test to increase the timeout, if this is a long-running test. See https://jestjs.io/docs/api#testname-fn-timeout.\""}],"failureMessages":["Error: thrown: \"Exceeded timeout of 5000 ms for a test.\nAdd a timeout value to this test to increase the timeout, if this is a long-running test. See https://jestjs.io/docs/api#testname-fn-timeout.\"\n    at C:\\Praca\\saas\\poshproject\\server\\src\\automation\\__tests__\\ShareAutomation.test.ts:405:5\n    at _dispatchDescribe (C:\\Praca\\saas\\poshproject\\node_modules\\jest-circus\\build\\index.js:91:26)\n    at describe (C:\\Praca\\saas\\poshproject\\node_modules\\jest-circus\\build\\index.js:55:5)\n    at C:\\Praca\\saas\\poshproject\\server\\src\\automation\\__tests__\\ShareAutomation.test.ts:357:3\n    at _dispatchDescribe (C:\\Praca\\saas\\poshproject\\node_modules\\jest-circus\\build\\index.js:91:26)\n    at describe (C:\\Praca\\saas\\poshproject\\node_modules\\jest-circus\\build\\index.js:55:5)\n    at Object.<anonymous> (C:\\Praca\\saas\\poshproject\\server\\src\\automation\\__tests__\\ShareAutomation.test.ts:27:1)\n    at Runtime._execModule (C:\\Praca\\saas\\poshproject\\node_modules\\jest-runtime\\build\\index.js:1439:24)\n    at Runtime._loadModule (C:\\Praca\\saas\\poshproject\\node_modules\\jest-runtime\\build\\index.js:1022:12)\n    at Runtime.requireModule (C:\\Praca\\saas\\poshproject\\node_modules\\jest-runtime\\build\\index.js:882:12)\n    at jestAdapter (C:\\Praca\\saas\\poshproject\\node_modules\\jest-circus\\build\\legacy-code-todo-rewrite\\jestAdapter.js:77:13)\n    at runTestInternal (C:\\Praca\\saas\\poshproject\\node_modules\\jest-runner\\build\\runTest.js:367:16)\n    at runTest (C:\\Praca\\saas\\poshproject\\node_modules\\jest-runner\\build\\runTest.js:444:34)"],"fullName":"ShareAutomation shareCloset should share items successfully","invocations":1,"location":null,"numPassingAsserts":0,"retryReasons":[],"status":"failed","title":"should share items successfully"},{"ancestorTitles":["ShareAutomation","shareCloset"],"duration":41,"failureDetails":[],"failureMessages":[],"fullName":"ShareAutomation shareCloset should handle sharing errors gracefully","invocations":1,"location":{"column":5,"line":447},"numPassingAsserts":1,"retryReasons":[],"status":"passed","title":"should handle sharing errors gracefully"},{"ancestorTitles":["ShareAutomation","shareCloset"],"duration":39,"failureDetails":[],"failureMessages":[],"fullName":"ShareAutomation shareCloset should handle empty closet","invocations":1,"location":{"column":5,"line":483},"numPassingAsserts":1,"retryReasons":[],"status":"passed","title":"should handle empty closet"},{"ancestorTitles":["ShareAutomation","shareCloset"],"duration":46,"failureDetails":[],"failureMessages":[],"fullName":"ShareAutomation shareCloset should handle sharing errors","invocations":1,"location":{"column":5,"line":513},"numPassingAsserts":1,"retryReasons":[],"status":"passed","title":"should handle sharing errors"},{"ancestorTitles":["ShareAutomation","shareCloset"],"duration":5057,"failureDetails":[{"message":"thrown: \"Exceeded timeout of 5000 ms for a test.\nAdd a timeout value to this test to increase the timeout, if this is a long-running test. See https://jestjs.io/docs/api#testname-fn-timeout.\""}],"failureMessages":["Error: thrown: \"Exceeded timeout of 5000 ms for a test.\nAdd a timeout value to this test to increase the timeout, if this is a long-running test. See https://jestjs.io/docs/api#testname-fn-timeout.\"\n    at C:\\Praca\\saas\\poshproject\\server\\src\\automation\\__tests__\\ShareAutomation.test.ts:547:5\n    at _dispatchDescribe (C:\\Praca\\saas\\poshproject\\node_modules\\jest-circus\\build\\index.js:91:26)\n    at describe (C:\\Praca\\saas\\poshproject\\node_modules\\jest-circus\\build\\index.js:55:5)\n    at C:\\Praca\\saas\\poshproject\\server\\src\\automation\\__tests__\\ShareAutomation.test.ts:357:3\n    at _dispatchDescribe (C:\\Praca\\saas\\poshproject\\node_modules\\jest-circus\\build\\index.js:91:26)\n    at describe (C:\\Praca\\saas\\poshproject\\node_modules\\jest-circus\\build\\index.js:55:5)\n    at Object.<anonymous> (C:\\Praca\\saas\\poshproject\\server\\src\\automation\\__tests__\\ShareAutomation.test.ts:27:1)\n    at Runtime._execModule (C:\\Praca\\saas\\poshproject\\node_modules\\jest-runtime\\build\\index.js:1439:24)\n    at Runtime._loadModule (C:\\Praca\\saas\\poshproject\\node_modules\\jest-runtime\\build\\index.js:1022:12)\n    at Runtime.requireModule (C:\\Praca\\saas\\poshproject\\node_modules\\jest-runtime\\build\\index.js:882:12)\n    at jestAdapter (C:\\Praca\\saas\\poshproject\\node_modules\\jest-circus\\build\\legacy-code-todo-rewrite\\jestAdapter.js:77:13)\n    at runTestInternal (C:\\Praca\\saas\\poshproject\\node_modules\\jest-runner\\build\\runTest.js:367:16)\n    at runTest (C:\\Praca\\saas\\poshproject\\node_modules\\jest-runner\\build\\runTest.js:444:34)"],"fullName":"ShareAutomation shareCloset should respect maxItems limit","invocations":1,"location":null,"numPassingAsserts":0,"retryReasons":[],"status":"failed","title":"should respect maxItems limit"},{"ancestorTitles":["ShareAutomation","shareCloset"],"duration":41,"failureDetails":[],"failureMessages":[],"fullName":"ShareAutomation shareCloset should handle navigation failure to closet","invocations":1,"location":{"column":5,"line":590},"numPassingAsserts":1,"retryReasons":[],"status":"passed","title":"should handle navigation failure to closet"},{"ancestorTitles":["ShareAutomation","shareCloset"],"duration":38,"failureDetails":[],"failureMessages":[],"fullName":"ShareAutomation shareCloset should handle failure to find closet items","invocations":1,"location":{"column":5,"line":614},"numPassingAsserts":1,"retryReasons":[],"status":"passed","title":"should handle failure to find closet items"},{"ancestorTitles":["ShareAutomation","shareCloset"],"duration":45,"failureDetails":[],"failureMessages":[],"fullName":"ShareAutomation shareCloset should handle missing share button","invocations":1,"location":{"column":5,"line":638},"numPassingAsserts":2,"retryReasons":[],"status":"passed","title":"should handle missing share button"},{"ancestorTitles":["ShareAutomation","shareCloset"],"duration":39,"failureDetails":[],"failureMessages":[],"fullName":"ShareAutomation shareCloset should handle not being logged in","invocations":1,"location":{"column":5,"line":680},"numPassingAsserts":1,"retryReasons":[],"status":"passed","title":"should handle not being logged in"},{"ancestorTitles":["ShareAutomation","cleanup"],"duration":39,"failureDetails":[],"failureMessages":[],"fullName":"ShareAutomation cleanup should properly clean up resources","invocations":1,"location":{"column":5,"line":758},"numPassingAsserts":2,"retryReasons":[],"status":"passed","title":"should properly clean up resources"},{"ancestorTitles":["ShareAutomation","cleanup"],"duration":38,"failureDetails":[],"failureMessages":[],"fullName":"ShareAutomation cleanup should handle cleanup errors gracefully","invocations":1,"location":{"column":5,"line":788},"numPassingAsserts":1,"retryReasons":[],"status":"passed","title":"should handle cleanup errors gracefully"},{"ancestorTitles":["ShareAutomation","cleanup"],"duration":39,"failureDetails":[],"failureMessages":[],"fullName":"ShareAutomation cleanup should handle cleanup when resources are already null","invocations":1,"location":{"column":5,"line":809},"numPassingAsserts":2,"retryReasons":[],"status":"passed","title":"should handle cleanup when resources are already null"}],"endTime":1745743032553,"message":"\u001b[1m\u001b[31m  \u001b[1m● \u001b[22m\u001b[1mShareAutomation › shareCloset › should share items successfully\u001b[39m\u001b[22m\n\n    thrown: \"Exceeded timeout of 5000 ms for a test.\n    Add a timeout value to this test to increase the timeout, if this is a long-running test. See https://jestjs.io/docs/api#testname-fn-timeout.\"\n\u001b[2m\u001b[22m\n\u001b[2m    \u001b[0m \u001b[90m 403 |\u001b[39m\u001b[22m\n\u001b[2m     \u001b[90m 404 |\u001b[39m\u001b[22m\n\u001b[2m    \u001b[31m\u001b[1m>\u001b[22m\u001b[2m\u001b[39m\u001b[90m 405 |\u001b[39m     it(\u001b[32m'should share items successfully'\u001b[39m\u001b[33m,\u001b[39m \u001b[36masync\u001b[39m () \u001b[33m=>\u001b[39m {\u001b[22m\n\u001b[2m     \u001b[90m     |\u001b[39m     \u001b[31m\u001b[1m^\u001b[22m\u001b[2m\u001b[39m\u001b[22m\n\u001b[2m     \u001b[90m 406 |\u001b[39m\u001b[22m\n\u001b[2m     \u001b[90m 407 |\u001b[39m\u001b[22m\n\u001b[2m     \u001b[90m 408 |\u001b[39m       \u001b[36mconst\u001b[39m mockItems \u001b[33m=\u001b[39m \u001b[33mArray\u001b[39m(\u001b[35m5\u001b[39m)\u001b[33m.\u001b[39mfill(\u001b[36mnull\u001b[39m)\u001b[33m.\u001b[39mmap(() \u001b[33m=>\u001b[39m ({\u001b[0m\u001b[22m\n\u001b[2m\u001b[22m\n\u001b[2m      \u001b[2mat \u001b[22m\u001b[2m\u001b[0m\u001b[36mserver/src/automation/__tests__/ShareAutomation.test.ts\u001b[39m\u001b[0m\u001b[2m:405:5\u001b[22m\u001b[2m\u001b[22m\n\u001b[2m      \u001b[2mat \u001b[22m\u001b[2m\u001b[0m\u001b[36mserver/src/automation/__tests__/ShareAutomation.test.ts\u001b[39m\u001b[0m\u001b[2m:357:3\u001b[22m\u001b[2m\u001b[22m\n\u001b[2m      \u001b[2mat Object.<anonymous> (\u001b[22m\u001b[2m\u001b[0m\u001b[36mserver/src/automation/__tests__/ShareAutomation.test.ts\u001b[39m\u001b[0m\u001b[2m:27:1)\u001b[22m\u001b[2m\u001b[22m\n\n\u001b[1m\u001b[31m  \u001b[1m● \u001b[22m\u001b[1mShareAutomation › shareCloset › should respect maxItems limit\u001b[39m\u001b[22m\n\n    thrown: \"Exceeded timeout of 5000 ms for a test.\n    Add a timeout value to this test to increase the timeout, if this is a long-running test. See https://jestjs.io/docs/api#testname-fn-timeout.\"\n\u001b[2m\u001b[22m\n\u001b[2m    \u001b[0m \u001b[90m 545 |\u001b[39m\u001b[22m\n\u001b[2m     \u001b[90m 546 |\u001b[39m\u001b[22m\n\u001b[2m    \u001b[31m\u001b[1m>\u001b[22m\u001b[2m\u001b[39m\u001b[90m 547 |\u001b[39m     it(\u001b[32m'should respect maxItems limit'\u001b[39m\u001b[33m,\u001b[39m \u001b[36masync\u001b[39m () \u001b[33m=>\u001b[39m {\u001b[22m\n\u001b[2m     \u001b[90m     |\u001b[39m     \u001b[31m\u001b[1m^\u001b[22m\u001b[2m\u001b[39m\u001b[22m\n\u001b[2m     \u001b[90m 548 |\u001b[39m\u001b[22m\n\u001b[2m     \u001b[90m 549 |\u001b[39m\u001b[22m\n\u001b[2m     \u001b[90m 550 |\u001b[39m       \u001b[36mconst\u001b[39m mockItems \u001b[33m=\u001b[39m \u001b[33mArray\u001b[39m(\u001b[35m6\u001b[39m)\u001b[33m.\u001b[39mfill(\u001b[36mnull\u001b[39m)\u001b[33m.\u001b[39mmap(() \u001b[33m=>\u001b[39m ({\u001b[0m\u001b[22m\n\u001b[2m\u001b[22m\n\u001b[2m      \u001b[2mat \u001b[22m\u001b[2m\u001b[0m\u001b[36mserver/src/automation/__tests__/ShareAutomation.test.ts\u001b[39m\u001b[0m\u001b[2m:547:5\u001b[22m\u001b[2m\u001b[22m\n\u001b[2m      \u001b[2mat \u001b[22m\u001b[2m\u001b[0m\u001b[36mserver/src/automation/__tests__/ShareAutomation.test.ts\u001b[39m\u001b[0m\u001b[2m:357:3\u001b[22m\u001b[2m\u001b[22m\n\u001b[2m      \u001b[2mat Object.<anonymous> (\u001b[22m\u001b[2m\u001b[0m\u001b[36mserver/src/automation/__tests__/ShareAutomation.test.ts\u001b[39m\u001b[0m\u001b[2m:27:1)\u001b[22m\u001b[2m\u001b[22m\n","name":"C:\\Praca\\saas\\poshproject\\server\\src\\automation\\__tests__\\ShareAutomation.test.ts","startTime":1745743020782,"status":"failed","summary":""}],"wasInterrupted":false}
