{"numFailedTestSuites":1,"numFailedTests":1,"numPassedTestSuites":19,"numPassedTests":112,"numPendingTestSuites":0,"numPendingTests":1,"numRuntimeErrorTestSuites":0,"numTodoTests":0,"numTotalTestSuites":20,"numTotalTests":114,"openHandles":[],"snapshot":{"added":0,"didUpdate":false,"failure":false,"filesAdded":0,"filesRemoved":0,"filesRemovedList":[],"filesUnmatched":0,"filesUpdated":0,"matched":0,"total":0,"unchecked":0,"uncheckedKeysByFile":[],"unmatched":0,"updated":0},"startTime":1745757788221,"success":false,"testResults":[{"assertionResults":[{"ancestorTitles":["SettingsPage"],"duration":96,"failureDetails":[{"name":"TestingLibraryElementError"}],"failureMessages":["TestingLibraryElementError: Found multiple elements with the text: /settings/i\n\nHere are the matching elements:\n\nIgnored nodes: comments, script, style\n\u001b[36m<span\u001b[39m\n  \u001b[33mclass\u001b[39m=\u001b[32m\"m_698f4f23 mantine-Alert-label\"\u001b[39m\n  \u001b[33mid\u001b[39m=\u001b[32m\"mantine-yvxtp5y7c-title\"\u001b[39m\n\u001b[36m>\u001b[39m\n  \u001b[0mSettings Onboarding\u001b[0m\n\u001b[36m</span>\u001b[39m\n\nIgnored nodes: comments, script, style\n\u001b[36m<h2\u001b[39m\n  \u001b[33mclass\u001b[39m=\u001b[32m\"m_8a5d1357 mantine-Title-root\"\u001b[39m\n  \u001b[33mdata-order\u001b[39m=\u001b[32m\"2\"\u001b[39m\n  \u001b[33mstyle\u001b[39m=\u001b[32m\"--title-fw: var(--mantine-h2-font-weight); --title-lh: var(--mantine-h2-line-height); --title-fz: var(--mantine-h2-font-size);\"\u001b[39m\n\u001b[36m>\u001b[39m\n  \u001b[0mSettings\u001b[0m\n\u001b[36m</h2>\u001b[39m\n\nIgnored nodes: comments, script, style\n\u001b[36m<p\u001b[39m\n  \u001b[33mclass\u001b[39m=\u001b[32m\"mantine-focus-auto m_b6d8b162 mantine-Text-root\"\u001b[39m\n  \u001b[33mcolor\u001b[39m=\u001b[32m\"dimmed\"\u001b[39m\n  \u001b[33mstyle\u001b[39m=\u001b[32m\"--text-color: var(--mantine-color-dimmed);\"\u001b[39m\n\u001b[36m>\u001b[39m\n  \u001b[0mManage your account settings and preferences\u001b[0m\n\u001b[36m</p>\u001b[39m\n\nIgnored nodes: comments, script, style\n\u001b[36m<h4\u001b[39m\n  \u001b[33mclass\u001b[39m=\u001b[32m\"m_8a5d1357 mantine-Title-root\"\u001b[39m\n  \u001b[33mdata-order\u001b[39m=\u001b[32m\"4\"\u001b[39m\n  \u001b[33mstyle\u001b[39m=\u001b[32m\"--title-fw: var(--mantine-h4-font-weight); --title-lh: var(--mantine-h4-line-height); --title-fz: var(--mantine-h4-font-size);\"\u001b[39m\n\u001b[36m>\u001b[39m\n  \u001b[0mAccount Settings\u001b[0m\n\u001b[36m</h4>\u001b[39m\n\nIgnored nodes: comments, script, style\n\u001b[36m<p\u001b[39m\n  \u001b[33mclass\u001b[39m=\u001b[32m\"mantine-focus-auto m_b6d8b162 mantine-Text-root\"\u001b[39m\n  \u001b[33mcolor\u001b[39m=\u001b[32m\"dimmed\"\u001b[39m\n  \u001b[33mstyle\u001b[39m=\u001b[32m\"--text-color: var(--mantine-color-dimmed);\"\u001b[39m\n\u001b[36m>\u001b[39m\n  \u001b[0mAdd account settings form here.\u001b[0m\n\u001b[36m</p>\u001b[39m\n\nIgnored nodes: comments, script, style\n\u001b[36m<p\u001b[39m\n  \u001b[33mclass\u001b[39m=\u001b[32m\"mantine-focus-auto m_b6d8b162 mantine-Text-root\"\u001b[39m\n  \u001b[33mcolor\u001b[39m=\u001b[32m\"dimmed\"\u001b[39m\n  \u001b[33mstyle\u001b[39m=\u001b[32m\"--text-color: var(--mantine-color-dimmed);\"\u001b[39m\n\u001b[36m>\u001b[39m\n  \u001b[0mAdd automation settings form here.\u001b[0m\n\u001b[36m</p>\u001b[39m\n\nIgnored nodes: comments, script, style\n\u001b[36m<p\u001b[39m\n  \u001b[33mclass\u001b[39m=\u001b[32m\"mantine-focus-auto m_b6d8b162 mantine-Text-root\"\u001b[39m\n  \u001b[33mcolor\u001b[39m=\u001b[32m\"dimmed\"\u001b[39m\n  \u001b[33mstyle\u001b[39m=\u001b[32m\"--text-color: var(--mantine-color-dimmed);\"\u001b[39m\n\u001b[36m>\u001b[39m\n  \u001b[0mAdd notification settings here.\u001b[0m\n\u001b[36m</p>\u001b[39m\n\n(If this is intentional, then use the `*AllBy*` variant of the query (like `queryAllByText`, `getAllByText`, or `findAllByText`)).\n\nIgnored nodes: comments, script, style\n\u001b[36m<body>\u001b[39m\n  \u001b[36m<div>\u001b[39m\n    \u001b[36m<div\u001b[39m\n      \u001b[33mclass\u001b[39m=\u001b[32m\"m_7485cace mantine-Container-root\"\u001b[39m\n      \u001b[33mdata-size\u001b[39m=\u001b[32m\"md\"\u001b[39m\n      \u001b[33mstyle\u001b[39m=\u001b[32m\"--container-size: var(--container-size-md); padding-block: var(--mantine-spacing-xl);\"\u001b[39m\n    \u001b[36m>\u001b[39m\n      \u001b[36m<div\u001b[39m\n        \u001b[33mclass\u001b[39m=\u001b[32m\"m_6d731127 mantine-Stack-root\"\u001b[39m\n        \u001b[33mstyle\u001b[39m=\u001b[32m\"--stack-gap: var(--mantine-spacing-md); --stack-align: stretch; --stack-justify: flex-start;\"\u001b[39m\n      \u001b[36m>\u001b[39m\n        \u001b[36m<div\u001b[39m\n          \u001b[33maria-describedby\u001b[39m=\u001b[32m\"mantine-yvxtp5y7c-body\"\u001b[39m\n          \u001b[33maria-labelledby\u001b[39m=\u001b[32m\"mantine-yvxtp5y7c-title\"\u001b[39m\n          \u001b[33mclass\u001b[39m=\u001b[32m\"m_66836ed3 mantine-Alert-root\"\u001b[39m\n          \u001b[33mdata-variant\u001b[39m=\u001b[32m\"filled\"\u001b[39m\n          \u001b[33mid\u001b[39m=\u001b[32m\"mantine-yvxtp5y7c\"\u001b[39m\n          \u001b[33mrole\u001b[39m=\u001b[32m\"alert\"\u001b[39m\n          \u001b[33mstyle\u001b[39m=\u001b[32m\"--alert-bg: var(--mantine-color-grape-filled); --alert-color: var(--mantine-color-white); --alert-bd: calc(0.0625rem * var(--mantine-scale)) solid transparent;\"\u001b[39m\n        \u001b[36m>\u001b[39m\n          \u001b[36m<div\u001b[39m\n            \u001b[33mclass\u001b[39m=\u001b[32m\"m_a5d60502 mantine-Alert-wrapper\"\u001b[39m\n          \u001b[36m>\u001b[39m\n            \u001b[36m<div\u001b[39m\n              \u001b[33mclass\u001b[39m=\u001b[32m\"m_667c2793 mantine-Alert-body\"\u001b[39m\n            \u001b[36m>\u001b[39m\n              \u001b[36m<div\u001b[39m\n                \u001b[33mclass\u001b[39m=\u001b[32m\"m_6a03f287 mantine-Alert-title\"\u001b[39m\n              \u001b[36m>\u001b[39m\n                \u001b[36m<span\u001b[39m\n                  \u001b[33mclass\u001b[39m=\u001b[32m\"m_698f4f23 mantine-Alert-label\"\u001b[39m\n                  \u001b[33mid\u001b[39m=\u001b[32m\"mantine-yvxtp5y7c-title\"\u001b[39m\n                \u001b[36m>\u001b[39m\n                  \u001b[0mSettings Onboarding\u001b[0m\n                \u001b[36m</span>\u001b[39m\n              \u001b[36m</div>\u001b[39m\n              \u001b[36m<div\u001b[39m\n                \u001b[33mclass\u001b[39m=\u001b[32m\"m_7fa78076 mantine-Alert-message\"\u001b[39m\n                \u001b[33mdata-variant\u001b[39m=\u001b[32m\"filled\"\u001b[39m\n                \u001b[33mid\u001b[39m=\u001b[32m\"mantine-yvxtp5y7c-body\"\u001b[39m\n              \u001b[36m>\u001b[39m\n                \u001b[0mManage your account, automation, and notification preferences here. Changes are saved automatically.\u001b[0m\n              \u001b[36m</div>\u001b[39m\n            \u001b[36m</div>\u001b[39m\n          \u001b[36m</div>\u001b[39m\n        \u001b[36m</div>\u001b[39m\n        \u001b[36m<h2\u001b[39m\n          \u001b[33mclass\u001b[39m=\u001b[32m\"m_8a5d1357 mantine-Title-root\"\u001b[39m\n          \u001b[33mdata-order\u001b[39m=\u001b[32m\"2\"\u001b[39m\n          \u001b[33mstyle\u001b[39m=\u001b[32m\"--title-fw: var(--mantine-h2-font-weight); --title-lh: var(--mantine-h2-line-height); --title-fz: var(--mantine-h2-font-size);\"\u001b[39m\n        \u001b[36m>\u001b[39m\n          \u001b[0mSettings\u001b[0m\n        \u001b[36m</h2>\u001b[39m\n        \u001b[36m<p\u001b[39m\n          \u001b[33mclass\u001b[39m=\u001b[32m\"mantine-focus-auto m_b6d8b162 mantine-Text-root\"\u001b[39m\n          \u001b[33mcolor\u001b[39m=\u001b[32m\"dimmed\"\u001b[39m\n          \u001b[33mstyle\u001b[39m=\u001b[32m\"--text-color: var(--mantine-color-dimmed);\"\u001b[39m\n        \u001b[36m>\u001b[39m\n          \u001b[0mManage your account settings and preferences\u001b[0m\n        \u001b[36m</p>\u001b[39m\n        \u001b[36m<div\u001b[39m\n          \u001b[33mclass\u001b[39m=\u001b[32m\"m_89d60db1 mantine-Tabs-root\"\u001b[39m\n          \u001b[33mdata-orientation\u001b[39m=\u001b[32m\"horizontal\"\u001b[39m\n          \u001b[33mdata-variant\u001b[39m=\u001b[32m\"outline\"\u001b[39m\n          \u001b[33mid\u001b[39m=\u001b[32m\"mantine-52dhburpi\"\u001b[39m\n          \u001b[33mstyle\u001b[39m=\u001b[32m\"--tabs-radius: var(--mantine-radius-md); --tabs-color: var(--mantine-color-blue-filled);\"\u001b[39m\n        \u001b[36m>\u001b[39m\n          \u001b[36m<div\u001b[39m\n            \u001b[33maria-orientation\u001b[39m=\u001b[32m\"horizontal\"\u001b[39m\n            \u001b[33mclass\u001b[39m=\u001b[32m\"m_6772fbd5 m_89d33d6d mantine-Tabs-list\"\u001b[39m\n            \u001b[33mdata-orientation\u001b[39m=\u001b[32m\"horizontal\"\u001b[39m\n            \u001b[33mdata-variant\u001b[39m=\u001b[32m\"outline\"\u001b[39m\n            \u001b[33mrole\u001b[39m=\u001b[32m\"tablist\"\u001b[39m\n          \u001b[36m>\u001b[39m\n            \u001b[36m<button\u001b[39m\n              \u001b[33maria-controls\u001b[39m=\u001b[32m\"mantine-52dhburpi-panel-account\"\u001b[39m\n              \u001b[33maria-selected\u001b[39m=\u001b[32m\"true\"\u001b[39m\n              \u001b[33mclass\u001b[39m=\u001b[32m\"mantine-focus-auto m_b59ab47c m_4ec4dce6 mantine-Tabs-tab m_87cf2631 mantine-UnstyledButton-root\"\u001b[39m\n              \u001b[33mdata-active\u001b[39m=\u001b[32m\"true\"\u001b[39m\n              \u001b[33mdata-orientation\u001b[39m=\u001b[32m\"horizontal\"\u001b[39m\n              \u001b[33mdata-variant\u001b[39m=\u001b[32m\"outline\"\u001b[39m\n              \u001b[33mid\u001b[39m=\u001b[32m\"mantine-52dhburpi-tab-account\"\u001b[39m\n              \u001b[33mrole\u001b[39m=\u001b[32m\"tab\"\u001b[39m\n              \u001b[33mtabindex\u001b[39m=\u001b[32m\"0\"\u001b[39m\n              \u001b[33mtype\u001b[39m=\u001b[32m\"button\"\u001b[39m\n            \u001b[36m>\u001b[39m\n              \u001b[36m<span\u001b[39m\n                \u001b[33mclass\u001b[39m=\u001b[32m\"mantine-Tabs-tabLabel\"\u001b[39m\n              \u001b[36m>\u001b[39m\n                \u001b[0mAccount\u001b[0m\n              \u001b[36m</span>\u001b[39m\n            \u001b[36m</button>\u001b[39m\n            \u001b[36m<button\u001b[39m\n              \u001b[33maria-controls\u001b[39m=\u001b[32m\"mantine-52dhburpi-panel-automation\"\u001b[39m\n              \u001b[33maria-selected\u001b[39m=\u001b[32m\"false\"\u001b[39m\n              \u001b[33mclass\u001b[39m=\u001b[32m\"mantine-focus-auto m_b59ab47c m_4ec4dce6 mantine-Tabs-tab m_87cf2631 mantine-UnstyledButton-root\"\u001b[39m\n              \u001b[33mdata-orientation\u001b[39m=\u001b[32m\"horizontal\"\u001b[39m\n              \u001b[33mdata-variant\u001b[39m=\u001b[32m\"outline\"\u001b[39m\n              \u001b[33mid\u001b[39m=\u001b[32m\"mantine-52dhburpi-tab-automation\"\u001b[39m\n              \u001b[33mrole\u001b[39m=\u001b[32m\"tab\"\u001b[39m\n              \u001b[33mtabindex\u001b[39m=\u001b[32m\"-1\"\u001b[39m\n              \u001b[33mtype\u001b[39m=\u001b[32m\"button\"\u001b[39m\n            \u001b[36m>\u001b[39m\n              \u001b[36m<span\u001b[39m\n                \u001b[33mclass\u001b[39m=\u001b[32m\"mantine-Tabs-tabLabel\"\u001b[39m\n              \u001b[36m>\u001b[39m\n                \u001b[0mAutomation\u001b[0m\n              \u001b[36m</span>\u001b[39m\n            \u001b[36m</button>\u001b[39m\n            \u001b[36m<button\u001b[39m\n              \u001b[33maria-controls\u001b[39m=\u001b[32m\"mantine-52dhburpi-panel-notifications\"\u001b[39m\n              \u001b[33maria-selected\u001b[39m=\u001b[32m\"false\"\u001b[39m\n              \u001b[33mclass\u001b[39m=\u001b[32m\"mantine-focus-auto m_b59ab47c m_4ec4dce6 mantine-Tabs-tab m_87cf2631 mantine-UnstyledButton-root\"\u001b[39m\n              \u001b[33mdata-orientation\u001b[39m=\u001b[32m\"horizontal\"\u001b[39m\n              \u001b[33mdata-variant\u001b[39m=\u001b[32m\"outline\"\u001b[39m\n              \u001b[33mid\u001b[39m=\u001b[32m\"mantine-52dhburpi-tab-notifications\"\u001b[39m\n              \u001b[33mrole\u001b[39m=\u001b[32m\"tab\"\u001b[39m\n              \u001b[33mtabindex\u001b[39m=\u001b[32m\"-1\"\u001b[39m\n              \u001b[33mtype\u001b[39m=\u001b[32m\"button\"\u001b[39m\n            \u001b[36m>\u001b[39m\n              \u001b[36m<span\u001b[39m\n                \u001b[33mclass\u001b[39m=\u001b[32m\"mantine-Tabs-tabLabel\"\u001b[39m\n              \u001b[36m>\u001b[39m\n                \u001b[0mNotifications\u001b[0m\n              \u001b[36m</span>\u001b[39m\n            \u001b[36m</button>\u001b[39m\n          \u001b[36m</div>\u001b[39m\n          \u001b[36m<div\u001b[39m\n            \u001b[33maria-labelledby\u001b[39m=\u001b[32m\"mantine-52dhburpi-tab-account\"\u001b[39m\n            \u001b[33mclass\u001b[39m=\u001b[32m\"m_b0c91715 mantine-Tabs-panel\"\u001b[39m\n            \u001b[33mdata-orientation\u001b[39m=\u001b[32m\"horizontal\"\u001b[39m\n            \u001b[33mid\u001b[39m=\u001b[32m\"mantine-52dhburpi-panel-account\"\u001b[39m\n            \u001b[33mrole\u001b[39m=\u001b[32m\"tabpanel\"\u001b[39m\n          \u001b[36m>\u001b[39m\n            \u001b[36m<div\u001b[39m\n              \u001b[33mclass\u001b[39m=\u001b[32m\"m_e615b15f mantine-Card-root m_1b7284a3 mantine-Paper-root\"\u001b[39m\n              \u001b[33mdata-with-border\u001b[39m=\u001b[32m\"true\"\u001b[39m\n            \u001b[36m>\u001b[39m\n              \u001b[36m<h4\u001b[39m\n                \u001b[33mclass\u001b[39m=\u001b[32m\"m_8a5d1357 mantine-Title-root\"\u001b[39m\n                \u001b[33mdata-order\u001b[39m=\u001b[32m\"4\"\u001b[39m\n                \u001b[33mstyle\u001b[39m=\u001b[32m\"--title-fw: var(--mantine-h4-font-weight); --title-lh: var(--mantine-h4-line-height); --title-fz: var(--mantine-h4-font-size);\"\u001b[39m\n              \u001b[36m>\u001b[39m\n                \u001b[0mAccount Settings\u001b[0m\n              \u001b[36m</h4>\u001b[39m\n              \u001b[36m<p\u001b[39m\n                \u001b[33mclass\u001b[39m=\u001b[32m\"mantine-focus-auto m_b6d8b162 mantine-Text-root\"\u001b[39m\n                \u001b[33mcolor\u001b[39m=\u001b[32m\"dimmed\"\u001b[39m\n                \u001b[33mstyle\u001b[39m=\u001b[32m\"--text-color: var(--mantine-color-dimmed);\"\u001b[39m\n              \u001b[36m>\u001b[39m\n                \u001b[0mAdd account settings form here.\u001b[0m\n              \u001b[36m</p>\u001b[39m\n            \u001b[36m</div>\u001b[39m\n          \u001b[36m</div>\u001b[39m\n          \u001b[36m<div\u001b[39m\n            \u001b[33maria-labelledby\u001b[39m=\u001b[32m\"mantine-52dhburpi-tab-automation\"\u001b[39m\n            \u001b[33mclass\u001b[39m=\u001b[32m\"m_b0c91715 mantine-Tabs-panel\"\u001b[39m\n            \u001b[33mdata-orientation\u001b[39m=\u001b[32m\"horizontal\"\u001b[39m\n            \u001b[33mid\u001b[39m=\u001b[32m\"mantine-52dhburpi-panel-automation\"\u001b[39m\n            \u001b[33mrole\u001b[39m=\u001b[32m\"tabpanel\"\u001b[39m\n            \u001b[33mstyle\u001b[39m=\u001b[32m\"display: none;\"\u001b[39m\n          \u001b[36m>\u001b[39m\n            \u001b[36m<div\u001b[39m\n              \u001b[33mclass\u001b[39m=\u001b[32m\"m_e615b15f mantine-Card-root m_1b7284a3 mantine-Paper-root\"\u001b[39m\n              \u001b[33mdata-with-border\u001b[39m=\u001b[32m\"true\"\u001b[39m\n            \u001b[36m>\u001b[39m\n              \u001b[36m<h4\u001b[39m\n                \u001b[33mclass\u001b[39m=\u001b[32m\"m_8a5d1357 mantine-Title-root\"\u001b[39m\n                \u001b[33mdata-order\u001b[39m=\u001b[32m\"4\"\u001b[39m\n                \u001b[33mstyle\u001b[39m=\u001b[32m\"--title-fw: var(--mantine-h4-font-weight); --title-lh: var(--mantine-h4-line-height); --title-fz: var(--mantine-h4-font-size);\"\u001b[39m\n              \u001b[36m>\u001b[39m\n                \u001b[0mAutomation Preferences\u001b[0m\n              \u001b[36m</h4>\u001b[39m\n              \u001b[36m<p\u001b[39m\n                \u001b[33mclass\u001b[39m=\u001b[32m\"mantine-focus-auto m_b6d8b162 mantine-Text-root\"\u001b[39m\n                \u001b[33mcolor\u001b[39m=\u001b[32m\"dimmed\"\u001b[39m\n                \u001b[33mstyle\u001b[39m=\u001b[32m\"--text-color: var(--mantine-color-dimmed);\"\u001b[39m\n              \u001b[36m>\u001b[39m\n                \u001b[0mAdd automation settings form here.\u001b[0m\n              \u001b[36m</p>\u001b[39m\n            \u001b[36m</div>\u001b[39m\n          \u001b[36m</div>\u001b[39m\n          \u001b[36m<div\u001b[39m\n            \u001b[33maria-labelledby\u001b[39m=\u001b[32m\"mantine-52dhburpi-tab-notifications\"\u001b[39m\n            \u001b[33mclass\u001b[39m=\u001b[32m\"m_b0c91715 mantine-Tabs-panel\"\u001b[39m\n            \u001b[33mdata-orientation\u001b[39m=\u001b[32m\"horizontal\"\u001b[39m\n            \u001b[33mid\u001b[39m=\u001b[32m\"mantine-52dhburpi-panel-notifications\"\u001b[39m\n            \u001b[33mrole\u001b[39m=\u001b[32m\"tabpanel\"\u001b[39m\n            \u001b[33mstyle\u001b[39m=\u001b[32m\"display: none;\"\u001b[39m\n          \u001b[36m>\u001b[39m\n            \u001b[36m<div\u001b[39m\n              \u001b[33mclass\u001b[39m=\u001b[32m\"m_e615b15f mantine-Card-root m_1b7284a3 mantine-Paper-root\"\u001b[39m\n              \u001b[33mdata-with-border\u001b[39m=\u001b[32m\"true\"\u001b[39m\n            \u001b[36m>\u001b[39m\n              \u001b[36m<h4\u001b[39m\n                \u001b[33mclass\u001b[39m=\u001b[32m\"m_8a5d1357 mantine-Title-root\"\u001b[39m\n                \u001b[33mdata-order\u001b[39m=\u001b[32m\"4\"\u001b[39m\n                \u001b[33mstyle\u001b[39m=\u001b[32m\"--title-fw: var(--mantine-h4-font-weight); --title-lh: var(--mantine-h4-line-height); --title-fz: var(--mantine-h4-font-size);\"\u001b[39m\n              \u001b[36m>\u001b[39m\n                \u001b[0mNotifications\u001b[0m\n              \u001b[36m</h4>\u001b[39m\n              \u001b[36m<p\u001b[39m\n                \u001b[33mclass\u001b[39m=\u001b[32m\"mantine-focus-auto m_b6d8b162 mantine-Text-root\"\u001b[39m\n                \u001b[33mcolor\u001b[39m=\u001b[32m\"dimmed\"\u001b[39m\n                \u001b[33mstyle\u001b[39m=\u001b[32m\"--text-color: var(--mantine-color-dimmed);\"\u001b[39m\n              \u001b[36m>\u001b[39m\n                \u001b[0mAdd notification settings here.\u001b[0m\n              \u001b[36m</p>\u001b[39m\n            \u001b[36m</div>\u001b[39m\n          \u001b[36m</div>\u001b[39m\n        \u001b[36m</div>\u001b[39m\n      \u001b[36m</div>\u001b[39m\n    \u001b[36m</div>\u001b[39m\n  \u001b[36m</div>\u001b[39m\n\u001b[36m</body>\u001b[39m\n    at Object.getElementError (C:\\Praca\\saas\\poshproject\\node_modules\\@testing-library\\dom\\dist\\config.js:37:19)\n    at getElementError (C:\\Praca\\saas\\poshproject\\node_modules\\@testing-library\\dom\\dist\\query-helpers.js:20:35)\n    at getMultipleElementsFoundError (C:\\Praca\\saas\\poshproject\\node_modules\\@testing-library\\dom\\dist\\query-helpers.js:23:10)\n    at C:\\Praca\\saas\\poshproject\\node_modules\\@testing-library\\dom\\dist\\query-helpers.js:55:13\n    at C:\\Praca\\saas\\poshproject\\node_modules\\@testing-library\\dom\\dist\\query-helpers.js:95:19\n    at Object.<anonymous> (C:\\Praca\\saas\\poshproject\\src\\pages\\app\\__tests__\\settings.test.tsx:58:19)\n    at Promise.then.completed (C:\\Praca\\saas\\poshproject\\node_modules\\jest-circus\\build\\utils.js:298:28)\n    at new Promise (<anonymous>)\n    at callAsyncCircusFn (C:\\Praca\\saas\\poshproject\\node_modules\\jest-circus\\build\\utils.js:231:10)\n    at _callCircusTest (C:\\Praca\\saas\\poshproject\\node_modules\\jest-circus\\build\\run.js:316:40)\n    at _runTest (C:\\Praca\\saas\\poshproject\\node_modules\\jest-circus\\build\\run.js:252:3)\n    at _runTestsForDescribeBlock (C:\\Praca\\saas\\poshproject\\node_modules\\jest-circus\\build\\run.js:126:9)\n    at _runTestsForDescribeBlock (C:\\Praca\\saas\\poshproject\\node_modules\\jest-circus\\build\\run.js:121:9)\n    at run (C:\\Praca\\saas\\poshproject\\node_modules\\jest-circus\\build\\run.js:71:3)\n    at runAndTransformResultsToJestFormat (C:\\Praca\\saas\\poshproject\\node_modules\\jest-circus\\build\\legacy-code-todo-rewrite\\jestAdapterInit.js:122:21)\n    at jestAdapter (C:\\Praca\\saas\\poshproject\\node_modules\\jest-circus\\build\\legacy-code-todo-rewrite\\jestAdapter.js:79:19)\n    at runTestInternal (C:\\Praca\\saas\\poshproject\\node_modules\\jest-runner\\build\\runTest.js:367:16)\n    at runTest (C:\\Praca\\saas\\poshproject\\node_modules\\jest-runner\\build\\runTest.js:444:34)"],"fullName":"SettingsPage renders settings page","invocations":1,"location":null,"numPassingAsserts":0,"retryReasons":[],"status":"failed","title":"renders settings page"}],"endTime":1745757791507,"message":"\u001b[1m\u001b[31m  \u001b[1m● \u001b[22m\u001b[1mSettingsPage › renders settings page\u001b[39m\u001b[22m\n\n    TestingLibraryElementError: Found multiple elements with the text: /settings/i\n\n    Here are the matching elements:\n\n    Ignored nodes: comments, script, style\n    \u001b[36m<span\u001b[39m\n      \u001b[33mclass\u001b[39m=\u001b[32m\"m_698f4f23 mantine-Alert-label\"\u001b[39m\n      \u001b[33mid\u001b[39m=\u001b[32m\"mantine-yvxtp5y7c-title\"\u001b[39m\n    \u001b[36m>\u001b[39m\n      \u001b[0mSettings Onboarding\u001b[0m\n    \u001b[36m</span>\u001b[39m\n\n    Ignored nodes: comments, script, style\n    \u001b[36m<h2\u001b[39m\n      \u001b[33mclass\u001b[39m=\u001b[32m\"m_8a5d1357 mantine-Title-root\"\u001b[39m\n      \u001b[33mdata-order\u001b[39m=\u001b[32m\"2\"\u001b[39m\n      \u001b[33mstyle\u001b[39m=\u001b[32m\"--title-fw: var(--mantine-h2-font-weight); --title-lh: var(--mantine-h2-line-height); --title-fz: var(--mantine-h2-font-size);\"\u001b[39m\n    \u001b[36m>\u001b[39m\n      \u001b[0mSettings\u001b[0m\n    \u001b[36m</h2>\u001b[39m\n\n    Ignored nodes: comments, script, style\n    \u001b[36m<p\u001b[39m\n      \u001b[33mclass\u001b[39m=\u001b[32m\"mantine-focus-auto m_b6d8b162 mantine-Text-root\"\u001b[39m\n      \u001b[33mcolor\u001b[39m=\u001b[32m\"dimmed\"\u001b[39m\n      \u001b[33mstyle\u001b[39m=\u001b[32m\"--text-color: var(--mantine-color-dimmed);\"\u001b[39m\n    \u001b[36m>\u001b[39m\n      \u001b[0mManage your account settings and preferences\u001b[0m\n    \u001b[36m</p>\u001b[39m\n\n    Ignored nodes: comments, script, style\n    \u001b[36m<h4\u001b[39m\n      \u001b[33mclass\u001b[39m=\u001b[32m\"m_8a5d1357 mantine-Title-root\"\u001b[39m\n      \u001b[33mdata-order\u001b[39m=\u001b[32m\"4\"\u001b[39m\n      \u001b[33mstyle\u001b[39m=\u001b[32m\"--title-fw: var(--mantine-h4-font-weight); --title-lh: var(--mantine-h4-line-height); --title-fz: var(--mantine-h4-font-size);\"\u001b[39m\n    \u001b[36m>\u001b[39m\n      \u001b[0mAccount Settings\u001b[0m\n    \u001b[36m</h4>\u001b[39m\n\n    Ignored nodes: comments, script, style\n    \u001b[36m<p\u001b[39m\n      \u001b[33mclass\u001b[39m=\u001b[32m\"mantine-focus-auto m_b6d8b162 mantine-Text-root\"\u001b[39m\n      \u001b[33mcolor\u001b[39m=\u001b[32m\"dimmed\"\u001b[39m\n      \u001b[33mstyle\u001b[39m=\u001b[32m\"--text-color: var(--mantine-color-dimmed);\"\u001b[39m\n    \u001b[36m>\u001b[39m\n      \u001b[0mAdd account settings form here.\u001b[0m\n    \u001b[36m</p>\u001b[39m\n\n    Ignored nodes: comments, script, style\n    \u001b[36m<p\u001b[39m\n      \u001b[33mclass\u001b[39m=\u001b[32m\"mantine-focus-auto m_b6d8b162 mantine-Text-root\"\u001b[39m\n      \u001b[33mcolor\u001b[39m=\u001b[32m\"dimmed\"\u001b[39m\n      \u001b[33mstyle\u001b[39m=\u001b[32m\"--text-color: var(--mantine-color-dimmed);\"\u001b[39m\n    \u001b[36m>\u001b[39m\n      \u001b[0mAdd automation settings form here.\u001b[0m\n    \u001b[36m</p>\u001b[39m\n\n    Ignored nodes: comments, script, style\n    \u001b[36m<p\u001b[39m\n      \u001b[33mclass\u001b[39m=\u001b[32m\"mantine-focus-auto m_b6d8b162 mantine-Text-root\"\u001b[39m\n      \u001b[33mcolor\u001b[39m=\u001b[32m\"dimmed\"\u001b[39m\n      \u001b[33mstyle\u001b[39m=\u001b[32m\"--text-color: var(--mantine-color-dimmed);\"\u001b[39m\n    \u001b[36m>\u001b[39m\n      \u001b[0mAdd notification settings here.\u001b[0m\n    \u001b[36m</p>\u001b[39m\n\n    (If this is intentional, then use the `*AllBy*` variant of the query (like `queryAllByText`, `getAllByText`, or `findAllByText`)).\n\n    Ignored nodes: comments, script, style\n    \u001b[36m<body>\u001b[39m\n      \u001b[36m<div>\u001b[39m\n        \u001b[36m<div\u001b[39m\n          \u001b[33mclass\u001b[39m=\u001b[32m\"m_7485cace mantine-Container-root\"\u001b[39m\n          \u001b[33mdata-size\u001b[39m=\u001b[32m\"md\"\u001b[39m\n          \u001b[33mstyle\u001b[39m=\u001b[32m\"--container-size: var(--container-size-md); padding-block: var(--mantine-spacing-xl);\"\u001b[39m\n        \u001b[36m>\u001b[39m\n          \u001b[36m<div\u001b[39m\n            \u001b[33mclass\u001b[39m=\u001b[32m\"m_6d731127 mantine-Stack-root\"\u001b[39m\n            \u001b[33mstyle\u001b[39m=\u001b[32m\"--stack-gap: var(--mantine-spacing-md); --stack-align: stretch; --stack-justify: flex-start;\"\u001b[39m\n          \u001b[36m>\u001b[39m\n            \u001b[36m<div\u001b[39m\n              \u001b[33maria-describedby\u001b[39m=\u001b[32m\"mantine-yvxtp5y7c-body\"\u001b[39m\n              \u001b[33maria-labelledby\u001b[39m=\u001b[32m\"mantine-yvxtp5y7c-title\"\u001b[39m\n              \u001b[33mclass\u001b[39m=\u001b[32m\"m_66836ed3 mantine-Alert-root\"\u001b[39m\n              \u001b[33mdata-variant\u001b[39m=\u001b[32m\"filled\"\u001b[39m\n              \u001b[33mid\u001b[39m=\u001b[32m\"mantine-yvxtp5y7c\"\u001b[39m\n              \u001b[33mrole\u001b[39m=\u001b[32m\"alert\"\u001b[39m\n              \u001b[33mstyle\u001b[39m=\u001b[32m\"--alert-bg: var(--mantine-color-grape-filled); --alert-color: var(--mantine-color-white); --alert-bd: calc(0.0625rem * var(--mantine-scale)) solid transparent;\"\u001b[39m\n            \u001b[36m>\u001b[39m\n              \u001b[36m<div\u001b[39m\n                \u001b[33mclass\u001b[39m=\u001b[32m\"m_a5d60502 mantine-Alert-wrapper\"\u001b[39m\n              \u001b[36m>\u001b[39m\n                \u001b[36m<div\u001b[39m\n                  \u001b[33mclass\u001b[39m=\u001b[32m\"m_667c2793 mantine-Alert-body\"\u001b[39m\n                \u001b[36m>\u001b[39m\n                  \u001b[36m<div\u001b[39m\n                    \u001b[33mclass\u001b[39m=\u001b[32m\"m_6a03f287 mantine-Alert-title\"\u001b[39m\n                  \u001b[36m>\u001b[39m\n                    \u001b[36m<span\u001b[39m\n                      \u001b[33mclass\u001b[39m=\u001b[32m\"m_698f4f23 mantine-Alert-label\"\u001b[39m\n                      \u001b[33mid\u001b[39m=\u001b[32m\"mantine-yvxtp5y7c-title\"\u001b[39m\n                    \u001b[36m>\u001b[39m\n                      \u001b[0mSettings Onboarding\u001b[0m\n                    \u001b[36m</span>\u001b[39m\n                  \u001b[36m</div>\u001b[39m\n                  \u001b[36m<div\u001b[39m\n                    \u001b[33mclass\u001b[39m=\u001b[32m\"m_7fa78076 mantine-Alert-message\"\u001b[39m\n                    \u001b[33mdata-variant\u001b[39m=\u001b[32m\"filled\"\u001b[39m\n                    \u001b[33mid\u001b[39m=\u001b[32m\"mantine-yvxtp5y7c-body\"\u001b[39m\n                  \u001b[36m>\u001b[39m\n                    \u001b[0mManage your account, automation, and notification preferences here. Changes are saved automatically.\u001b[0m\n                  \u001b[36m</div>\u001b[39m\n                \u001b[36m</div>\u001b[39m\n              \u001b[36m</div>\u001b[39m\n            \u001b[36m</div>\u001b[39m\n            \u001b[36m<h2\u001b[39m\n              \u001b[33mclass\u001b[39m=\u001b[32m\"m_8a5d1357 mantine-Title-root\"\u001b[39m\n              \u001b[33mdata-order\u001b[39m=\u001b[32m\"2\"\u001b[39m\n              \u001b[33mstyle\u001b[39m=\u001b[32m\"--title-fw: var(--mantine-h2-font-weight); --title-lh: var(--mantine-h2-line-height); --title-fz: var(--mantine-h2-font-size);\"\u001b[39m\n            \u001b[36m>\u001b[39m\n              \u001b[0mSettings\u001b[0m\n            \u001b[36m</h2>\u001b[39m\n            \u001b[36m<p\u001b[39m\n              \u001b[33mclass\u001b[39m=\u001b[32m\"mantine-focus-auto m_b6d8b162 mantine-Text-root\"\u001b[39m\n              \u001b[33mcolor\u001b[39m=\u001b[32m\"dimmed\"\u001b[39m\n              \u001b[33mstyle\u001b[39m=\u001b[32m\"--text-color: var(--mantine-color-dimmed);\"\u001b[39m\n            \u001b[36m>\u001b[39m\n              \u001b[0mManage your account settings and preferences\u001b[0m\n            \u001b[36m</p>\u001b[39m\n            \u001b[36m<div\u001b[39m\n              \u001b[33mclass\u001b[39m=\u001b[32m\"m_89d60db1 mantine-Tabs-root\"\u001b[39m\n              \u001b[33mdata-orientation\u001b[39m=\u001b[32m\"horizontal\"\u001b[39m\n              \u001b[33mdata-variant\u001b[39m=\u001b[32m\"outline\"\u001b[39m\n              \u001b[33mid\u001b[39m=\u001b[32m\"mantine-52dhburpi\"\u001b[39m\n              \u001b[33mstyle\u001b[39m=\u001b[32m\"--tabs-radius: var(--mantine-radius-md); --tabs-color: var(--mantine-color-blue-filled);\"\u001b[39m\n            \u001b[36m>\u001b[39m\n              \u001b[36m<div\u001b[39m\n                \u001b[33maria-orientation\u001b[39m=\u001b[32m\"horizontal\"\u001b[39m\n                \u001b[33mclass\u001b[39m=\u001b[32m\"m_6772fbd5 m_89d33d6d mantine-Tabs-list\"\u001b[39m\n                \u001b[33mdata-orientation\u001b[39m=\u001b[32m\"horizontal\"\u001b[39m\n                \u001b[33mdata-variant\u001b[39m=\u001b[32m\"outline\"\u001b[39m\n                \u001b[33mrole\u001b[39m=\u001b[32m\"tablist\"\u001b[39m\n              \u001b[36m>\u001b[39m\n                \u001b[36m<button\u001b[39m\n                  \u001b[33maria-controls\u001b[39m=\u001b[32m\"mantine-52dhburpi-panel-account\"\u001b[39m\n                  \u001b[33maria-selected\u001b[39m=\u001b[32m\"true\"\u001b[39m\n                  \u001b[33mclass\u001b[39m=\u001b[32m\"mantine-focus-auto m_b59ab47c m_4ec4dce6 mantine-Tabs-tab m_87cf2631 mantine-UnstyledButton-root\"\u001b[39m\n                  \u001b[33mdata-active\u001b[39m=\u001b[32m\"true\"\u001b[39m\n                  \u001b[33mdata-orientation\u001b[39m=\u001b[32m\"horizontal\"\u001b[39m\n                  \u001b[33mdata-variant\u001b[39m=\u001b[32m\"outline\"\u001b[39m\n                  \u001b[33mid\u001b[39m=\u001b[32m\"mantine-52dhburpi-tab-account\"\u001b[39m\n                  \u001b[33mrole\u001b[39m=\u001b[32m\"tab\"\u001b[39m\n                  \u001b[33mtabindex\u001b[39m=\u001b[32m\"0\"\u001b[39m\n                  \u001b[33mtype\u001b[39m=\u001b[32m\"button\"\u001b[39m\n                \u001b[36m>\u001b[39m\n                  \u001b[36m<span\u001b[39m\n                    \u001b[33mclass\u001b[39m=\u001b[32m\"mantine-Tabs-tabLabel\"\u001b[39m\n                  \u001b[36m>\u001b[39m\n                    \u001b[0mAccount\u001b[0m\n                  \u001b[36m</span>\u001b[39m\n                \u001b[36m</button>\u001b[39m\n                \u001b[36m<button\u001b[39m\n                  \u001b[33maria-controls\u001b[39m=\u001b[32m\"mantine-52dhburpi-panel-automation\"\u001b[39m\n                  \u001b[33maria-selected\u001b[39m=\u001b[32m\"false\"\u001b[39m\n                  \u001b[33mclass\u001b[39m=\u001b[32m\"mantine-focus-auto m_b59ab47c m_4ec4dce6 mantine-Tabs-tab m_87cf2631 mantine-UnstyledButton-root\"\u001b[39m\n                  \u001b[33mdata-orientation\u001b[39m=\u001b[32m\"horizontal\"\u001b[39m\n                  \u001b[33mdata-variant\u001b[39m=\u001b[32m\"outline\"\u001b[39m\n                  \u001b[33mid\u001b[39m=\u001b[32m\"mantine-52dhburpi-tab-automation\"\u001b[39m\n                  \u001b[33mrole\u001b[39m=\u001b[32m\"tab\"\u001b[39m\n                  \u001b[33mtabindex\u001b[39m=\u001b[32m\"-1\"\u001b[39m\n                  \u001b[33mtype\u001b[39m=\u001b[32m\"button\"\u001b[39m\n                \u001b[36m>\u001b[39m\n                  \u001b[36m<span\u001b[39m\n                    \u001b[33mclass\u001b[39m=\u001b[32m\"mantine-Tabs-tabLabel\"\u001b[39m\n                  \u001b[36m>\u001b[39m\n                    \u001b[0mAutomation\u001b[0m\n                  \u001b[36m</span>\u001b[39m\n                \u001b[36m</button>\u001b[39m\n                \u001b[36m<button\u001b[39m\n                  \u001b[33maria-controls\u001b[39m=\u001b[32m\"mantine-52dhburpi-panel-notifications\"\u001b[39m\n                  \u001b[33maria-selected\u001b[39m=\u001b[32m\"false\"\u001b[39m\n                  \u001b[33mclass\u001b[39m=\u001b[32m\"mantine-focus-auto m_b59ab47c m_4ec4dce6 mantine-Tabs-tab m_87cf2631 mantine-UnstyledButton-root\"\u001b[39m\n                  \u001b[33mdata-orientation\u001b[39m=\u001b[32m\"horizontal\"\u001b[39m\n                  \u001b[33mdata-variant\u001b[39m=\u001b[32m\"outline\"\u001b[39m\n                  \u001b[33mid\u001b[39m=\u001b[32m\"mantine-52dhburpi-tab-notifications\"\u001b[39m\n                  \u001b[33mrole\u001b[39m=\u001b[32m\"tab\"\u001b[39m\n                  \u001b[33mtabindex\u001b[39m=\u001b[32m\"-1\"\u001b[39m\n                  \u001b[33mtype\u001b[39m=\u001b[32m\"button\"\u001b[39m\n                \u001b[36m>\u001b[39m\n                  \u001b[36m<span\u001b[39m\n                    \u001b[33mclass\u001b[39m=\u001b[32m\"mantine-Tabs-tabLabel\"\u001b[39m\n                  \u001b[36m>\u001b[39m\n                    \u001b[0mNotifications\u001b[0m\n                  \u001b[36m</span>\u001b[39m\n                \u001b[36m</button>\u001b[39m\n              \u001b[36m</div>\u001b[39m\n              \u001b[36m<div\u001b[39m\n                \u001b[33maria-labelledby\u001b[39m=\u001b[32m\"mantine-52dhburpi-tab-account\"\u001b[39m\n                \u001b[33mclass\u001b[39m=\u001b[32m\"m_b0c91715 mantine-Tabs-panel\"\u001b[39m\n                \u001b[33mdata-orientation\u001b[39m=\u001b[32m\"horizontal\"\u001b[39m\n                \u001b[33mid\u001b[39m=\u001b[32m\"mantine-52dhburpi-panel-account\"\u001b[39m\n                \u001b[33mrole\u001b[39m=\u001b[32m\"tabpanel\"\u001b[39m\n              \u001b[36m>\u001b[39m\n                \u001b[36m<div\u001b[39m\n                  \u001b[33mclass\u001b[39m=\u001b[32m\"m_e615b15f mantine-Card-root m_1b7284a3 mantine-Paper-root\"\u001b[39m\n                  \u001b[33mdata-with-border\u001b[39m=\u001b[32m\"true\"\u001b[39m\n                \u001b[36m>\u001b[39m\n                  \u001b[36m<h4\u001b[39m\n                    \u001b[33mclass\u001b[39m=\u001b[32m\"m_8a5d1357 mantine-Title-root\"\u001b[39m\n                    \u001b[33mdata-order\u001b[39m=\u001b[32m\"4\"\u001b[39m\n                    \u001b[33mstyle\u001b[39m=\u001b[32m\"--title-fw: var(--mantine-h4-font-weight); --title-lh: var(--mantine-h4-line-height); --title-fz: var(--mantine-h4-font-size);\"\u001b[39m\n                  \u001b[36m>\u001b[39m\n                    \u001b[0mAccount Settings\u001b[0m\n                  \u001b[36m</h4>\u001b[39m\n                  \u001b[36m<p\u001b[39m\n                    \u001b[33mclass\u001b[39m=\u001b[32m\"mantine-focus-auto m_b6d8b162 mantine-Text-root\"\u001b[39m\n                    \u001b[33mcolor\u001b[39m=\u001b[32m\"dimmed\"\u001b[39m\n                    \u001b[33mstyle\u001b[39m=\u001b[32m\"--text-color: var(--mantine-color-dimmed);\"\u001b[39m\n                  \u001b[36m>\u001b[39m\n                    \u001b[0mAdd account settings form here.\u001b[0m\n                  \u001b[36m</p>\u001b[39m\n                \u001b[36m</div>\u001b[39m\n              \u001b[36m</div>\u001b[39m\n              \u001b[36m<div\u001b[39m\n                \u001b[33maria-labelledby\u001b[39m=\u001b[32m\"mantine-52dhburpi-tab-automation\"\u001b[39m\n                \u001b[33mclass\u001b[39m=\u001b[32m\"m_b0c91715 mantine-Tabs-panel\"\u001b[39m\n                \u001b[33mdata-orientation\u001b[39m=\u001b[32m\"horizontal\"\u001b[39m\n                \u001b[33mid\u001b[39m=\u001b[32m\"mantine-52dhburpi-panel-automation\"\u001b[39m\n                \u001b[33mrole\u001b[39m=\u001b[32m\"tabpanel\"\u001b[39m\n                \u001b[33mstyle\u001b[39m=\u001b[32m\"display: none;\"\u001b[39m\n              \u001b[36m>\u001b[39m\n                \u001b[36m<div\u001b[39m\n                  \u001b[33mclass\u001b[39m=\u001b[32m\"m_e615b15f mantine-Card-root m_1b7284a3 mantine-Paper-root\"\u001b[39m\n                  \u001b[33mdata-with-border\u001b[39m=\u001b[32m\"true\"\u001b[39m\n                \u001b[36m>\u001b[39m\n                  \u001b[36m<h4\u001b[39m\n                    \u001b[33mclass\u001b[39m=\u001b[32m\"m_8a5d1357 mantine-Title-root\"\u001b[39m\n                    \u001b[33mdata-order\u001b[39m=\u001b[32m\"4\"\u001b[39m\n                    \u001b[33mstyle\u001b[39m=\u001b[32m\"--title-fw: var(--mantine-h4-font-weight); --title-lh: var(--mantine-h4-line-height); --title-fz: var(--mantine-h4-font-size);\"\u001b[39m\n                  \u001b[36m>\u001b[39m\n                    \u001b[0mAutomation Preferences\u001b[0m\n                  \u001b[36m</h4>\u001b[39m\n                  \u001b[36m<p\u001b[39m\n                    \u001b[33mclass\u001b[39m=\u001b[32m\"mantine-focus-auto m_b6d8b162 mantine-Text-root\"\u001b[39m\n                    \u001b[33mcolor\u001b[39m=\u001b[32m\"dimmed\"\u001b[39m\n                    \u001b[33mstyle\u001b[39m=\u001b[32m\"--text-color: var(--mantine-color-dimmed);\"\u001b[39m\n                  \u001b[36m>\u001b[39m\n                    \u001b[0mAdd automation settings form here.\u001b[0m\n                  \u001b[36m</p>\u001b[39m\n                \u001b[36m</div>\u001b[39m\n              \u001b[36m</div>\u001b[39m\n              \u001b[36m<div\u001b[39m\n                \u001b[33maria-labelledby\u001b[39m=\u001b[32m\"mantine-52dhburpi-tab-notifications\"\u001b[39m\n                \u001b[33mclass\u001b[39m=\u001b[32m\"m_b0c91715 mantine-Tabs-panel\"\u001b[39m\n                \u001b[33mdata-orientation\u001b[39m=\u001b[32m\"horizontal\"\u001b[39m\n                \u001b[33mid\u001b[39m=\u001b[32m\"mantine-52dhburpi-panel-notifications\"\u001b[39m\n                \u001b[33mrole\u001b[39m=\u001b[32m\"tabpanel\"\u001b[39m\n                \u001b[33mstyle\u001b[39m=\u001b[32m\"display: none;\"\u001b[39m\n              \u001b[36m>\u001b[39m\n                \u001b[36m<div\u001b[39m\n                  \u001b[33mclass\u001b[39m=\u001b[32m\"m_e615b15f mantine-Card-root m_1b7284a3 mantine-Paper-root\"\u001b[39m\n                  \u001b[33mdata-with-border\u001b[39m=\u001b[32m\"true\"\u001b[39m\n                \u001b[36m>\u001b[39m\n                  \u001b[36m<h4\u001b[39m\n                    \u001b[33mclass\u001b[39m=\u001b[32m\"m_8a5d1357 mantine-Title-root\"\u001b[39m\n                    \u001b[33mdata-order\u001b[39m=\u001b[32m\"4\"\u001b[39m\n                    \u001b[33mstyle\u001b[39m=\u001b[32m\"--title-fw: var(--mantine-h4-font-weight); --title-lh: var(--mantine-h4-line-height); --title-fz: var(--mantine-h4-font-size);\"\u001b[39m\n                  \u001b[36m>\u001b[39m\n                    \u001b[0mNotifications\u001b[0m\n                  \u001b[36m</h4>\u001b[39m\n                  \u001b[36m<p\u001b[39m\n                    \u001b[33mclass\u001b[39m=\u001b[32m\"mantine-focus-auto m_b6d8b162 mantine-Text-root\"\u001b[39m\n                    \u001b[33mcolor\u001b[39m=\u001b[32m\"dimmed\"\u001b[39m\n                    \u001b[33mstyle\u001b[39m=\u001b[32m\"--text-color: var(--mantine-color-dimmed);\"\u001b[39m\n                  \u001b[36m>\u001b[39m\n                    \u001b[0mAdd notification settings here.\u001b[0m\n                  \u001b[36m</p>\u001b[39m\n                \u001b[36m</div>\u001b[39m\n              \u001b[36m</div>\u001b[39m\n            \u001b[36m</div>\u001b[39m\n          \u001b[36m</div>\u001b[39m\n        \u001b[36m</div>\u001b[39m\n      \u001b[36m</div>\u001b[39m\n    \u001b[36m</body>\u001b[39m\n\u001b[2m\u001b[22m\n\u001b[2m    \u001b[0m \u001b[90m 56 |\u001b[39m       \u001b[33m<\u001b[39m\u001b[33m/\u001b[39m\u001b[33mMantineProvider\u001b[39m\u001b[33m>\u001b[39m\u001b[22m\n\u001b[2m     \u001b[90m 57 |\u001b[39m     )\u001b[33m;\u001b[39m\u001b[22m\n\u001b[2m    \u001b[31m\u001b[1m>\u001b[22m\u001b[2m\u001b[39m\u001b[90m 58 |\u001b[39m     expect(screen\u001b[33m.\u001b[39mgetByText(\u001b[35m/settings/i\u001b[39m))\u001b[33m.\u001b[39mtoBeInTheDocument()\u001b[33m;\u001b[39m\u001b[22m\n\u001b[2m     \u001b[90m    |\u001b[39m                   \u001b[31m\u001b[1m^\u001b[22m\u001b[2m\u001b[39m\u001b[22m\n\u001b[2m     \u001b[90m 59 |\u001b[39m   })\u001b[33m;\u001b[39m\u001b[22m\n\u001b[2m     \u001b[90m 60 |\u001b[39m })\u001b[33m;\u001b[39m\u001b[22m\n\u001b[2m     \u001b[90m 61 |\u001b[39m\u001b[0m\u001b[22m\n\u001b[2m\u001b[22m\n\u001b[2m      \u001b[2mat Object.getElementError (\u001b[22m\u001b[2mnode_modules/@testing-library/dom/dist/config.js\u001b[2m:37:19)\u001b[22m\u001b[2m\u001b[22m\n\u001b[2m      \u001b[2mat getElementError (\u001b[22m\u001b[2mnode_modules/@testing-library/dom/dist/query-helpers.js\u001b[2m:20:35)\u001b[22m\u001b[2m\u001b[22m\n\u001b[2m      \u001b[2mat getMultipleElementsFoundError (\u001b[22m\u001b[2mnode_modules/@testing-library/dom/dist/query-helpers.js\u001b[2m:23:10)\u001b[22m\u001b[2m\u001b[22m\n\u001b[2m      \u001b[2mat \u001b[22m\u001b[2mnode_modules/@testing-library/dom/dist/query-helpers.js\u001b[2m:55:13\u001b[22m\u001b[2m\u001b[22m\n\u001b[2m      \u001b[2mat \u001b[22m\u001b[2mnode_modules/@testing-library/dom/dist/query-helpers.js\u001b[2m:95:19\u001b[22m\u001b[2m\u001b[22m\n\u001b[2m      \u001b[2mat Object.<anonymous> (\u001b[22m\u001b[2m\u001b[0m\u001b[36msrc/pages/app/__tests__/settings.test.tsx\u001b[39m\u001b[0m\u001b[2m:58:19)\u001b[22m\u001b[2m\u001b[22m\n","name":"C:\\Praca\\saas\\poshproject\\src\\pages\\app\\__tests__\\settings.test.tsx","startTime":1745757789519,"status":"failed","summary":""},{"assertionResults":[{"ancestorTitles":["RetryManager"],"duration":58,"failureDetails":[],"failureMessages":[],"fullName":"RetryManager should successfully execute an operation that succeeds","invocations":1,"location":null,"numPassingAsserts":4,"retryReasons":[],"status":"passed","title":"should successfully execute an operation that succeeds"},{"ancestorTitles":["RetryManager"],"duration":153,"failureDetails":[],"failureMessages":[],"fullName":"RetryManager should retry on retryable errors and eventually succeed","invocations":1,"location":null,"numPassingAsserts":4,"retryReasons":[],"status":"passed","title":"should retry on retryable errors and eventually succeed"},{"ancestorTitles":["RetryManager"],"duration":53,"failureDetails":[],"failureMessages":[],"fullName":"RetryManager should throw immediately on non-retryable errors","invocations":1,"location":null,"numPassingAsserts":4,"retryReasons":[],"status":"passed","title":"should throw immediately on non-retryable errors"},{"ancestorTitles":["RetryManager"],"duration":354,"failureDetails":[],"failureMessages":[],"fullName":"RetryManager should respect max attempts and throw after all retries fail","invocations":1,"location":null,"numPassingAsserts":4,"retryReasons":[],"status":"passed","title":"should respect max attempts and throw after all retries fail"},{"ancestorTitles":["RetryManager"],"duration":358,"failureDetails":[],"failureMessages":[],"fullName":"RetryManager should use exponential backoff for delays","invocations":1,"location":null,"numPassingAsserts":1,"retryReasons":[],"status":"passed","title":"should use exponential backoff for delays"},{"ancestorTitles":["RetryManager"],"duration":2569,"failureDetails":[],"failureMessages":[],"fullName":"RetryManager should respect maxDelay limit","invocations":1,"location":null,"numPassingAsserts":1,"retryReasons":[],"status":"passed","title":"should respect maxDelay limit"}],"endTime":1745757795335,"message":"","name":"C:\\Praca\\saas\\poshproject\\server\\src\\automation\\__tests__\\RetryManager.test.ts","startTime":1745757791588,"status":"passed","summary":""},{"assertionResults":[{"ancestorTitles":["BrowserManager","Basic Functionality"],"duration":75,"failureDetails":[],"failureMessages":[],"fullName":"BrowserManager Basic Functionality should be a singleton","invocations":1,"location":null,"numPassingAsserts":1,"retryReasons":[],"status":"passed","title":"should be a singleton"},{"ancestorTitles":["BrowserManager","Basic Functionality"],"duration":60,"failureDetails":[],"failureMessages":[],"fullName":"BrowserManager Basic Functionality should launch browser with correct options","invocations":1,"location":null,"numPassingAsserts":1,"retryReasons":[],"status":"passed","title":"should launch browser with correct options"},{"ancestorTitles":["BrowserManager","Session Management"],"duration":61,"failureDetails":[],"failureMessages":[],"fullName":"BrowserManager Session Management should create a new session successfully","invocations":1,"location":null,"numPassingAsserts":2,"retryReasons":[],"status":"passed","title":"should create a new session successfully"},{"ancestorTitles":["BrowserManager","Session Management"],"duration":57,"failureDetails":[],"failureMessages":[],"fullName":"BrowserManager Session Management should close session successfully","invocations":1,"location":null,"numPassingAsserts":1,"retryReasons":[],"status":"passed","title":"should close session successfully"},{"ancestorTitles":["BrowserManager","Session Management"],"duration":51,"failureDetails":[],"failureMessages":[],"fullName":"BrowserManager Session Management should handle closing non-existent session","invocations":1,"location":null,"numPassingAsserts":1,"retryReasons":[],"status":"passed","title":"should handle closing non-existent session"},{"ancestorTitles":["BrowserManager","Session Management"],"duration":50,"failureDetails":[],"failureMessages":[],"fullName":"BrowserManager Session Management should get session health","invocations":1,"location":null,"numPassingAsserts":2,"retryReasons":[],"status":"passed","title":"should get session health"},{"ancestorTitles":["BrowserManager","Session Management"],"duration":44,"failureDetails":[],"failureMessages":[],"fullName":"BrowserManager Session Management should handle non-existent session health check","invocations":1,"location":null,"numPassingAsserts":1,"retryReasons":[],"status":"passed","title":"should handle non-existent session health check"},{"ancestorTitles":["BrowserManager","Error Handling"],"duration":55,"failureDetails":[],"failureMessages":[],"fullName":"BrowserManager Error Handling should handle session creation failure","invocations":1,"location":null,"numPassingAsserts":1,"retryReasons":[],"status":"passed","title":"should handle session creation failure"},{"ancestorTitles":["BrowserManager","Session Health Monitoring"],"duration":69,"failureDetails":[],"failureMessages":[],"fullName":"BrowserManager Session Health Monitoring should update session metrics correctly","invocations":1,"location":null,"numPassingAsserts":4,"retryReasons":[],"status":"passed","title":"should update session metrics correctly"},{"ancestorTitles":["BrowserManager","Session Health Monitoring"],"duration":66,"failureDetails":[],"failureMessages":[],"fullName":"BrowserManager Session Health Monitoring should track failed operations","invocations":1,"location":null,"numPassingAsserts":2,"retryReasons":[],"status":"passed","title":"should track failed operations"},{"ancestorTitles":["BrowserManager","Session Health Monitoring"],"duration":69,"failureDetails":[],"failureMessages":[],"fullName":"BrowserManager Session Health Monitoring should update health status based on metrics","invocations":1,"location":null,"numPassingAsserts":1,"retryReasons":[],"status":"passed","title":"should update health status based on metrics"},{"ancestorTitles":["BrowserManager","Session Health Monitoring"],"duration":68,"failureDetails":[],"failureMessages":[],"fullName":"BrowserManager Session Health Monitoring should mark session as failed with high failure rate","invocations":1,"location":null,"numPassingAsserts":1,"retryReasons":[],"status":"passed","title":"should mark session as failed with high failure rate"},{"ancestorTitles":["BrowserManager","Session Health Monitoring"],"duration":52,"failureDetails":[],"failureMessages":[],"fullName":"BrowserManager Session Health Monitoring should attempt session recovery when health check fails","invocations":1,"location":null,"numPassingAsserts":1,"retryReasons":[],"status":"passed","title":"should attempt session recovery when health check fails"},{"ancestorTitles":["BrowserManager","Session Health Monitoring"],"duration":51,"failureDetails":[],"failureMessages":[],"fullName":"BrowserManager Session Health Monitoring should close session after max recovery attempts","invocations":1,"location":null,"numPassingAsserts":1,"retryReasons":[],"status":"passed","title":"should close session after max recovery attempts"},{"ancestorTitles":["BrowserManager","Basic Functionality"],"duration":41,"failureDetails":[],"failureMessages":[],"fullName":"BrowserManager Basic Functionality should be a singleton","invocations":1,"location":null,"numPassingAsserts":1,"retryReasons":[],"status":"passed","title":"should be a singleton"},{"ancestorTitles":["BrowserManager","Basic Functionality"],"duration":49,"failureDetails":[],"failureMessages":[],"fullName":"BrowserManager Basic Functionality should launch browser with correct options","invocations":1,"location":null,"numPassingAsserts":1,"retryReasons":[],"status":"passed","title":"should launch browser with correct options"},{"ancestorTitles":["BrowserManager","Basic Functionality"],"duration":40,"failureDetails":[],"failureMessages":[],"fullName":"BrowserManager Basic Functionality should be a singleton","invocations":1,"location":null,"numPassingAsserts":1,"retryReasons":[],"status":"passed","title":"should be a singleton"},{"ancestorTitles":["BrowserManager","Basic Functionality"],"duration":53,"failureDetails":[],"failureMessages":[],"fullName":"BrowserManager Basic Functionality should launch browser with correct options","invocations":1,"location":null,"numPassingAsserts":1,"retryReasons":[],"status":"passed","title":"should launch browser with correct options"},{"ancestorTitles":["BrowserManager"],"duration":109,"failureDetails":[],"failureMessages":[],"fullName":"BrowserManager should create a new session successfully","invocations":1,"location":null,"numPassingAsserts":2,"retryReasons":[],"status":"passed","title":"should create a new session successfully"},{"ancestorTitles":["BrowserManager"],"duration":41,"failureDetails":[],"failureMessages":[],"fullName":"BrowserManager should handle session creation failure","invocations":1,"location":null,"numPassingAsserts":1,"retryReasons":[],"status":"passed","title":"should handle session creation failure"},{"ancestorTitles":["BrowserManager"],"duration":48,"failureDetails":[],"failureMessages":[],"fullName":"BrowserManager should check session health","invocations":1,"location":null,"numPassingAsserts":2,"retryReasons":[],"status":"passed","title":"should check session health"},{"ancestorTitles":["BrowserManager"],"duration":39,"failureDetails":[],"failureMessages":[],"fullName":"BrowserManager should handle non-existent session health check","invocations":1,"location":null,"numPassingAsserts":1,"retryReasons":[],"status":"passed","title":"should handle non-existent session health check"},{"ancestorTitles":["BrowserManager"],"duration":51,"failureDetails":[],"failureMessages":[],"fullName":"BrowserManager should close session successfully","invocations":1,"location":null,"numPassingAsserts":1,"retryReasons":[],"status":"passed","title":"should close session successfully"},{"ancestorTitles":["BrowserManager"],"duration":41,"failureDetails":[],"failureMessages":[],"fullName":"BrowserManager should handle closing non-existent session","invocations":1,"location":null,"numPassingAsserts":1,"retryReasons":[],"status":"passed","title":"should handle closing non-existent session"},{"ancestorTitles":["BrowserManager","createSession"],"duration":46,"failureDetails":[],"failureMessages":[],"fullName":"BrowserManager createSession should create a new browser session","invocations":1,"location":null,"numPassingAsserts":4,"retryReasons":[],"status":"passed","title":"should create a new browser session"},{"ancestorTitles":["BrowserManager","createSession"],"duration":51,"failureDetails":[],"failureMessages":[],"fullName":"BrowserManager createSession should handle browser launch failures","invocations":1,"location":null,"numPassingAsserts":2,"retryReasons":[],"status":"passed","title":"should handle browser launch failures"},{"ancestorTitles":["BrowserManager","createSession"],"duration":49,"failureDetails":[],"failureMessages":[],"fullName":"BrowserManager createSession should handle context creation failures","invocations":1,"location":null,"numPassingAsserts":2,"retryReasons":[],"status":"passed","title":"should handle context creation failures"},{"ancestorTitles":["BrowserManager","createSession"],"duration":51,"failureDetails":[],"failureMessages":[],"fullName":"BrowserManager createSession should set up request interception","invocations":1,"location":null,"numPassingAsserts":5,"retryReasons":[],"status":"passed","title":"should set up request interception"},{"ancestorTitles":["BrowserManager","closeSession"],"duration":47,"failureDetails":[],"failureMessages":[],"fullName":"BrowserManager closeSession should close an existing session","invocations":1,"location":null,"numPassingAsserts":1,"retryReasons":[],"status":"passed","title":"should close an existing session"},{"ancestorTitles":["BrowserManager","closeSession"],"duration":44,"failureDetails":[],"failureMessages":[],"fullName":"BrowserManager closeSession should handle non-existent sessions","invocations":1,"location":null,"numPassingAsserts":1,"retryReasons":[],"status":"passed","title":"should handle non-existent sessions"},{"ancestorTitles":["BrowserManager","closeAllSessions"],"duration":56,"failureDetails":[],"failureMessages":[],"fullName":"BrowserManager closeAllSessions should close all active sessions","invocations":1,"location":null,"numPassingAsserts":1,"retryReasons":[],"status":"passed","title":"should close all active sessions"},{"ancestorTitles":["BrowserManager","closeAllSessions"],"duration":56,"failureDetails":[],"failureMessages":[],"fullName":"BrowserManager closeAllSessions should handle closure errors in multiple sessions","invocations":1,"location":null,"numPassingAsserts":1,"retryReasons":[],"status":"passed","title":"should handle closure errors in multiple sessions"},{"ancestorTitles":["BrowserManager","Session Health Monitoring"],"duration":52,"failureDetails":[],"failureMessages":[],"fullName":"BrowserManager Session Health Monitoring should update session metrics correctly","invocations":1,"location":null,"numPassingAsserts":4,"retryReasons":[],"status":"passed","title":"should update session metrics correctly"},{"ancestorTitles":["BrowserManager","Session Health Monitoring"],"duration":50,"failureDetails":[],"failureMessages":[],"fullName":"BrowserManager Session Health Monitoring should track failed operations","invocations":1,"location":null,"numPassingAsserts":2,"retryReasons":[],"status":"passed","title":"should track failed operations"},{"ancestorTitles":["BrowserManager","Session Health Monitoring"],"duration":51,"failureDetails":[],"failureMessages":[],"fullName":"BrowserManager Session Health Monitoring should update health status based on metrics","invocations":1,"location":null,"numPassingAsserts":1,"retryReasons":[],"status":"passed","title":"should update health status based on metrics"},{"ancestorTitles":["BrowserManager","Session Health Monitoring"],"duration":48,"failureDetails":[],"failureMessages":[],"fullName":"BrowserManager Session Health Monitoring should mark session as failed with high failure rate","invocations":1,"location":null,"numPassingAsserts":1,"retryReasons":[],"status":"passed","title":"should mark session as failed with high failure rate"},{"ancestorTitles":["BrowserManager","Session Health Monitoring"],"duration":50,"failureDetails":[],"failureMessages":[],"fullName":"BrowserManager Session Health Monitoring should attempt session recovery when health check fails","invocations":1,"location":null,"numPassingAsserts":1,"retryReasons":[],"status":"passed","title":"should attempt session recovery when health check fails"},{"ancestorTitles":["BrowserManager","Session Health Monitoring"],"duration":49,"failureDetails":[],"failureMessages":[],"fullName":"BrowserManager Session Health Monitoring should close session after max recovery attempts","invocations":1,"location":null,"numPassingAsserts":1,"retryReasons":[],"status":"passed","title":"should close session after max recovery attempts"}],"endTime":1745757797573,"message":"","name":"C:\\Praca\\saas\\poshproject\\server\\src\\automation\\__tests__\\BrowserManager.test.ts","startTime":1745757795365,"status":"passed","summary":""},{"assertionResults":[{"ancestorTitles":["ShareAutomation","initialize"],"duration":64,"failureDetails":[],"failureMessages":[],"fullName":"ShareAutomation initialize should successfully initialize and login","invocations":1,"location":null,"numPassingAsserts":1,"retryReasons":[],"status":"passed","title":"should successfully initialize and login"},{"ancestorTitles":["ShareAutomation","initialize"],"duration":43,"failureDetails":[],"failureMessages":[],"fullName":"ShareAutomation initialize should handle CAPTCHA detection","invocations":1,"location":null,"numPassingAsserts":1,"retryReasons":[],"status":"passed","title":"should handle CAPTCHA detection"},{"ancestorTitles":["ShareAutomation","initialize"],"duration":38,"failureDetails":[],"failureMessages":[],"fullName":"ShareAutomation initialize should handle login failure","invocations":1,"location":null,"numPassingAsserts":1,"retryReasons":[],"status":"passed","title":"should handle login failure"},{"ancestorTitles":["ShareAutomation","initialize"],"duration":34,"failureDetails":[],"failureMessages":[],"fullName":"ShareAutomation initialize should handle browser creation failure","invocations":1,"location":null,"numPassingAsserts":2,"retryReasons":[],"status":"passed","title":"should handle browser creation failure"},{"ancestorTitles":["ShareAutomation","initialize"],"duration":34,"failureDetails":[],"failureMessages":[],"fullName":"ShareAutomation initialize should handle navigation failure","invocations":1,"location":null,"numPassingAsserts":1,"retryReasons":[],"status":"passed","title":"should handle navigation failure"},{"ancestorTitles":["ShareAutomation","shareCloset"],"duration":141,"failureDetails":[],"failureMessages":[],"fullName":"ShareAutomation shareCloset should share items successfully","invocations":1,"location":null,"numPassingAsserts":1,"retryReasons":[],"status":"passed","title":"should share items successfully"},{"ancestorTitles":["ShareAutomation","shareCloset"],"duration":78,"failureDetails":[],"failureMessages":[],"fullName":"ShareAutomation shareCloset should handle sharing errors gracefully","invocations":1,"location":null,"numPassingAsserts":1,"retryReasons":[],"status":"passed","title":"should handle sharing errors gracefully"},{"ancestorTitles":["ShareAutomation","shareCloset"],"duration":62,"failureDetails":[],"failureMessages":[],"fullName":"ShareAutomation shareCloset should handle empty closet","invocations":1,"location":null,"numPassingAsserts":1,"retryReasons":[],"status":"passed","title":"should handle empty closet"},{"ancestorTitles":["ShareAutomation","shareCloset"],"duration":66,"failureDetails":[],"failureMessages":[],"fullName":"ShareAutomation shareCloset should handle sharing errors","invocations":1,"location":null,"numPassingAsserts":1,"retryReasons":[],"status":"passed","title":"should handle sharing errors"},{"ancestorTitles":["ShareAutomation","shareCloset"],"duration":105,"failureDetails":[],"failureMessages":[],"fullName":"ShareAutomation shareCloset should respect maxItems limit","invocations":1,"location":null,"numPassingAsserts":1,"retryReasons":[],"status":"passed","title":"should respect maxItems limit"},{"ancestorTitles":["ShareAutomation","shareCloset"],"duration":50,"failureDetails":[],"failureMessages":[],"fullName":"ShareAutomation shareCloset should handle navigation failure to closet","invocations":1,"location":null,"numPassingAsserts":1,"retryReasons":[],"status":"passed","title":"should handle navigation failure to closet"},{"ancestorTitles":["ShareAutomation","shareCloset"],"duration":49,"failureDetails":[],"failureMessages":[],"fullName":"ShareAutomation shareCloset should handle failure to find closet items","invocations":1,"location":null,"numPassingAsserts":1,"retryReasons":[],"status":"passed","title":"should handle failure to find closet items"},{"ancestorTitles":["ShareAutomation","shareCloset"],"duration":36,"failureDetails":[],"failureMessages":[],"fullName":"ShareAutomation shareCloset should handle missing share button","invocations":1,"location":null,"numPassingAsserts":1,"retryReasons":[],"status":"passed","title":"should handle missing share button"},{"ancestorTitles":["ShareAutomation","shareCloset"],"duration":37,"failureDetails":[],"failureMessages":[],"fullName":"ShareAutomation shareCloset should properly clean up resources","invocations":1,"location":null,"numPassingAsserts":2,"retryReasons":[],"status":"passed","title":"should properly clean up resources"},{"ancestorTitles":["ShareAutomation","shareCloset"],"duration":41,"failureDetails":[],"failureMessages":[],"fullName":"ShareAutomation shareCloset should handle cleanup errors gracefully","invocations":1,"location":null,"numPassingAsserts":1,"retryReasons":[],"status":"passed","title":"should handle cleanup errors gracefully"},{"ancestorTitles":["ShareAutomation","shareCloset"],"duration":40,"failureDetails":[],"failureMessages":[],"fullName":"ShareAutomation shareCloset should handle cleanup when resources are already null","invocations":1,"location":null,"numPassingAsserts":2,"retryReasons":[],"status":"passed","title":"should handle cleanup when resources are already null"}],"endTime":1745757799317,"message":"","name":"C:\\Praca\\saas\\poshproject\\server\\src\\automation\\__tests__\\ShareAutomation.test.ts","startTime":1745757797630,"status":"passed","summary":""},{"assertionResults":[{"ancestorTitles":["RateLimiter"],"duration":73,"failureDetails":[],"failureMessages":[],"fullName":"RateLimiter allows requests under the limit","invocations":1,"location":null,"numPassingAsserts":10,"retryReasons":[],"status":"passed","title":"allows requests under the limit"},{"ancestorTitles":["RateLimiter"],"duration":45,"failureDetails":[],"failureMessages":[],"fullName":"RateLimiter blocks requests over max concurrent","invocations":1,"location":null,"numPassingAsserts":1,"retryReasons":[],"status":"passed","title":"blocks requests over max concurrent"},{"ancestorTitles":["RateLimiter"],"duration":52,"failureDetails":[],"failureMessages":[],"fullName":"RateLimiter respects cooldown period","invocations":1,"location":null,"numPassingAsserts":3,"retryReasons":[],"status":"passed","title":"respects cooldown period"},{"ancestorTitles":["RateLimiter"],"duration":67,"failureDetails":[],"failureMessages":[],"fullName":"RateLimiter respects maxRequestsPerMinute","invocations":1,"location":null,"numPassingAsserts":5,"retryReasons":[],"status":"passed","title":"respects maxRequestsPerMinute"},{"ancestorTitles":["RateLimiter"],"duration":79,"failureDetails":[],"failureMessages":[],"fullName":"RateLimiter enforces maxRequestsPerHour","invocations":1,"location":null,"numPassingAsserts":7,"retryReasons":[],"status":"passed","title":"enforces maxRequestsPerHour"},{"ancestorTitles":["RateLimiter"],"duration":81,"failureDetails":[],"failureMessages":[],"fullName":"RateLimiter updates config dynamically","invocations":1,"location":null,"numPassingAsserts":9,"retryReasons":[],"status":"passed","title":"updates config dynamically"},{"ancestorTitles":["RateLimiter"],"duration":29,"failureDetails":[],"failureMessages":[],"fullName":"RateLimiter provides correct rate limit info","invocations":1,"location":null,"numPassingAsserts":4,"retryReasons":[],"status":"passed","title":"provides correct rate limit info"},{"ancestorTitles":["RateLimiter"],"duration":25,"failureDetails":[],"failureMessages":[],"fullName":"RateLimiter throws error if no config is provided on first initialization","invocations":1,"location":null,"numPassingAsserts":1,"retryReasons":[],"status":"passed","title":"throws error if no config is provided on first initialization"},{"ancestorTitles":["RateLimiter"],"duration":39,"failureDetails":[],"failureMessages":[],"fullName":"RateLimiter handles edge case: hour limit more restrictive than minute","invocations":1,"location":null,"numPassingAsserts":6,"retryReasons":[],"status":"passed","title":"handles edge case: hour limit more restrictive than minute"},{"ancestorTitles":["RateLimiter"],"duration":30,"failureDetails":[],"failureMessages":[],"fullName":"RateLimiter handles edge case: cooldown is next reset","invocations":1,"location":null,"numPassingAsserts":2,"retryReasons":[],"status":"passed","title":"handles edge case: cooldown is next reset"},{"ancestorTitles":["RateLimiter"],"duration":25,"failureDetails":[],"failureMessages":[],"fullName":"RateLimiter does not leak singleton between tests","invocations":1,"location":null,"numPassingAsserts":1,"retryReasons":[],"status":"passed","title":"does not leak singleton between tests"},{"ancestorTitles":["RateLimiter"],"duration":30,"failureDetails":[],"failureMessages":[],"fullName":"RateLimiter handles multiple users independently","invocations":1,"location":null,"numPassingAsserts":2,"retryReasons":[],"status":"passed","title":"handles multiple users independently"}],"endTime":1745757800177,"message":"","name":"C:\\Praca\\saas\\poshproject\\server\\src\\automation\\utils\\__tests__\\RateLimiter.test.ts","startTime":1745757799348,"status":"passed","summary":""},{"assertionResults":[{"ancestorTitles":["Dialog"],"duration":290,"failureDetails":[],"failureMessages":[],"fullName":"Dialog renders trigger and opens dialog content","invocations":1,"location":null,"numPassingAsserts":5,"retryReasons":[],"status":"passed","title":"renders trigger and opens dialog content"}],"endTime":1745757801126,"message":"","name":"C:\\Praca\\saas\\poshproject\\src\\components\\ui\\__tests__\\dialog.test.tsx","startTime":1745757800210,"status":"passed","summary":""},{"assertionResults":[{"ancestorTitles":["ProfilePage"],"duration":140,"failureDetails":[],"failureMessages":[],"fullName":"ProfilePage renders profile page","invocations":1,"location":null,"numPassingAsserts":1,"retryReasons":[],"status":"passed","title":"renders profile page"}],"endTime":1745757801753,"message":"","name":"C:\\Praca\\saas\\poshproject\\src\\pages\\app\\__tests__\\profile.test.tsx","startTime":1745757801168,"status":"passed","summary":""},{"assertionResults":[{"ancestorTitles":["RetryManager"],"duration":44,"failureDetails":[],"failureMessages":[],"fullName":"RetryManager retries on retryable error and succeeds","invocations":1,"location":null,"numPassingAsserts":2,"retryReasons":[],"status":"passed","title":"retries on retryable error and succeeds"},{"ancestorTitles":["RetryManager"],"duration":31,"failureDetails":[],"failureMessages":[],"fullName":"RetryManager throws after max attempts on retryable error","invocations":1,"location":null,"numPassingAsserts":2,"retryReasons":[],"status":"passed","title":"throws after max attempts on retryable error"},{"ancestorTitles":["RetryManager"],"duration":25,"failureDetails":[],"failureMessages":[],"fullName":"RetryManager throws immediately on non-retryable error","invocations":1,"location":null,"numPassingAsserts":1,"retryReasons":[],"status":"passed","title":"throws immediately on non-retryable error"},{"ancestorTitles":["RetryManager"],"duration":25,"failureDetails":[],"failureMessages":[],"fullName":"RetryManager returns result on first try if no error","invocations":1,"location":null,"numPassingAsserts":1,"retryReasons":[],"status":"passed","title":"returns result on first try if no error"},{"ancestorTitles":["RetryManager"],"duration":21,"failureDetails":[],"failureMessages":[],"fullName":"RetryManager throws last error if all attempts exhausted (coverage for fallback throw)","invocations":1,"location":null,"numPassingAsserts":1,"retryReasons":[],"status":"passed","title":"throws last error if all attempts exhausted (coverage for fallback throw)"},{"ancestorTitles":["RetryManager"],"duration":22,"failureDetails":[],"failureMessages":[],"fullName":"RetryManager isRetryableError returns false for non-AutomationError","invocations":1,"location":null,"numPassingAsserts":1,"retryReasons":[],"status":"passed","title":"isRetryableError returns false for non-AutomationError"},{"ancestorTitles":["RetryManager"],"duration":22,"failureDetails":[],"failureMessages":[],"fullName":"RetryManager isRetryableError returns true for AutomationError with retryable type","invocations":1,"location":null,"numPassingAsserts":1,"retryReasons":[],"status":"passed","title":"isRetryableError returns true for AutomationError with retryable type"},{"ancestorTitles":["RetryManager"],"duration":20,"failureDetails":[],"failureMessages":[],"fullName":"RetryManager isRetryableError returns false for AutomationError with non-retryable type","invocations":1,"location":null,"numPassingAsserts":1,"retryReasons":[],"status":"passed","title":"isRetryableError returns false for AutomationError with non-retryable type"}],"endTime":1745757802291,"message":"","name":"C:\\Praca\\saas\\poshproject\\server\\src\\automation\\utils\\__tests__\\RetryManager.test.ts","startTime":1745757801779,"status":"passed","summary":""},{"assertionResults":[{"ancestorTitles":["DashboardPage"],"duration":76,"failureDetails":[],"failureMessages":[],"fullName":"DashboardPage renders dashboard page","invocations":1,"location":null,"numPassingAsserts":2,"retryReasons":[],"status":"passed","title":"renders dashboard page"}],"endTime":1745757802802,"message":"","name":"C:\\Praca\\saas\\poshproject\\src\\pages\\app\\__tests__\\dashboard.test.tsx","startTime":1745757802367,"status":"passed","summary":""},{"assertionResults":[{"ancestorTitles":["DropdownMenu"],"duration":181,"failureDetails":[],"failureMessages":[],"fullName":"DropdownMenu renders trigger and opens menu on click","invocations":1,"location":null,"numPassingAsserts":2,"retryReasons":[],"status":"passed","title":"renders trigger and opens menu on click"}],"endTime":1745757803383,"message":"","name":"C:\\Praca\\saas\\poshproject\\src\\components\\ui\\__tests__\\dropdown-menu.test.tsx","startTime":1745757802831,"status":"passed","summary":""},{"assertionResults":[{"ancestorTitles":["Accordion"],"duration":81,"failureDetails":[],"failureMessages":[],"fullName":"Accordion renders and toggles content","invocations":1,"location":null,"numPassingAsserts":1,"retryReasons":[],"status":"passed","title":"renders and toggles content"}],"endTime":1745757803732,"message":"","name":"C:\\Praca\\saas\\poshproject\\src\\components\\ui\\__tests__\\accordion.test.tsx","startTime":1745757803415,"status":"passed","summary":""},{"assertionResults":[{"ancestorTitles":["AutomationError"],"duration":64,"failureDetails":[],"failureMessages":[],"fullName":"AutomationError should create an error with default recoverable value","invocations":1,"location":null,"numPassingAsserts":4,"retryReasons":[],"status":"passed","title":"should create an error with default recoverable value"},{"ancestorTitles":["AutomationError"],"duration":28,"failureDetails":[],"failureMessages":[],"fullName":"AutomationError should create an error with custom recoverable value","invocations":1,"location":null,"numPassingAsserts":1,"retryReasons":[],"status":"passed","title":"should create an error with custom recoverable value"},{"ancestorTitles":["AutomationError","isRecoverable"],"duration":24,"failureDetails":[],"failureMessages":[],"fullName":"AutomationError isRecoverable should return true for recoverable errors","invocations":1,"location":null,"numPassingAsserts":1,"retryReasons":[],"status":"passed","title":"should return true for recoverable errors"},{"ancestorTitles":["AutomationError","isRecoverable"],"duration":26,"failureDetails":[],"failureMessages":[],"fullName":"AutomationError isRecoverable should return false for non-recoverable errors","invocations":1,"location":null,"numPassingAsserts":1,"retryReasons":[],"status":"passed","title":"should return false for non-recoverable errors"},{"ancestorTitles":["AutomationError","isRecoverable"],"duration":24,"failureDetails":[],"failureMessages":[],"fullName":"AutomationError isRecoverable should return false when recoverable is false regardless of type","invocations":1,"location":null,"numPassingAsserts":1,"retryReasons":[],"status":"passed","title":"should return false when recoverable is false regardless of type"},{"ancestorTitles":["AutomationError","isRecoverable"],"duration":28,"failureDetails":[],"failureMessages":[],"fullName":"AutomationError isRecoverable should return false for setup failures","invocations":1,"location":null,"numPassingAsserts":1,"retryReasons":[],"status":"passed","title":"should return false for setup failures"},{"ancestorTitles":["AutomationError","isRecoverable"],"duration":28,"failureDetails":[],"failureMessages":[],"fullName":"AutomationError isRecoverable should return true for other error types","invocations":1,"location":null,"numPassingAsserts":5,"retryReasons":[],"status":"passed","title":"should return true for other error types"}],"endTime":1745757804101,"message":"","name":"C:\\Praca\\saas\\poshproject\\server\\src\\automation\\utils\\__tests__\\errors.test.ts","startTime":1745757803749,"status":"passed","summary":""},{"assertionResults":[{"ancestorTitles":["Input"],"duration":8,"failureDetails":[],"failureMessages":[],"fullName":"Input renders with default props","invocations":1,"location":null,"numPassingAsserts":1,"retryReasons":[],"status":"passed","title":"renders with default props"},{"ancestorTitles":["Input"],"duration":104,"failureDetails":[],"failureMessages":[],"fullName":"Input accepts a value and onChange","invocations":1,"location":null,"numPassingAsserts":1,"retryReasons":[],"status":"passed","title":"accepts a value and onChange"},{"ancestorTitles":["Input"],"duration":3,"failureDetails":[],"failureMessages":[],"fullName":"Input is disabled when disabled prop is set","invocations":1,"location":null,"numPassingAsserts":1,"retryReasons":[],"status":"passed","title":"is disabled when disabled prop is set"},{"ancestorTitles":["Input"],"duration":3,"failureDetails":[],"failureMessages":[],"fullName":"Input supports aria-label for accessibility","invocations":1,"location":null,"numPassingAsserts":1,"retryReasons":[],"status":"passed","title":"supports aria-label for accessibility"}],"endTime":1745757804466,"message":"","name":"C:\\Praca\\saas\\poshproject\\src\\components\\ui\\__tests__\\input.test.tsx","startTime":1745757804134,"status":"passed","summary":""},{"assertionResults":[{"ancestorTitles":["Button"],"duration":25,"failureDetails":[],"failureMessages":[],"fullName":"Button renders with default props","invocations":1,"location":null,"numPassingAsserts":2,"retryReasons":[],"status":"passed","title":"renders with default props"},{"ancestorTitles":["Button"],"duration":13,"failureDetails":[],"failureMessages":[],"fullName":"Button supports variants","invocations":1,"location":null,"numPassingAsserts":1,"retryReasons":[],"status":"passed","title":"supports variants"},{"ancestorTitles":["Button"],"duration":7,"failureDetails":[],"failureMessages":[],"fullName":"Button is disabled when disabled prop is set","invocations":1,"location":null,"numPassingAsserts":1,"retryReasons":[],"status":"passed","title":"is disabled when disabled prop is set"},{"ancestorTitles":["Button"],"duration":68,"failureDetails":[],"failureMessages":[],"fullName":"Button calls onClick handler","invocations":1,"location":null,"numPassingAsserts":1,"retryReasons":[],"status":"passed","title":"calls onClick handler"},{"ancestorTitles":["Button"],"duration":7,"failureDetails":[],"failureMessages":[],"fullName":"Button renders as child when asChild is true","invocations":1,"location":null,"numPassingAsserts":1,"retryReasons":[],"status":"passed","title":"renders as child when asChild is true"}],"endTime":1745757804827,"message":"","name":"C:\\Praca\\saas\\poshproject\\src\\components\\ui\\__tests__\\button.test.tsx","startTime":1745757804493,"status":"passed","summary":""},{"assertionResults":[{"ancestorTitles":["Timing Utilities","delay"],"duration":73,"failureDetails":[],"failureMessages":[],"fullName":"Timing Utilities delay should delay for the specified time","invocations":1,"location":null,"numPassingAsserts":2,"retryReasons":[],"status":"passed","title":"should delay for the specified time"},{"ancestorTitles":["Timing Utilities","delay"],"duration":21,"failureDetails":[],"failureMessages":[],"fullName":"Timing Utilities delay should handle zero delay","invocations":1,"location":null,"numPassingAsserts":2,"retryReasons":[],"status":"passed","title":"should handle zero delay"},{"ancestorTitles":["Timing Utilities","randomDelay"],"duration":21,"failureDetails":[],"failureMessages":[],"fullName":"Timing Utilities randomDelay should delay between min and max time","invocations":1,"location":null,"numPassingAsserts":2,"retryReasons":[],"status":"passed","title":"should delay between min and max time"},{"ancestorTitles":["Timing Utilities","randomDelay"],"duration":24,"failureDetails":[],"failureMessages":[],"fullName":"Timing Utilities randomDelay should handle min equal to max","invocations":1,"location":null,"numPassingAsserts":2,"retryReasons":[],"status":"passed","title":"should handle min equal to max"},{"ancestorTitles":["Timing Utilities","randomDelay"],"duration":24,"failureDetails":[],"failureMessages":[],"fullName":"Timing Utilities randomDelay should handle edge cases of Math.random","invocations":1,"location":null,"numPassingAsserts":4,"retryReasons":[],"status":"passed","title":"should handle edge cases of Math.random"}],"endTime":1745757805138,"message":"","name":"C:\\Praca\\saas\\poshproject\\server\\src\\automation\\utils\\__tests__\\timing.test.ts","startTime":1745757804848,"status":"passed","summary":""},{"assertionResults":[{"ancestorTitles":["Select"],"duration":26,"failureDetails":[],"failureMessages":[],"fullName":"Select renders the Select trigger and options in the DOM","invocations":1,"location":null,"numPassingAsserts":1,"retryReasons":[],"status":"passed","title":"renders the Select trigger and options in the DOM"},{"ancestorTitles":["Select"],"duration":null,"failureDetails":[],"failureMessages":[],"fullName":"Select allows selecting an option (requires E2E)","invocations":1,"location":null,"numPassingAsserts":0,"retryReasons":[],"status":"pending","title":"allows selecting an option (requires E2E)"}],"endTime":1745757805387,"message":"","name":"C:\\Praca\\saas\\poshproject\\src\\components\\ui\\__tests__\\select.test.tsx","startTime":1745757805159,"status":"focused","summary":""},{"assertionResults":[{"ancestorTitles":["useAuth"],"duration":85,"failureDetails":[],"failureMessages":[],"fullName":"useAuth returns default state","invocations":1,"location":null,"numPassingAsserts":4,"retryReasons":[],"status":"passed","title":"returns default state"}],"endTime":1745757805672,"message":"","name":"C:\\Praca\\saas\\poshproject\\src\\hooks\\__tests__\\use-auth.test.tsx","startTime":1745757805407,"status":"passed","summary":""},{"assertionResults":[{"ancestorTitles":["Toast"],"duration":48,"failureDetails":[],"failureMessages":[],"fullName":"Toast renders toast with title and description","invocations":1,"location":null,"numPassingAsserts":2,"retryReasons":[],"status":"passed","title":"renders toast with title and description"}],"endTime":1745757805998,"message":"","name":"C:\\Praca\\saas\\poshproject\\src\\components\\ui\\__tests__\\toast.test.tsx","startTime":1745757805697,"status":"passed","summary":""},{"assertionResults":[{"ancestorTitles":["Alert"],"duration":15,"failureDetails":[],"failureMessages":[],"fullName":"Alert renders alert with title and description","invocations":1,"location":null,"numPassingAsserts":3,"retryReasons":[],"status":"passed","title":"renders alert with title and description"},{"ancestorTitles":["Alert"],"duration":12,"failureDetails":[],"failureMessages":[],"fullName":"Alert supports destructive variant styling","invocations":1,"location":null,"numPassingAsserts":2,"retryReasons":[],"status":"passed","title":"supports destructive variant styling"}],"endTime":1745757806355,"message":"","name":"C:\\Praca\\saas\\poshproject\\src\\components\\ui\\__tests__\\alert.test.tsx","startTime":1745757806029,"status":"passed","summary":""},{"assertionResults":[{"ancestorTitles":["Basic Test Suite"],"duration":1,"failureDetails":[],"failureMessages":[],"fullName":"Basic Test Suite should pass a basic test","invocations":1,"location":null,"numPassingAsserts":1,"retryReasons":[],"status":"passed","title":"should pass a basic test"}],"endTime":1745757806568,"message":"","name":"C:\\Praca\\saas\\poshproject\\server\\src\\__tests__\\basic.test.ts","startTime":1745757806393,"status":"passed","summary":""}],"wasInterrupted":false}
