{"numFailedTestSuites":3,"numFailedTests":7,"numPassedTestSuites":5,"numPassedTests":89,"numPendingTestSuites":0,"numPendingTests":0,"numRuntimeErrorTestSuites":2,"numTodoTests":0,"numTotalTestSuites":8,"numTotalTests":96,"openHandles":[],"snapshot":{"added":0,"didUpdate":false,"failure":false,"filesAdded":0,"filesRemoved":0,"filesRemovedList":[],"filesUnmatched":0,"filesUpdated":0,"matched":0,"total":0,"unchecked":0,"uncheckedKeysByFile":[],"unmatched":0,"updated":0},"startTime":1745587789051,"success":false,"testResults":[{"assertionResults":[{"ancestorTitles":["BrowserManager","Basic Functionality"],"duration":40,"failureDetails":[],"failureMessages":[],"fullName":"BrowserManager Basic Functionality should be a singleton","invocations":1,"location":null,"numPassingAsserts":1,"retryReasons":[],"status":"passed","title":"should be a singleton"},{"ancestorTitles":["BrowserManager","Basic Functionality"],"duration":33,"failureDetails":[],"failureMessages":[],"fullName":"BrowserManager Basic Functionality should launch browser with correct options","invocations":1,"location":null,"numPassingAsserts":1,"retryReasons":[],"status":"passed","title":"should launch browser with correct options"},{"ancestorTitles":["BrowserManager","Session Management"],"duration":32,"failureDetails":[],"failureMessages":[],"fullName":"BrowserManager Session Management should create a new session successfully","invocations":1,"location":null,"numPassingAsserts":2,"retryReasons":[],"status":"passed","title":"should create a new session successfully"},{"ancestorTitles":["BrowserManager","Session Management"],"duration":31,"failureDetails":[],"failureMessages":[],"fullName":"BrowserManager Session Management should close session successfully","invocations":1,"location":null,"numPassingAsserts":1,"retryReasons":[],"status":"passed","title":"should close session successfully"},{"ancestorTitles":["BrowserManager","Session Management"],"duration":16,"failureDetails":[],"failureMessages":[],"fullName":"BrowserManager Session Management should handle closing non-existent session","invocations":1,"location":null,"numPassingAsserts":1,"retryReasons":[],"status":"passed","title":"should handle closing non-existent session"},{"ancestorTitles":["BrowserManager","Session Management"],"duration":36,"failureDetails":[],"failureMessages":[],"fullName":"BrowserManager Session Management should get session health","invocations":1,"location":null,"numPassingAsserts":2,"retryReasons":[],"status":"passed","title":"should get session health"},{"ancestorTitles":["BrowserManager","Session Management"],"duration":21,"failureDetails":[],"failureMessages":[],"fullName":"BrowserManager Session Management should handle non-existent session health check","invocations":1,"location":null,"numPassingAsserts":1,"retryReasons":[],"status":"passed","title":"should handle non-existent session health check"},{"ancestorTitles":["BrowserManager","Error Handling"],"duration":52,"failureDetails":[],"failureMessages":[],"fullName":"BrowserManager Error Handling should handle session creation failure","invocations":1,"location":null,"numPassingAsserts":1,"retryReasons":[],"status":"passed","title":"should handle session creation failure"},{"ancestorTitles":["BrowserManager","Session Health Monitoring"],"duration":53,"failureDetails":[],"failureMessages":[],"fullName":"BrowserManager Session Health Monitoring should update session metrics correctly","invocations":1,"location":null,"numPassingAsserts":4,"retryReasons":[],"status":"passed","title":"should update session metrics correctly"},{"ancestorTitles":["BrowserManager","Session Health Monitoring"],"duration":51,"failureDetails":[],"failureMessages":[],"fullName":"BrowserManager Session Health Monitoring should track failed operations","invocations":1,"location":null,"numPassingAsserts":2,"retryReasons":[],"status":"passed","title":"should track failed operations"},{"ancestorTitles":["BrowserManager","Session Health Monitoring"],"duration":71,"failureDetails":[{"matcherResult":{"actual":"failed","expected":"degraded","message":"\u001b[2mexpect(\u001b[22m\u001b[31mreceived\u001b[39m\u001b[2m).\u001b[22mtoBe\u001b[2m(\u001b[22m\u001b[32mexpected\u001b[39m\u001b[2m) // Object.is equality\u001b[22m\n\nExpected: \u001b[32m\"\u001b[7mdegrad\u001b[27med\"\u001b[39m\nReceived: \u001b[31m\"\u001b[7mfail\u001b[27med\"\u001b[39m","name":"toBe","pass":false}}],"failureMessages":["Error: \u001b[2mexpect(\u001b[22m\u001b[31mreceived\u001b[39m\u001b[2m).\u001b[22mtoBe\u001b[2m(\u001b[22m\u001b[32mexpected\u001b[39m\u001b[2m) // Object.is equality\u001b[22m\n\nExpected: \u001b[32m\"\u001b[7mdegrad\u001b[27med\"\u001b[39m\nReceived: \u001b[31m\"\u001b[7mfail\u001b[27med\"\u001b[39m\n    at Object.<anonymous> (C:\\Praca\\saas\\poshproject\\server\\src\\automation\\__tests__\\BrowserManager.test.ts:166:38)"],"fullName":"BrowserManager Session Health Monitoring should update health status based on metrics","invocations":1,"location":null,"numPassingAsserts":0,"retryReasons":[],"status":"failed","title":"should update health status based on metrics"},{"ancestorTitles":["BrowserManager","Session Health Monitoring"],"duration":49,"failureDetails":[],"failureMessages":[],"fullName":"BrowserManager Session Health Monitoring should mark session as failed with high failure rate","invocations":1,"location":null,"numPassingAsserts":1,"retryReasons":[],"status":"passed","title":"should mark session as failed with high failure rate"},{"ancestorTitles":["BrowserManager","Session Health Monitoring"],"duration":33,"failureDetails":[{"matcherResult":{"message":"\u001b[2mexpect(\u001b[22m\u001b[31mreceived\u001b[39m\u001b[2m).\u001b[22mtoBeGreaterThan\u001b[2m(\u001b[22m\u001b[32mexpected\u001b[39m\u001b[2m)\u001b[22m\n\nExpected: > \u001b[32m0\u001b[39m\nReceived:   \u001b[31m0\u001b[39m","pass":false}}],"failureMessages":["Error: \u001b[2mexpect(\u001b[22m\u001b[31mreceived\u001b[39m\u001b[2m).\u001b[22mtoBeGreaterThan\u001b[2m(\u001b[22m\u001b[32mexpected\u001b[39m\u001b[2m)\u001b[22m\n\nExpected: > \u001b[32m0\u001b[39m\nReceived:   \u001b[31m0\u001b[39m\n    at Object.<anonymous> (C:\\Praca\\saas\\poshproject\\server\\src\\automation\\__tests__\\BrowserManager.test.ts:194:55)"],"fullName":"BrowserManager Session Health Monitoring should attempt session recovery when health check fails","invocations":1,"location":null,"numPassingAsserts":0,"retryReasons":[],"status":"failed","title":"should attempt session recovery when health check fails"},{"ancestorTitles":["BrowserManager","Session Health Monitoring"],"duration":24,"failureDetails":[],"failureMessages":[],"fullName":"BrowserManager Session Health Monitoring should close session after max recovery attempts","invocations":1,"location":null,"numPassingAsserts":1,"retryReasons":[],"status":"passed","title":"should close session after max recovery attempts"},{"ancestorTitles":["BrowserManager","Basic Functionality"],"duration":23,"failureDetails":[],"failureMessages":[],"fullName":"BrowserManager Basic Functionality should be a singleton","invocations":1,"location":null,"numPassingAsserts":1,"retryReasons":[],"status":"passed","title":"should be a singleton"},{"ancestorTitles":["BrowserManager","Basic Functionality"],"duration":31,"failureDetails":[],"failureMessages":[],"fullName":"BrowserManager Basic Functionality should launch browser with correct options","invocations":1,"location":null,"numPassingAsserts":1,"retryReasons":[],"status":"passed","title":"should launch browser with correct options"},{"ancestorTitles":["BrowserManager","Basic Functionality"],"duration":23,"failureDetails":[],"failureMessages":[],"fullName":"BrowserManager Basic Functionality should be a singleton","invocations":1,"location":null,"numPassingAsserts":1,"retryReasons":[],"status":"passed","title":"should be a singleton"},{"ancestorTitles":["BrowserManager","Basic Functionality"],"duration":30,"failureDetails":[],"failureMessages":[],"fullName":"BrowserManager Basic Functionality should launch browser with correct options","invocations":1,"location":null,"numPassingAsserts":1,"retryReasons":[],"status":"passed","title":"should launch browser with correct options"},{"ancestorTitles":["BrowserManager"],"duration":21,"failureDetails":[],"failureMessages":[],"fullName":"BrowserManager should create a new session successfully","invocations":1,"location":null,"numPassingAsserts":2,"retryReasons":[],"status":"passed","title":"should create a new session successfully"},{"ancestorTitles":["BrowserManager"],"duration":28,"failureDetails":[],"failureMessages":[],"fullName":"BrowserManager should handle session creation failure","invocations":1,"location":null,"numPassingAsserts":1,"retryReasons":[],"status":"passed","title":"should handle session creation failure"},{"ancestorTitles":["BrowserManager"],"duration":28,"failureDetails":[],"failureMessages":[],"fullName":"BrowserManager should check session health","invocations":1,"location":null,"numPassingAsserts":2,"retryReasons":[],"status":"passed","title":"should check session health"},{"ancestorTitles":["BrowserManager"],"duration":19,"failureDetails":[],"failureMessages":[],"fullName":"BrowserManager should handle non-existent session health check","invocations":1,"location":null,"numPassingAsserts":1,"retryReasons":[],"status":"passed","title":"should handle non-existent session health check"},{"ancestorTitles":["BrowserManager"],"duration":30,"failureDetails":[],"failureMessages":[],"fullName":"BrowserManager should close session successfully","invocations":1,"location":null,"numPassingAsserts":1,"retryReasons":[],"status":"passed","title":"should close session successfully"},{"ancestorTitles":["BrowserManager"],"duration":16,"failureDetails":[],"failureMessages":[],"fullName":"BrowserManager should handle closing non-existent session","invocations":1,"location":null,"numPassingAsserts":1,"retryReasons":[],"status":"passed","title":"should handle closing non-existent session"},{"ancestorTitles":["BrowserManager","createSession"],"duration":31,"failureDetails":[],"failureMessages":[],"fullName":"BrowserManager createSession should create a new browser session","invocations":1,"location":null,"numPassingAsserts":4,"retryReasons":[],"status":"passed","title":"should create a new browser session"},{"ancestorTitles":["BrowserManager","createSession"],"duration":22,"failureDetails":[],"failureMessages":[],"fullName":"BrowserManager createSession should handle browser launch failures","invocations":1,"location":null,"numPassingAsserts":2,"retryReasons":[],"status":"passed","title":"should handle browser launch failures"},{"ancestorTitles":["BrowserManager","createSession"],"duration":32,"failureDetails":[],"failureMessages":[],"fullName":"BrowserManager createSession should handle context creation failures","invocations":1,"location":null,"numPassingAsserts":2,"retryReasons":[],"status":"passed","title":"should handle context creation failures"},{"ancestorTitles":["BrowserManager","createSession"],"duration":27,"failureDetails":[],"failureMessages":[],"fullName":"BrowserManager createSession should set up request interception","invocations":1,"location":null,"numPassingAsserts":5,"retryReasons":[],"status":"passed","title":"should set up request interception"},{"ancestorTitles":["BrowserManager","closeSession"],"duration":24,"failureDetails":[{"matcherResult":{"message":"\u001b[2mexpect(\u001b[22m\u001b[31mjest.fn()\u001b[39m\u001b[2m).\u001b[22mtoHaveBeenCalled\u001b[2m()\u001b[22m\n\nExpected number of calls: >= \u001b[32m1\u001b[39m\nReceived number of calls:    \u001b[31m0\u001b[39m","pass":false}}],"failureMessages":["Error: \u001b[2mexpect(\u001b[22m\u001b[31mjest.fn()\u001b[39m\u001b[2m).\u001b[22mtoHaveBeenCalled\u001b[2m()\u001b[22m\n\nExpected number of calls: >= \u001b[32m1\u001b[39m\nReceived number of calls:    \u001b[31m0\u001b[39m\n    at Object.<anonymous> (C:\\Praca\\saas\\poshproject\\server\\src\\automation\\__tests__\\BrowserManager.test.ts:480:33)"],"fullName":"BrowserManager closeSession should close an existing session","invocations":1,"location":null,"numPassingAsserts":1,"retryReasons":[],"status":"failed","title":"should close an existing session"},{"ancestorTitles":["BrowserManager","closeSession"],"duration":25,"failureDetails":[],"failureMessages":[],"fullName":"BrowserManager closeSession should handle non-existent sessions","invocations":1,"location":null,"numPassingAsserts":1,"retryReasons":[],"status":"passed","title":"should handle non-existent sessions"},{"ancestorTitles":["BrowserManager","closeSession"],"duration":22,"failureDetails":[],"failureMessages":[],"fullName":"BrowserManager closeSession should handle closure errors","invocations":1,"location":null,"numPassingAsserts":1,"retryReasons":[],"status":"passed","title":"should handle closure errors"},{"ancestorTitles":["BrowserManager","closeAllSessions"],"duration":36,"failureDetails":[{"matcherResult":{"message":"\u001b[2mexpect(\u001b[22m\u001b[31mjest.fn()\u001b[39m\u001b[2m).\u001b[22mtoHaveBeenCalledTimes\u001b[2m(\u001b[22m\u001b[32mexpected\u001b[39m\u001b[2m)\u001b[22m\n\nExpected number of calls: \u001b[32m2\u001b[39m\nReceived number of calls: \u001b[31m0\u001b[39m","pass":false}}],"failureMessages":["Error: \u001b[2mexpect(\u001b[22m\u001b[31mjest.fn()\u001b[39m\u001b[2m).\u001b[22mtoHaveBeenCalledTimes\u001b[2m(\u001b[22m\u001b[32mexpected\u001b[39m\u001b[2m)\u001b[22m\n\nExpected number of calls: \u001b[32m2\u001b[39m\nReceived number of calls: \u001b[31m0\u001b[39m\n    at Object.<anonymous> (C:\\Praca\\saas\\poshproject\\server\\src\\automation\\__tests__\\BrowserManager.test.ts:507:33)"],"fullName":"BrowserManager closeAllSessions should close all active sessions","invocations":1,"location":null,"numPassingAsserts":1,"retryReasons":[],"status":"failed","title":"should close all active sessions"},{"ancestorTitles":["BrowserManager","closeAllSessions"],"duration":35,"failureDetails":[],"failureMessages":[],"fullName":"BrowserManager closeAllSessions should handle closure errors in multiple sessions","invocations":1,"location":null,"numPassingAsserts":1,"retryReasons":[],"status":"passed","title":"should handle closure errors in multiple sessions"},{"ancestorTitles":["BrowserManager","Session Health Monitoring"],"duration":25,"failureDetails":[],"failureMessages":[],"fullName":"BrowserManager Session Health Monitoring should update session metrics correctly","invocations":1,"location":null,"numPassingAsserts":4,"retryReasons":[],"status":"passed","title":"should update session metrics correctly"},{"ancestorTitles":["BrowserManager","Session Health Monitoring"],"duration":27,"failureDetails":[],"failureMessages":[],"fullName":"BrowserManager Session Health Monitoring should track failed operations","invocations":1,"location":null,"numPassingAsserts":2,"retryReasons":[],"status":"passed","title":"should track failed operations"},{"ancestorTitles":["BrowserManager","Session Health Monitoring"],"duration":31,"failureDetails":[{"matcherResult":{"actual":"failed","expected":"degraded","message":"\u001b[2mexpect(\u001b[22m\u001b[31mreceived\u001b[39m\u001b[2m).\u001b[22mtoBe\u001b[2m(\u001b[22m\u001b[32mexpected\u001b[39m\u001b[2m) // Object.is equality\u001b[22m\n\nExpected: \u001b[32m\"\u001b[7mdegrad\u001b[27med\"\u001b[39m\nReceived: \u001b[31m\"\u001b[7mfail\u001b[27med\"\u001b[39m","name":"toBe","pass":false}}],"failureMessages":["Error: \u001b[2mexpect(\u001b[22m\u001b[31mreceived\u001b[39m\u001b[2m).\u001b[22mtoBe\u001b[2m(\u001b[22m\u001b[32mexpected\u001b[39m\u001b[2m) // Object.is equality\u001b[22m\n\nExpected: \u001b[32m\"\u001b[7mdegrad\u001b[27med\"\u001b[39m\nReceived: \u001b[31m\"\u001b[7mfail\u001b[27med\"\u001b[39m\n    at Object.<anonymous> (C:\\Praca\\saas\\poshproject\\server\\src\\automation\\__tests__\\BrowserManager.test.ts:567:38)"],"fullName":"BrowserManager Session Health Monitoring should update health status based on metrics","invocations":1,"location":null,"numPassingAsserts":0,"retryReasons":[],"status":"failed","title":"should update health status based on metrics"},{"ancestorTitles":["BrowserManager","Session Health Monitoring"],"duration":24,"failureDetails":[],"failureMessages":[],"fullName":"BrowserManager Session Health Monitoring should mark session as failed with high failure rate","invocations":1,"location":null,"numPassingAsserts":1,"retryReasons":[],"status":"passed","title":"should mark session as failed with high failure rate"},{"ancestorTitles":["BrowserManager","Session Health Monitoring"],"duration":29,"failureDetails":[{"matcherResult":{"message":"\u001b[2mexpect(\u001b[22m\u001b[31mreceived\u001b[39m\u001b[2m).\u001b[22mtoBeGreaterThan\u001b[2m(\u001b[22m\u001b[32mexpected\u001b[39m\u001b[2m)\u001b[22m\n\nExpected: > \u001b[32m0\u001b[39m\nReceived:   \u001b[31m0\u001b[39m","pass":false}}],"failureMessages":["Error: \u001b[2mexpect(\u001b[22m\u001b[31mreceived\u001b[39m\u001b[2m).\u001b[22mtoBeGreaterThan\u001b[2m(\u001b[22m\u001b[32mexpected\u001b[39m\u001b[2m)\u001b[22m\n\nExpected: > \u001b[32m0\u001b[39m\nReceived:   \u001b[31m0\u001b[39m\n    at Object.<anonymous> (C:\\Praca\\saas\\poshproject\\server\\src\\automation\\__tests__\\BrowserManager.test.ts:595:55)"],"fullName":"BrowserManager Session Health Monitoring should attempt session recovery when health check fails","invocations":1,"location":null,"numPassingAsserts":0,"retryReasons":[],"status":"failed","title":"should attempt session recovery when health check fails"},{"ancestorTitles":["BrowserManager","Session Health Monitoring"],"duration":26,"failureDetails":[],"failureMessages":[],"fullName":"BrowserManager Session Health Monitoring should close session after max recovery attempts","invocations":1,"location":null,"numPassingAsserts":1,"retryReasons":[],"status":"passed","title":"should close session after max recovery attempts"}],"endTime":1745587793367,"message":"\u001b[1m\u001b[31m  \u001b[1m● \u001b[22m\u001b[1mBrowserManager › Session Health Monitoring › should update health status based on metrics\u001b[39m\u001b[22m\n\n    \u001b[2mexpect(\u001b[22m\u001b[31mreceived\u001b[39m\u001b[2m).\u001b[22mtoBe\u001b[2m(\u001b[22m\u001b[32mexpected\u001b[39m\u001b[2m) // Object.is equality\u001b[22m\n\n    Expected: \u001b[32m\"\u001b[7mdegrad\u001b[27med\"\u001b[39m\n    Received: \u001b[31m\"\u001b[7mfail\u001b[27med\"\u001b[39m\n\u001b[2m\u001b[22m\n\u001b[2m    \u001b[0m \u001b[90m 164 |\u001b[39m       \u001b[90m// eslint-disable-next-line no-console\u001b[39m\u001b[22m\n\u001b[2m     \u001b[90m 165 |\u001b[39m       console\u001b[33m.\u001b[39mlog(\u001b[32m'Session after health status degrade:'\u001b[39m\u001b[33m,\u001b[39m session)\u001b[33m;\u001b[39m\u001b[22m\n\u001b[2m    \u001b[31m\u001b[1m>\u001b[22m\u001b[2m\u001b[39m\u001b[90m 166 |\u001b[39m       expect(session\u001b[33m?\u001b[39m\u001b[33m.\u001b[39mhealth\u001b[33m.\u001b[39mstatus)\u001b[33m.\u001b[39mtoBe(\u001b[32m'degraded'\u001b[39m)\u001b[33m;\u001b[39m\u001b[22m\n\u001b[2m     \u001b[90m     |\u001b[39m                                      \u001b[31m\u001b[1m^\u001b[22m\u001b[2m\u001b[39m\u001b[22m\n\u001b[2m     \u001b[90m 167 |\u001b[39m     })\u001b[33m;\u001b[39m\u001b[22m\n\u001b[2m     \u001b[90m 168 |\u001b[39m\u001b[22m\n\u001b[2m     \u001b[90m 169 |\u001b[39m     it(\u001b[32m'should mark session as failed with high failure rate'\u001b[39m\u001b[33m,\u001b[39m \u001b[36masync\u001b[39m () \u001b[33m=>\u001b[39m {\u001b[0m\u001b[22m\n\u001b[2m\u001b[22m\n\u001b[2m      \u001b[2mat Object.<anonymous> (\u001b[22m\u001b[2m\u001b[0m\u001b[36msrc/automation/__tests__/BrowserManager.test.ts\u001b[39m\u001b[0m\u001b[2m:166:38)\u001b[22m\u001b[2m\u001b[22m\n\n\u001b[1m\u001b[31m  \u001b[1m● \u001b[22m\u001b[1mBrowserManager › Session Health Monitoring › should attempt session recovery when health check fails\u001b[39m\u001b[22m\n\n    \u001b[2mexpect(\u001b[22m\u001b[31mreceived\u001b[39m\u001b[2m).\u001b[22mtoBeGreaterThan\u001b[2m(\u001b[22m\u001b[32mexpected\u001b[39m\u001b[2m)\u001b[22m\n\n    Expected: > \u001b[32m0\u001b[39m\n    Received:   \u001b[31m0\u001b[39m\n\u001b[2m\u001b[22m\n\u001b[2m    \u001b[0m \u001b[90m 192 |\u001b[39m       \u001b[90m// eslint-disable-next-line no-console\u001b[39m\u001b[22m\n\u001b[2m     \u001b[90m 193 |\u001b[39m       console\u001b[33m.\u001b[39mlog(\u001b[32m'Session after recovery attempt:'\u001b[39m\u001b[33m,\u001b[39m session)\u001b[33m;\u001b[39m\u001b[22m\n\u001b[2m    \u001b[31m\u001b[1m>\u001b[22m\u001b[2m\u001b[39m\u001b[90m 194 |\u001b[39m       expect((session\u001b[33m?\u001b[39m\u001b[33m.\u001b[39mhealth\u001b[33m.\u001b[39mrecoveryAttempts \u001b[33m?\u001b[39m\u001b[33m?\u001b[39m \u001b[35m0\u001b[39m))\u001b[33m.\u001b[39mtoBeGreaterThan(\u001b[35m0\u001b[39m)\u001b[33m;\u001b[39m\u001b[22m\n\u001b[2m     \u001b[90m     |\u001b[39m                                                       \u001b[31m\u001b[1m^\u001b[22m\u001b[2m\u001b[39m\u001b[22m\n\u001b[2m     \u001b[90m 195 |\u001b[39m     })\u001b[33m;\u001b[39m\u001b[22m\n\u001b[2m     \u001b[90m 196 |\u001b[39m\u001b[22m\n\u001b[2m     \u001b[90m 197 |\u001b[39m     it(\u001b[32m'should close session after max recovery attempts'\u001b[39m\u001b[33m,\u001b[39m \u001b[36masync\u001b[39m () \u001b[33m=>\u001b[39m {\u001b[0m\u001b[22m\n\u001b[2m\u001b[22m\n\u001b[2m      \u001b[2mat Object.<anonymous> (\u001b[22m\u001b[2m\u001b[0m\u001b[36msrc/automation/__tests__/BrowserManager.test.ts\u001b[39m\u001b[0m\u001b[2m:194:55)\u001b[22m\u001b[2m\u001b[22m\n\n\u001b[1m\u001b[31m  \u001b[1m● \u001b[22m\u001b[1mBrowserManager › closeSession › should close an existing session\u001b[39m\u001b[22m\n\n    \u001b[2mexpect(\u001b[22m\u001b[31mjest.fn()\u001b[39m\u001b[2m).\u001b[22mtoHaveBeenCalled\u001b[2m()\u001b[22m\n\n    Expected number of calls: >= \u001b[32m1\u001b[39m\n    Received number of calls:    \u001b[31m0\u001b[39m\n\u001b[2m\u001b[22m\n\u001b[2m    \u001b[0m \u001b[90m 478 |\u001b[39m       \u001b[36mawait\u001b[39m manager\u001b[33m.\u001b[39mcloseSession(testUserId)\u001b[33m;\u001b[39m\u001b[22m\n\u001b[2m     \u001b[90m 479 |\u001b[39m       expect(mockContext\u001b[33m.\u001b[39mclose)\u001b[33m.\u001b[39mtoHaveBeenCalled()\u001b[33m;\u001b[39m\u001b[22m\n\u001b[2m    \u001b[31m\u001b[1m>\u001b[22m\u001b[2m\u001b[39m\u001b[90m 480 |\u001b[39m       expect(mockBrowser\u001b[33m.\u001b[39mclose)\u001b[33m.\u001b[39mtoHaveBeenCalled()\u001b[33m;\u001b[39m\u001b[22m\n\u001b[2m     \u001b[90m     |\u001b[39m                                 \u001b[31m\u001b[1m^\u001b[22m\u001b[2m\u001b[39m\u001b[22m\n\u001b[2m     \u001b[90m 481 |\u001b[39m     })\u001b[33m;\u001b[39m\u001b[22m\n\u001b[2m     \u001b[90m 482 |\u001b[39m\u001b[22m\n\u001b[2m     \u001b[90m 483 |\u001b[39m     it(\u001b[32m'should handle non-existent sessions'\u001b[39m\u001b[33m,\u001b[39m \u001b[36masync\u001b[39m () \u001b[33m=>\u001b[39m {\u001b[0m\u001b[22m\n\u001b[2m\u001b[22m\n\u001b[2m      \u001b[2mat Object.<anonymous> (\u001b[22m\u001b[2m\u001b[0m\u001b[36msrc/automation/__tests__/BrowserManager.test.ts\u001b[39m\u001b[0m\u001b[2m:480:33)\u001b[22m\u001b[2m\u001b[22m\n\n\u001b[1m\u001b[31m  \u001b[1m● \u001b[22m\u001b[1mBrowserManager › closeAllSessions › should close all active sessions\u001b[39m\u001b[22m\n\n    \u001b[2mexpect(\u001b[22m\u001b[31mjest.fn()\u001b[39m\u001b[2m).\u001b[22mtoHaveBeenCalledTimes\u001b[2m(\u001b[22m\u001b[32mexpected\u001b[39m\u001b[2m)\u001b[22m\n\n    Expected number of calls: \u001b[32m2\u001b[39m\n    Received number of calls: \u001b[31m0\u001b[39m\n\u001b[2m\u001b[22m\n\u001b[2m    \u001b[0m \u001b[90m 505 |\u001b[39m       \u001b[36mawait\u001b[39m manager\u001b[33m.\u001b[39mcloseAllSessions()\u001b[33m;\u001b[39m\u001b[22m\n\u001b[2m     \u001b[90m 506 |\u001b[39m       expect(mockContext\u001b[33m.\u001b[39mclose)\u001b[33m.\u001b[39mtoHaveBeenCalledTimes(\u001b[35m2\u001b[39m)\u001b[33m;\u001b[39m\u001b[22m\n\u001b[2m    \u001b[31m\u001b[1m>\u001b[22m\u001b[2m\u001b[39m\u001b[90m 507 |\u001b[39m       expect(mockBrowser\u001b[33m.\u001b[39mclose)\u001b[33m.\u001b[39mtoHaveBeenCalledTimes(\u001b[35m2\u001b[39m)\u001b[33m;\u001b[39m\u001b[22m\n\u001b[2m     \u001b[90m     |\u001b[39m                                 \u001b[31m\u001b[1m^\u001b[22m\u001b[2m\u001b[39m\u001b[22m\n\u001b[2m     \u001b[90m 508 |\u001b[39m     })\u001b[33m;\u001b[39m\u001b[22m\n\u001b[2m     \u001b[90m 509 |\u001b[39m\u001b[22m\n\u001b[2m     \u001b[90m 510 |\u001b[39m     it(\u001b[32m'should handle closure errors in multiple sessions'\u001b[39m\u001b[33m,\u001b[39m \u001b[36masync\u001b[39m () \u001b[33m=>\u001b[39m {\u001b[0m\u001b[22m\n\u001b[2m\u001b[22m\n\u001b[2m      \u001b[2mat Object.<anonymous> (\u001b[22m\u001b[2m\u001b[0m\u001b[36msrc/automation/__tests__/BrowserManager.test.ts\u001b[39m\u001b[0m\u001b[2m:507:33)\u001b[22m\u001b[2m\u001b[22m\n\n\u001b[1m\u001b[31m  \u001b[1m● \u001b[22m\u001b[1mBrowserManager › Session Health Monitoring › should update health status based on metrics\u001b[39m\u001b[22m\n\n    \u001b[2mexpect(\u001b[22m\u001b[31mreceived\u001b[39m\u001b[2m).\u001b[22mtoBe\u001b[2m(\u001b[22m\u001b[32mexpected\u001b[39m\u001b[2m) // Object.is equality\u001b[22m\n\n    Expected: \u001b[32m\"\u001b[7mdegrad\u001b[27med\"\u001b[39m\n    Received: \u001b[31m\"\u001b[7mfail\u001b[27med\"\u001b[39m\n\u001b[2m\u001b[22m\n\u001b[2m    \u001b[0m \u001b[90m 565 |\u001b[39m       }\u001b[22m\n\u001b[2m     \u001b[90m 566 |\u001b[39m       \u001b[36mconst\u001b[39m session \u001b[33m=\u001b[39m \u001b[36mawait\u001b[39m manager\u001b[33m.\u001b[39mgetSession(testUserId)\u001b[33m;\u001b[39m\u001b[22m\n\u001b[2m    \u001b[31m\u001b[1m>\u001b[22m\u001b[2m\u001b[39m\u001b[90m 567 |\u001b[39m       expect(session\u001b[33m?\u001b[39m\u001b[33m.\u001b[39mhealth\u001b[33m.\u001b[39mstatus)\u001b[33m.\u001b[39mtoBe(\u001b[32m'degraded'\u001b[39m)\u001b[33m;\u001b[39m\u001b[22m\n\u001b[2m     \u001b[90m     |\u001b[39m                                      \u001b[31m\u001b[1m^\u001b[22m\u001b[2m\u001b[39m\u001b[22m\n\u001b[2m     \u001b[90m 568 |\u001b[39m     })\u001b[33m;\u001b[39m\u001b[22m\n\u001b[2m     \u001b[90m 569 |\u001b[39m\u001b[22m\n\u001b[2m     \u001b[90m 570 |\u001b[39m     it(\u001b[32m'should mark session as failed with high failure rate'\u001b[39m\u001b[33m,\u001b[39m \u001b[36masync\u001b[39m () \u001b[33m=>\u001b[39m {\u001b[0m\u001b[22m\n\u001b[2m\u001b[22m\n\u001b[2m      \u001b[2mat Object.<anonymous> (\u001b[22m\u001b[2m\u001b[0m\u001b[36msrc/automation/__tests__/BrowserManager.test.ts\u001b[39m\u001b[0m\u001b[2m:567:38)\u001b[22m\u001b[2m\u001b[22m\n\n\u001b[1m\u001b[31m  \u001b[1m● \u001b[22m\u001b[1mBrowserManager › Session Health Monitoring › should attempt session recovery when health check fails\u001b[39m\u001b[22m\n\n    \u001b[2mexpect(\u001b[22m\u001b[31mreceived\u001b[39m\u001b[2m).\u001b[22mtoBeGreaterThan\u001b[2m(\u001b[22m\u001b[32mexpected\u001b[39m\u001b[2m)\u001b[22m\n\n    Expected: > \u001b[32m0\u001b[39m\n    Received:   \u001b[31m0\u001b[39m\n\u001b[2m\u001b[22m\n\u001b[2m    \u001b[0m \u001b[90m 593 |\u001b[39m       \u001b[90m// eslint-disable-next-line no-console\u001b[39m\u001b[22m\n\u001b[2m     \u001b[90m 594 |\u001b[39m       \u001b[90m// console.log('Session after failed health check:', session);\u001b[39m\u001b[22m\n\u001b[2m    \u001b[31m\u001b[1m>\u001b[22m\u001b[2m\u001b[39m\u001b[90m 595 |\u001b[39m       expect((session\u001b[33m?\u001b[39m\u001b[33m.\u001b[39mhealth\u001b[33m.\u001b[39mrecoveryAttempts \u001b[33m?\u001b[39m\u001b[33m?\u001b[39m \u001b[35m0\u001b[39m))\u001b[33m.\u001b[39mtoBeGreaterThan(\u001b[35m0\u001b[39m)\u001b[33m;\u001b[39m\u001b[22m\n\u001b[2m     \u001b[90m     |\u001b[39m                                                       \u001b[31m\u001b[1m^\u001b[22m\u001b[2m\u001b[39m\u001b[22m\n\u001b[2m     \u001b[90m 596 |\u001b[39m     })\u001b[33m;\u001b[39m\u001b[22m\n\u001b[2m     \u001b[90m 597 |\u001b[39m\u001b[22m\n\u001b[2m     \u001b[90m 598 |\u001b[39m     it(\u001b[32m'should close session after max recovery attempts'\u001b[39m\u001b[33m,\u001b[39m \u001b[36masync\u001b[39m () \u001b[33m=>\u001b[39m {\u001b[0m\u001b[22m\n\u001b[2m\u001b[22m\n\u001b[2m      \u001b[2mat Object.<anonymous> (\u001b[22m\u001b[2m\u001b[0m\u001b[36msrc/automation/__tests__/BrowserManager.test.ts\u001b[39m\u001b[0m\u001b[2m:595:55)\u001b[22m\u001b[2m\u001b[22m\n","name":"C:\\Praca\\saas\\poshproject\\server\\src\\automation\\__tests__\\BrowserManager.test.ts","startTime":1745587789552,"status":"failed","summary":""},{"assertionResults":[{"ancestorTitles":["RateLimiter"],"duration":76,"failureDetails":[],"failureMessages":[],"fullName":"RateLimiter allows requests under the limit","invocations":1,"location":null,"numPassingAsserts":10,"retryReasons":[],"status":"passed","title":"allows requests under the limit"},{"ancestorTitles":["RateLimiter"],"duration":50,"failureDetails":[],"failureMessages":[],"fullName":"RateLimiter blocks requests over max concurrent","invocations":1,"location":null,"numPassingAsserts":1,"retryReasons":[],"status":"passed","title":"blocks requests over max concurrent"},{"ancestorTitles":["RateLimiter"],"duration":50,"failureDetails":[],"failureMessages":[],"fullName":"RateLimiter respects cooldown period","invocations":1,"location":null,"numPassingAsserts":3,"retryReasons":[],"status":"passed","title":"respects cooldown period"},{"ancestorTitles":["RateLimiter"],"duration":79,"failureDetails":[],"failureMessages":[],"fullName":"RateLimiter respects maxRequestsPerMinute","invocations":1,"location":null,"numPassingAsserts":5,"retryReasons":[],"status":"passed","title":"respects maxRequestsPerMinute"},{"ancestorTitles":["RateLimiter"],"duration":86,"failureDetails":[],"failureMessages":[],"fullName":"RateLimiter enforces maxRequestsPerHour","invocations":1,"location":null,"numPassingAsserts":7,"retryReasons":[],"status":"passed","title":"enforces maxRequestsPerHour"},{"ancestorTitles":["RateLimiter"],"duration":100,"failureDetails":[],"failureMessages":[],"fullName":"RateLimiter updates config dynamically","invocations":1,"location":null,"numPassingAsserts":9,"retryReasons":[],"status":"passed","title":"updates config dynamically"},{"ancestorTitles":["RateLimiter"],"duration":36,"failureDetails":[],"failureMessages":[],"fullName":"RateLimiter provides correct rate limit info","invocations":1,"location":null,"numPassingAsserts":4,"retryReasons":[],"status":"passed","title":"provides correct rate limit info"},{"ancestorTitles":["RateLimiter"],"duration":24,"failureDetails":[{}],"failureMessages":["Error: RateLimiter config required for first initialization\n    at Function.getInstance (C:\\Praca\\saas\\poshproject\\server\\src\\automation\\utils\\RateLimiter.ts:76:15)\n    at Object.<anonymous> (C:\\Praca\\saas\\poshproject\\server\\src\\automation\\utils\\__tests__\\RateLimiter.test.ts:215:40)\n    at Promise.then.completed (C:\\Praca\\saas\\poshproject\\server\\node_modules\\jest-circus\\build\\utils.js:298:28)\n    at new Promise (<anonymous>)\n    at callAsyncCircusFn (C:\\Praca\\saas\\poshproject\\server\\node_modules\\jest-circus\\build\\utils.js:231:10)\n    at _callCircusTest (C:\\Praca\\saas\\poshproject\\server\\node_modules\\jest-circus\\build\\run.js:316:40)\n    at _runTest (C:\\Praca\\saas\\poshproject\\server\\node_modules\\jest-circus\\build\\run.js:252:3)\n    at _runTestsForDescribeBlock (C:\\Praca\\saas\\poshproject\\server\\node_modules\\jest-circus\\build\\run.js:126:9)\n    at _runTestsForDescribeBlock (C:\\Praca\\saas\\poshproject\\server\\node_modules\\jest-circus\\build\\run.js:121:9)\n    at run (C:\\Praca\\saas\\poshproject\\server\\node_modules\\jest-circus\\build\\run.js:71:3)\n    at runAndTransformResultsToJestFormat (C:\\Praca\\saas\\poshproject\\server\\node_modules\\jest-circus\\build\\legacy-code-todo-rewrite\\jestAdapterInit.js:122:21)\n    at jestAdapter (C:\\Praca\\saas\\poshproject\\server\\node_modules\\jest-circus\\build\\legacy-code-todo-rewrite\\jestAdapter.js:79:19)\n    at runTestInternal (C:\\Praca\\saas\\poshproject\\server\\node_modules\\jest-runner\\build\\runTest.js:367:16)\n    at runTest (C:\\Praca\\saas\\poshproject\\server\\node_modules\\jest-runner\\build\\runTest.js:444:34)"],"fullName":"RateLimiter falls back to default config if none provided","invocations":1,"location":null,"numPassingAsserts":0,"retryReasons":[],"status":"failed","title":"falls back to default config if none provided"},{"ancestorTitles":["RateLimiter"],"duration":54,"failureDetails":[],"failureMessages":[],"fullName":"RateLimiter handles edge case: hour limit more restrictive than minute","invocations":1,"location":null,"numPassingAsserts":6,"retryReasons":[],"status":"passed","title":"handles edge case: hour limit more restrictive than minute"},{"ancestorTitles":["RateLimiter"],"duration":29,"failureDetails":[],"failureMessages":[],"fullName":"RateLimiter handles edge case: cooldown is next reset","invocations":1,"location":null,"numPassingAsserts":2,"retryReasons":[],"status":"passed","title":"handles edge case: cooldown is next reset"},{"ancestorTitles":["RateLimiter"],"duration":35,"failureDetails":[],"failureMessages":[],"fullName":"RateLimiter does not leak singleton between tests","invocations":1,"location":null,"numPassingAsserts":1,"retryReasons":[],"status":"passed","title":"does not leak singleton between tests"},{"ancestorTitles":["RateLimiter"],"duration":131,"failureDetails":[],"failureMessages":[],"fullName":"RateLimiter logs debug for per-minute, per-hour, concurrent, and cooldown","invocations":1,"location":null,"numPassingAsserts":1,"retryReasons":[],"status":"passed","title":"logs debug for per-minute, per-hour, concurrent, and cooldown"},{"ancestorTitles":["RateLimiter"],"duration":38,"failureDetails":[],"failureMessages":[],"fullName":"RateLimiter handles multiple users independently","invocations":1,"location":null,"numPassingAsserts":2,"retryReasons":[],"status":"passed","title":"handles multiple users independently"}],"coverage":{},"endTime":1745587812969,"message":"\u001b[1m\u001b[31m  \u001b[1m● \u001b[22m\u001b[1mRateLimiter › falls back to default config if none provided\u001b[39m\u001b[22m\n\n    RateLimiter config required for first initialization\n\u001b[2m\u001b[22m\n\u001b[2m    \u001b[0m \u001b[90m 74 |\u001b[39m     \u001b[36mif\u001b[39m (\u001b[33m!\u001b[39m\u001b[33mRateLimiter\u001b[39m\u001b[33m.\u001b[39minstance) {\u001b[22m\n\u001b[2m     \u001b[90m 75 |\u001b[39m       \u001b[36mif\u001b[39m (\u001b[33m!\u001b[39mconfig) {\u001b[22m\n\u001b[2m    \u001b[31m\u001b[1m>\u001b[22m\u001b[2m\u001b[39m\u001b[90m 76 |\u001b[39m         \u001b[36mthrow\u001b[39m \u001b[36mnew\u001b[39m \u001b[33mError\u001b[39m(\u001b[32m'RateLimiter config required for first initialization'\u001b[39m)\u001b[33m;\u001b[39m\u001b[22m\n\u001b[2m     \u001b[90m    |\u001b[39m               \u001b[31m\u001b[1m^\u001b[22m\u001b[2m\u001b[39m\u001b[22m\n\u001b[2m     \u001b[90m 77 |\u001b[39m       }\u001b[22m\n\u001b[2m     \u001b[90m 78 |\u001b[39m       \u001b[33mRateLimiter\u001b[39m\u001b[33m.\u001b[39minstance \u001b[33m=\u001b[39m \u001b[36mnew\u001b[39m \u001b[33mRateLimiter\u001b[39m(config)\u001b[33m;\u001b[39m\u001b[22m\n\u001b[2m     \u001b[90m 79 |\u001b[39m     } \u001b[36melse\u001b[39m {\u001b[0m\u001b[22m\n\u001b[2m\u001b[22m\n\u001b[2m      \u001b[2mat Function.getInstance (\u001b[22m\u001b[2msrc/automation/utils/RateLimiter.ts\u001b[2m:76:15)\u001b[22m\u001b[2m\u001b[22m\n\u001b[2m      \u001b[2mat Object.<anonymous> (\u001b[22m\u001b[2m\u001b[0m\u001b[36msrc/automation/utils/__tests__/RateLimiter.test.ts\u001b[39m\u001b[0m\u001b[2m:215:40)\u001b[22m\u001b[2m\u001b[22m\n\n\n  \u001b[1m● \u001b[22mTest suite failed to run\n\n    Cannot find module '../../BrowserManager' from 'src/automation/utils/__tests__/RateLimiter.test.ts'\n\n    \u001b[0m \u001b[90m 12 |\u001b[39m describe(\u001b[32m'RateLimiter'\u001b[39m\u001b[33m,\u001b[39m () \u001b[33m=>\u001b[39m {\n     \u001b[90m 13 |\u001b[39m   afterAll(() \u001b[33m=>\u001b[39m {\n    \u001b[31m\u001b[1m>\u001b[22m\u001b[39m\u001b[90m 14 |\u001b[39m     \u001b[36mconst\u001b[39m manager \u001b[33m=\u001b[39m require(\u001b[32m'../../BrowserManager'\u001b[39m)\u001b[33m.\u001b[39m\u001b[33mBrowserManager\u001b[39m\u001b[33m.\u001b[39mgetInstance()\u001b[33m;\u001b[39m\n     \u001b[90m    |\u001b[39m                     \u001b[31m\u001b[1m^\u001b[22m\u001b[39m\n     \u001b[90m 15 |\u001b[39m     manager\u001b[33m.\u001b[39mstopMonitoring()\u001b[33m;\u001b[39m\n     \u001b[90m 16 |\u001b[39m   })\u001b[33m;\u001b[39m\n     \u001b[90m 17 |\u001b[39m   \u001b[36mlet\u001b[39m limiter\u001b[33m:\u001b[39m \u001b[33mRateLimiter\u001b[39m\u001b[33m;\u001b[39m\u001b[0m\n\n      \u001b[2mat Resolver._throwModNotFoundError (\u001b[22mnode_modules/jest-resolve/build/resolver.js\u001b[2m:427:11)\u001b[22m\n      \u001b[2mat Object.<anonymous> (\u001b[22m\u001b[0m\u001b[36msrc/automation/utils/__tests__/RateLimiter.test.ts\u001b[39m\u001b[0m\u001b[2m:14:21)\u001b[22m\n","name":"C:\\Praca\\saas\\poshproject\\server\\src\\automation\\utils\\__tests__\\RateLimiter.test.ts","startTime":1745587812969,"status":"failed","summary":""},{"assertionResults":[{"ancestorTitles":["ShareAutomation","initialize"],"duration":23,"failureDetails":[],"failureMessages":[],"fullName":"ShareAutomation initialize should successfully initialize and login","invocations":1,"location":null,"numPassingAsserts":1,"retryReasons":[],"status":"passed","title":"should successfully initialize and login"},{"ancestorTitles":["ShareAutomation","initialize"],"duration":20,"failureDetails":[],"failureMessages":[],"fullName":"ShareAutomation initialize should handle CAPTCHA detection","invocations":1,"location":null,"numPassingAsserts":1,"retryReasons":[],"status":"passed","title":"should handle CAPTCHA detection"},{"ancestorTitles":["ShareAutomation","initialize"],"duration":16,"failureDetails":[],"failureMessages":[],"fullName":"ShareAutomation initialize should handle login failure","invocations":1,"location":null,"numPassingAsserts":1,"retryReasons":[],"status":"passed","title":"should handle login failure"},{"ancestorTitles":["ShareAutomation","initialize"],"duration":10,"failureDetails":[],"failureMessages":[],"fullName":"ShareAutomation initialize should handle browser creation failure","invocations":1,"location":null,"numPassingAsserts":2,"retryReasons":[],"status":"passed","title":"should handle browser creation failure"},{"ancestorTitles":["ShareAutomation","initialize"],"duration":11,"failureDetails":[],"failureMessages":[],"fullName":"ShareAutomation initialize should handle navigation failure","invocations":1,"location":null,"numPassingAsserts":1,"retryReasons":[],"status":"passed","title":"should handle navigation failure"},{"ancestorTitles":["ShareAutomation","shareCloset"],"duration":5953,"failureDetails":[],"failureMessages":[],"fullName":"ShareAutomation shareCloset should share items successfully","invocations":1,"location":null,"numPassingAsserts":1,"retryReasons":[],"status":"passed","title":"should share items successfully"},{"ancestorTitles":["ShareAutomation","shareCloset"],"duration":15,"failureDetails":[],"failureMessages":[],"fullName":"ShareAutomation shareCloset should handle sharing errors gracefully","invocations":1,"location":null,"numPassingAsserts":1,"retryReasons":[],"status":"passed","title":"should handle sharing errors gracefully"},{"ancestorTitles":["ShareAutomation","shareCloset"],"duration":8,"failureDetails":[],"failureMessages":[],"fullName":"ShareAutomation shareCloset should handle empty closet","invocations":1,"location":null,"numPassingAsserts":1,"retryReasons":[],"status":"passed","title":"should handle empty closet"},{"ancestorTitles":["ShareAutomation","shareCloset"],"duration":9,"failureDetails":[],"failureMessages":[],"fullName":"ShareAutomation shareCloset should handle sharing errors","invocations":1,"location":null,"numPassingAsserts":1,"retryReasons":[],"status":"passed","title":"should handle sharing errors"},{"ancestorTitles":["ShareAutomation","shareCloset"],"duration":6837,"failureDetails":[],"failureMessages":[],"fullName":"ShareAutomation shareCloset should respect maxItems limit","invocations":1,"location":null,"numPassingAsserts":1,"retryReasons":[],"status":"passed","title":"should respect maxItems limit"},{"ancestorTitles":["ShareAutomation","shareCloset"],"duration":15,"failureDetails":[],"failureMessages":[],"fullName":"ShareAutomation shareCloset should handle navigation failure to closet","invocations":1,"location":null,"numPassingAsserts":1,"retryReasons":[],"status":"passed","title":"should handle navigation failure to closet"},{"ancestorTitles":["ShareAutomation","shareCloset"],"duration":11,"failureDetails":[],"failureMessages":[],"fullName":"ShareAutomation shareCloset should handle failure to find closet items","invocations":1,"location":null,"numPassingAsserts":1,"retryReasons":[],"status":"passed","title":"should handle failure to find closet items"},{"ancestorTitles":["ShareAutomation","shareCloset"],"duration":8,"failureDetails":[],"failureMessages":[],"fullName":"ShareAutomation shareCloset should handle missing share button","invocations":1,"location":null,"numPassingAsserts":1,"retryReasons":[],"status":"passed","title":"should handle missing share button"},{"ancestorTitles":["ShareAutomation","shareCloset"],"duration":15,"failureDetails":[],"failureMessages":[],"fullName":"ShareAutomation shareCloset should handle not being logged in","invocations":1,"location":null,"numPassingAsserts":1,"retryReasons":[],"status":"passed","title":"should handle not being logged in"},{"ancestorTitles":["ShareAutomation","cleanup"],"duration":10,"failureDetails":[],"failureMessages":[],"fullName":"ShareAutomation cleanup should properly clean up resources","invocations":1,"location":null,"numPassingAsserts":2,"retryReasons":[],"status":"passed","title":"should properly clean up resources"},{"ancestorTitles":["ShareAutomation","cleanup"],"duration":9,"failureDetails":[],"failureMessages":[],"fullName":"ShareAutomation cleanup should handle cleanup errors gracefully","invocations":1,"location":null,"numPassingAsserts":1,"retryReasons":[],"status":"passed","title":"should handle cleanup errors gracefully"},{"ancestorTitles":["ShareAutomation","cleanup"],"duration":21,"failureDetails":[],"failureMessages":[],"fullName":"ShareAutomation cleanup should handle cleanup when resources are already null","invocations":1,"location":null,"numPassingAsserts":2,"retryReasons":[],"status":"passed","title":"should handle cleanup when resources are already null"}],"endTime":1745587807784,"message":"","name":"C:\\Praca\\saas\\poshproject\\server\\src\\automation\\__tests__\\ShareAutomation.test.ts","startTime":1745587794576,"status":"passed","summary":""},{"assertionResults":[{"ancestorTitles":["RetryManager"],"duration":57,"failureDetails":[],"failureMessages":[],"fullName":"RetryManager should successfully execute an operation that succeeds","invocations":1,"location":null,"numPassingAsserts":4,"retryReasons":[],"status":"passed","title":"should successfully execute an operation that succeeds"},{"ancestorTitles":["RetryManager"],"duration":162,"failureDetails":[],"failureMessages":[],"fullName":"RetryManager should retry on retryable errors and eventually succeed","invocations":1,"location":null,"numPassingAsserts":4,"retryReasons":[],"status":"passed","title":"should retry on retryable errors and eventually succeed"},{"ancestorTitles":["RetryManager"],"duration":48,"failureDetails":[],"failureMessages":[],"fullName":"RetryManager should throw immediately on non-retryable errors","invocations":1,"location":null,"numPassingAsserts":4,"retryReasons":[],"status":"passed","title":"should throw immediately on non-retryable errors"},{"ancestorTitles":["RetryManager"],"duration":356,"failureDetails":[],"failureMessages":[],"fullName":"RetryManager should respect max attempts and throw after all retries fail","invocations":1,"location":null,"numPassingAsserts":4,"retryReasons":[],"status":"passed","title":"should respect max attempts and throw after all retries fail"},{"ancestorTitles":["RetryManager"],"duration":355,"failureDetails":[],"failureMessages":[],"fullName":"RetryManager should use exponential backoff for delays","invocations":1,"location":null,"numPassingAsserts":1,"retryReasons":[],"status":"passed","title":"should use exponential backoff for delays"},{"ancestorTitles":["RetryManager"],"duration":2565,"failureDetails":[],"failureMessages":[],"fullName":"RetryManager should respect maxDelay limit","invocations":1,"location":null,"numPassingAsserts":1,"retryReasons":[],"status":"passed","title":"should respect maxDelay limit"}],"endTime":1745587811579,"message":"","name":"C:\\Praca\\saas\\poshproject\\server\\src\\automation\\__tests__\\RetryManager.test.ts","startTime":1745587807852,"status":"passed","summary":""},{"assertionResults":[{"ancestorTitles":["AutomationError"],"duration":2,"failureDetails":[],"failureMessages":[],"fullName":"AutomationError should create an error with default recoverable value","invocations":1,"location":null,"numPassingAsserts":4,"retryReasons":[],"status":"passed","title":"should create an error with default recoverable value"},{"ancestorTitles":["AutomationError"],"duration":1,"failureDetails":[],"failureMessages":[],"fullName":"AutomationError should create an error with custom recoverable value","invocations":1,"location":null,"numPassingAsserts":1,"retryReasons":[],"status":"passed","title":"should create an error with custom recoverable value"},{"ancestorTitles":["AutomationError","isRecoverable"],"duration":1,"failureDetails":[],"failureMessages":[],"fullName":"AutomationError isRecoverable should return true for recoverable errors","invocations":1,"location":null,"numPassingAsserts":1,"retryReasons":[],"status":"passed","title":"should return true for recoverable errors"},{"ancestorTitles":["AutomationError","isRecoverable"],"duration":1,"failureDetails":[],"failureMessages":[],"fullName":"AutomationError isRecoverable should return false for non-recoverable errors","invocations":1,"location":null,"numPassingAsserts":1,"retryReasons":[],"status":"passed","title":"should return false for non-recoverable errors"},{"ancestorTitles":["AutomationError","isRecoverable"],"duration":1,"failureDetails":[],"failureMessages":[],"fullName":"AutomationError isRecoverable should return false when recoverable is false regardless of type","invocations":1,"location":null,"numPassingAsserts":1,"retryReasons":[],"status":"passed","title":"should return false when recoverable is false regardless of type"},{"ancestorTitles":["AutomationError","isRecoverable"],"duration":1,"failureDetails":[],"failureMessages":[],"fullName":"AutomationError isRecoverable should return false for setup failures","invocations":1,"location":null,"numPassingAsserts":1,"retryReasons":[],"status":"passed","title":"should return false for setup failures"},{"ancestorTitles":["AutomationError","isRecoverable"],"duration":1,"failureDetails":[],"failureMessages":[],"fullName":"AutomationError isRecoverable should return true for other error types","invocations":1,"location":null,"numPassingAsserts":5,"retryReasons":[],"status":"passed","title":"should return true for other error types"}],"endTime":1745587811767,"message":"","name":"C:\\Praca\\saas\\poshproject\\server\\src\\automation\\utils\\__tests__\\errors.test.ts","startTime":1745587811615,"status":"passed","summary":""},{"assertionResults":[{"ancestorTitles":["RetryManager"],"duration":6,"failureDetails":[],"failureMessages":[],"fullName":"RetryManager retries on retryable error and succeeds","invocations":1,"location":null,"numPassingAsserts":2,"retryReasons":[],"status":"passed","title":"retries on retryable error and succeeds"},{"ancestorTitles":["RetryManager"],"duration":5,"failureDetails":[],"failureMessages":[],"fullName":"RetryManager throws after max attempts on retryable error","invocations":1,"location":null,"numPassingAsserts":2,"retryReasons":[],"status":"passed","title":"throws after max attempts on retryable error"},{"ancestorTitles":["RetryManager"],"duration":18,"failureDetails":[],"failureMessages":[],"fullName":"RetryManager throws immediately on non-retryable error","invocations":1,"location":null,"numPassingAsserts":1,"retryReasons":[],"status":"passed","title":"throws immediately on non-retryable error"},{"ancestorTitles":["RetryManager"],"duration":1,"failureDetails":[],"failureMessages":[],"fullName":"RetryManager returns result on first try if no error","invocations":1,"location":null,"numPassingAsserts":1,"retryReasons":[],"status":"passed","title":"returns result on first try if no error"},{"ancestorTitles":["RetryManager"],"duration":1,"failureDetails":[],"failureMessages":[],"fullName":"RetryManager throws last error if all attempts exhausted (coverage for fallback throw)","invocations":1,"location":null,"numPassingAsserts":1,"retryReasons":[],"status":"passed","title":"throws last error if all attempts exhausted (coverage for fallback throw)"},{"ancestorTitles":["RetryManager"],"duration":1,"failureDetails":[],"failureMessages":[],"fullName":"RetryManager isRetryableError returns false for non-AutomationError","invocations":1,"location":null,"numPassingAsserts":1,"retryReasons":[],"status":"passed","title":"isRetryableError returns false for non-AutomationError"},{"ancestorTitles":["RetryManager"],"duration":2,"failureDetails":[],"failureMessages":[],"fullName":"RetryManager isRetryableError returns true for AutomationError with retryable type","invocations":1,"location":null,"numPassingAsserts":1,"retryReasons":[],"status":"passed","title":"isRetryableError returns true for AutomationError with retryable type"},{"ancestorTitles":["RetryManager"],"duration":2,"failureDetails":[],"failureMessages":[],"fullName":"RetryManager isRetryableError returns false for AutomationError with non-retryable type","invocations":1,"location":null,"numPassingAsserts":1,"retryReasons":[],"status":"passed","title":"isRetryableError returns false for AutomationError with non-retryable type"}],"coverage":{},"endTime":1745587812969,"message":"\n\n  \u001b[1m● \u001b[22mTest suite failed to run\n\n    Cannot find module '../../BrowserManager' from 'src/automation/utils/__tests__/RetryManager.test.ts'\n\n    \u001b[0m \u001b[90m 4 |\u001b[39m describe(\u001b[32m'RetryManager'\u001b[39m\u001b[33m,\u001b[39m () \u001b[33m=>\u001b[39m {\n     \u001b[90m 5 |\u001b[39m   afterAll(() \u001b[33m=>\u001b[39m {\n    \u001b[31m\u001b[1m>\u001b[22m\u001b[39m\u001b[90m 6 |\u001b[39m     \u001b[36mconst\u001b[39m manager \u001b[33m=\u001b[39m require(\u001b[32m'../../BrowserManager'\u001b[39m)\u001b[33m.\u001b[39m\u001b[33mBrowserManager\u001b[39m\u001b[33m.\u001b[39mgetInstance()\u001b[33m;\u001b[39m\n     \u001b[90m   |\u001b[39m                     \u001b[31m\u001b[1m^\u001b[22m\u001b[39m\n     \u001b[90m 7 |\u001b[39m     manager\u001b[33m.\u001b[39mstopMonitoring()\u001b[33m;\u001b[39m\n     \u001b[90m 8 |\u001b[39m   })\u001b[33m;\u001b[39m\n     \u001b[90m 9 |\u001b[39m   it(\u001b[32m'retries on retryable error and succeeds'\u001b[39m\u001b[33m,\u001b[39m \u001b[36masync\u001b[39m () \u001b[33m=>\u001b[39m {\u001b[0m\n\n      \u001b[2mat Resolver._throwModNotFoundError (\u001b[22mnode_modules/jest-resolve/build/resolver.js\u001b[2m:427:11)\u001b[22m\n      \u001b[2mat Object.<anonymous> (\u001b[22m\u001b[0m\u001b[36msrc/automation/utils/__tests__/RetryManager.test.ts\u001b[39m\u001b[0m\u001b[2m:6:21)\u001b[22m\n","name":"C:\\Praca\\saas\\poshproject\\server\\src\\automation\\utils\\__tests__\\RetryManager.test.ts","startTime":1745587812969,"status":"failed","summary":""},{"assertionResults":[{"ancestorTitles":["Basic Test Suite"],"duration":2,"failureDetails":[],"failureMessages":[],"fullName":"Basic Test Suite should pass a basic test","invocations":1,"location":null,"numPassingAsserts":1,"retryReasons":[],"status":"passed","title":"should pass a basic test"}],"endTime":1745587812323,"message":"","name":"C:\\Praca\\saas\\poshproject\\server\\src\\__tests__\\basic.test.ts","startTime":1745587812092,"status":"passed","summary":""},{"assertionResults":[{"ancestorTitles":["Timing Utilities","delay"],"duration":5,"failureDetails":[],"failureMessages":[],"fullName":"Timing Utilities delay should delay for the specified time","invocations":1,"location":null,"numPassingAsserts":2,"retryReasons":[],"status":"passed","title":"should delay for the specified time"},{"ancestorTitles":["Timing Utilities","delay"],"duration":3,"failureDetails":[],"failureMessages":[],"fullName":"Timing Utilities delay should handle zero delay","invocations":1,"location":null,"numPassingAsserts":2,"retryReasons":[],"status":"passed","title":"should handle zero delay"},{"ancestorTitles":["Timing Utilities","randomDelay"],"duration":15,"failureDetails":[],"failureMessages":[],"fullName":"Timing Utilities randomDelay should delay between min and max time","invocations":1,"location":null,"numPassingAsserts":2,"retryReasons":[],"status":"passed","title":"should delay between min and max time"},{"ancestorTitles":["Timing Utilities","randomDelay"],"duration":2,"failureDetails":[],"failureMessages":[],"fullName":"Timing Utilities randomDelay should handle min equal to max","invocations":1,"location":null,"numPassingAsserts":2,"retryReasons":[],"status":"passed","title":"should handle min equal to max"},{"ancestorTitles":["Timing Utilities","randomDelay"],"duration":2,"failureDetails":[],"failureMessages":[],"fullName":"Timing Utilities randomDelay should handle edge cases of Math.random","invocations":1,"location":null,"numPassingAsserts":4,"retryReasons":[],"status":"passed","title":"should handle edge cases of Math.random"}],"endTime":1745587812562,"message":"","name":"C:\\Praca\\saas\\poshproject\\server\\src\\automation\\utils\\__tests__\\timing.test.ts","startTime":1745587812358,"status":"passed","summary":""}],"wasInterrupted":false,"coverageMap":{"C:\\Praca\\saas\\poshproject\\server\\src\\automation\\utils\\BrowserManager.ts":{"path":"C:\\Praca\\saas\\poshproject\\server\\src\\automation\\utils\\BrowserManager.ts","statementMap":{"0":{"start":{"line":1,"column":0},"end":{"line":1,"column":69}},"1":{"start":{"line":3,"column":0},"end":{"line":3,"column":34}},"2":{"start":{"line":4,"column":0},"end":{"line":4,"column":54}},"3":{"start":{"line":6,"column":0},"end":{"line":6,"column":46}},"4":{"start":{"line":7,"column":0},"end":{"line":7,"column":44}},"5":{"start":{"line":17,"column":10},"end":{"line":17,"column":62}},"6":{"start":{"line":20,"column":4},"end":{"line":20,"column":30}},"7":{"start":{"line":21,"column":4},"end":{"line":21,"column":41}},"8":{"start":{"line":22,"column":4},"end":{"line":22,"column":43}},"9":{"start":{"line":23,"column":4},"end":{"line":23,"column":49}},"10":{"start":{"line":25,"column":4},"end":{"line":30,"column":5}},"11":{"start":{"line":26,"column":6},"end":{"line":26,"column":84}},"12":{"start":{"line":27,"column":6},"end":{"line":27,"column":29}},"13":{"start":{"line":29,"column":6},"end":{"line":29,"column":86}},"14":{"start":{"line":34,"column":4},"end":{"line":36,"column":5}},"15":{"start":{"line":35,"column":6},"end":{"line":35,"column":53}},"16":{"start":{"line":37,"column":4},"end":{"line":37,"column":35}},"17":{"start":{"line":41,"column":4},"end":{"line":53,"column":6}},"18":{"start":{"line":57,"column":4},"end":{"line":74,"column":5}},"19":{"start":{"line":58,"column":6},"end":{"line":73,"column":7}},"20":{"start":{"line":59,"column":8},"end":{"line":59,"column":47}},"21":{"start":{"line":61,"column":8},"end":{"line":66,"column":9}},"22":{"start":{"line":62,"column":28},"end":{"line":62,"column":61}},"23":{"start":{"line":63,"column":10},"end":{"line":65,"column":11}},"24":{"start":{"line":64,"column":12},"end":{"line":64,"column":44}},"25":{"start":{"line":68,"column":8},"end":{"line":72,"column":11}},"26":{"start":{"line":79,"column":4},"end":{"line":79,"column":60}},"27":{"start":{"line":81,"column":4},"end":{"line":84,"column":5}},"28":{"start":{"line":82,"column":6},"end":{"line":82,"column":42}},"29":{"start":{"line":83,"column":6},"end":{"line":83,"column":72}},"30":{"start":{"line":86,"column":4},"end":{"line":89,"column":14}},"31":{"start":{"line":87,"column":6},"end":{"line":87,"column":74}},"32":{"start":{"line":88,"column":6},"end":{"line":88,"column":29}},"33":{"start":{"line":90,"column":4},"end":{"line":90,"column":57}},"34":{"start":{"line":94,"column":4},"end":{"line":98,"column":5}},"35":{"start":{"line":95,"column":6},"end":{"line":95,"column":42}},"36":{"start":{"line":96,"column":6},"end":{"line":96,"column":39}},"37":{"start":{"line":97,"column":6},"end":{"line":97,"column":81}},"38":{"start":{"line":102,"column":20},"end":{"line":102,"column":45}},"39":{"start":{"line":103,"column":4},"end":{"line":103,"column":31}},"40":{"start":{"line":103,"column":18},"end":{"line":103,"column":31}},"41":{"start":{"line":105,"column":4},"end":{"line":105,"column":38}},"42":{"start":{"line":107,"column":4},"end":{"line":114,"column":5}},"43":{"start":{"line":108,"column":6},"end":{"line":111,"column":9}},"44":{"start":{"line":112,"column":6},"end":{"line":112,"column":38}},"45":{"start":{"line":113,"column":6},"end":{"line":113,"column":19}},"46":{"start":{"line":116,"column":4},"end":{"line":171,"column":5}},"47":{"start":{"line":118,"column":6},"end":{"line":121,"column":9}},"48":{"start":{"line":124,"column":35},"end":{"line":146,"column":null}},"49":{"start":{"line":126,"column":26},"end":{"line":134,"column":12}},"50":{"start":{"line":136,"column":26},"end":{"line":143,"column":12}},"51":{"start":{"line":145,"column":10},"end":{"line":145,"column":38}},"52":{"start":{"line":150,"column":6},"end":{"line":150,"column":32}},"53":{"start":{"line":151,"column":6},"end":{"line":151,"column":32}},"54":{"start":{"line":152,"column":6},"end":{"line":152,"column":40}},"55":{"start":{"line":153,"column":6},"end":{"line":153,"column":44}},"56":{"start":{"line":154,"column":6},"end":{"line":154,"column":33}},"57":{"start":{"line":156,"column":6},"end":{"line":160,"column":9}},"58":{"start":{"line":162,"column":6},"end":{"line":162,"column":18}},"59":{"start":{"line":164,"column":6},"end":{"line":168,"column":9}},"60":{"start":{"line":169,"column":6},"end":{"line":169,"column":38}},"61":{"start":{"line":170,"column":6},"end":{"line":170,"column":19}},"62":{"start":{"line":175,"column":4},"end":{"line":205,"column":5}},"63":{"start":{"line":176,"column":24},"end":{"line":176,"column":34}},"64":{"start":{"line":177,"column":19},"end":{"line":177,"column":50}},"65":{"start":{"line":178,"column":6},"end":{"line":178,"column":25}},"66":{"start":{"line":180,"column":23},"end":{"line":180,"column":45}},"67":{"start":{"line":181,"column":6},"end":{"line":184,"column":9}},"68":{"start":{"line":186,"column":6},"end":{"line":186,"column":44}},"69":{"start":{"line":188,"column":24},"end":{"line":188,"column":89}},"70":{"start":{"line":189,"column":26},"end":{"line":189,"column":85}},"71":{"start":{"line":191,"column":6},"end":{"line":196,"column":9}},"72":{"start":{"line":198,"column":6},"end":{"line":202,"column":9}},"73":{"start":{"line":204,"column":6},"end":{"line":204,"column":39}},"74":{"start":{"line":209,"column":20},"end":{"line":209,"column":49}},"75":{"start":{"line":210,"column":4},"end":{"line":210,"column":25}},"76":{"start":{"line":210,"column":18},"end":{"line":210,"column":25}},"77":{"start":{"line":212,"column":40},"end":{"line":212,"column":54}},"78":{"start":{"line":213,"column":4},"end":{"line":213,"column":37}},"79":{"start":{"line":215,"column":4},"end":{"line":217,"column":5}},"80":{"start":{"line":216,"column":6},"end":{"line":216,"column":40}},"81":{"start":{"line":220,"column":34},"end":{"line":220,"column":41}},"82":{"start":{"line":221,"column":4},"end":{"line":221,"column":56}},"83":{"start":{"line":223,"column":4},"end":{"line":230,"column":5}},"84":{"start":{"line":224,"column":6},"end":{"line":224,"column":61}},"85":{"start":{"line":226,"column":6},"end":{"line":229,"column":8}},"86":{"start":{"line":232,"column":4},"end":{"line":232,"column":37}},"87":{"start":{"line":236,"column":32},"end":{"line":236,"column":46}},"88":{"start":{"line":237,"column":24},"end":{"line":238,"column":60}},"89":{"start":{"line":239,"column":28},"end":{"line":241,"column":6}},"90":{"start":{"line":240,"column":15},"end":{"line":240,"column":69}},"91":{"start":{"line":243,"column":4},"end":{"line":249,"column":5}},"92":{"start":{"line":244,"column":6},"end":{"line":244,"column":39}},"93":{"start":{"line":245,"column":11},"end":{"line":249,"column":5}},"94":{"start":{"line":246,"column":6},"end":{"line":246,"column":41}},"95":{"start":{"line":248,"column":6},"end":{"line":248,"column":40}},"96":{"start":{"line":254,"column":4},"end":{"line":256,"column":5}},"97":{"start":{"line":255,"column":6},"end":{"line":255,"column":42}},"98":{"start":{"line":257,"column":24},"end":{"line":316,"column":8}},"99":{"start":{"line":258,"column":6},"end":{"line":265,"column":7}},"100":{"start":{"line":259,"column":21},"end":{"line":259,"column":62}},"101":{"start":{"line":260,"column":8},"end":{"line":264,"column":10}},"102":{"start":{"line":266,"column":6},"end":{"line":315,"column":7}},"103":{"start":{"line":267,"column":24},"end":{"line":275,"column":10}},"104":{"start":{"line":276,"column":24},"end":{"line":283,"column":10}},"105":{"start":{"line":284,"column":8},"end":{"line":284,"column":41}},"106":{"start":{"line":286,"column":8},"end":{"line":293,"column":11}},"107":{"start":{"line":287,"column":31},"end":{"line":287,"column":61}},"108":{"start":{"line":288,"column":10},"end":{"line":292,"column":11}},"109":{"start":{"line":289,"column":12},"end":{"line":289,"column":32}},"110":{"start":{"line":291,"column":12},"end":{"line":291,"column":35}},"111":{"start":{"line":294,"column":21},"end":{"line":294,"column":44}},"112":{"start":{"line":295,"column":40},"end":{"line":302,"column":10}},"113":{"start":{"line":303,"column":8},"end":{"line":303,"column":43}},"114":{"start":{"line":304,"column":8},"end":{"line":304,"column":33}},"115":{"start":{"line":306,"column":8},"end":{"line":306,"column":68}},"116":{"start":{"line":308,"column":8},"end":{"line":312,"column":10}},"117":{"start":{"line":314,"column":8},"end":{"line":314,"column":46}},"118":{"start":{"line":318,"column":4},"end":{"line":318,"column":63}},"119":{"start":{"line":319,"column":4},"end":{"line":323,"column":5}},"120":{"start":{"line":320,"column":6},"end":{"line":320,"column":31}},"121":{"start":{"line":322,"column":6},"end":{"line":322,"column":39}},"122":{"start":{"line":327,"column":20},"end":{"line":327,"column":45}},"123":{"start":{"line":328,"column":4},"end":{"line":328,"column":30}},"124":{"start":{"line":328,"column":18},"end":{"line":328,"column":30}},"125":{"start":{"line":331,"column":4},"end":{"line":331,"column":41}},"126":{"start":{"line":332,"column":4},"end":{"line":332,"column":19}},"127":{"start":{"line":336,"column":20},"end":{"line":336,"column":49}},"128":{"start":{"line":337,"column":4},"end":{"line":337,"column":30}},"129":{"start":{"line":337,"column":18},"end":{"line":337,"column":30}},"130":{"start":{"line":339,"column":4},"end":{"line":339,"column":43}},"131":{"start":{"line":341,"column":4},"end":{"line":347,"column":5}},"132":{"start":{"line":342,"column":24},"end":{"line":342,"column":57}},"133":{"start":{"line":343,"column":6},"end":{"line":346,"column":7}},"134":{"start":{"line":344,"column":8},"end":{"line":344,"column":40}},"135":{"start":{"line":345,"column":8},"end":{"line":345,"column":20}},"136":{"start":{"line":349,"column":4},"end":{"line":349,"column":26}},"137":{"start":{"line":353,"column":20},"end":{"line":353,"column":45}},"138":{"start":{"line":354,"column":4},"end":{"line":371,"column":5}},"139":{"start":{"line":355,"column":6},"end":{"line":370,"column":7}},"140":{"start":{"line":356,"column":8},"end":{"line":359,"column":11}},"141":{"start":{"line":361,"column":8},"end":{"line":361,"column":67}},"142":{"start":{"line":363,"column":8},"end":{"line":363,"column":37}},"143":{"start":{"line":365,"column":25},"end":{"line":365,"column":61}},"144":{"start":{"line":366,"column":8},"end":{"line":369,"column":9}},"145":{"start":{"line":367,"column":10},"end":{"line":367,"column":34}},"146":{"start":{"line":368,"column":10},"end":{"line":368,"column":50}},"147":{"start":{"line":375,"column":4},"end":{"line":375,"column":26}},"148":{"start":{"line":376,"column":26},"end":{"line":377,"column":null}},"149":{"start":{"line":377,"column":6},"end":{"line":377,"column":31}},"150":{"start":{"line":379,"column":4},"end":{"line":379,"column":44}},"151":{"start":{"line":383,"column":16},"end":{"line":383,"column":26}},"152":{"start":{"line":384,"column":4},"end":{"line":389,"column":5}},"153":{"start":{"line":385,"column":27},"end":{"line":385,"column":76}},"154":{"start":{"line":386,"column":6},"end":{"line":388,"column":7}},"155":{"start":{"line":387,"column":8},"end":{"line":387,"column":40}},"156":{"start":{"line":393,"column":4},"end":{"line":396,"column":5}},"157":{"start":{"line":394,"column":19},"end":{"line":394,"column":60}},"158":{"start":{"line":395,"column":6},"end":{"line":395,"column":98}},"159":{"start":{"line":398,"column":4},"end":{"line":402,"column":5}},"160":{"start":{"line":399,"column":6},"end":{"line":399,"column":28}},"161":{"start":{"line":401,"column":6},"end":{"line":401,"column":44}},"162":{"start":{"line":9,"column":0},"end":{"line":9,"column":13}},"163":{"start":{"line":10,"column":9},"end":{"line":10,"column":37}}},"fnMap":{"0":{"name":"(anonymous_0)","decl":{"start":{"line":19,"column":2},"end":{"line":19,"column":null}},"loc":{"start":{"line":19,"column":2},"end":{"line":31,"column":3}}},"1":{"name":"(anonymous_1)","decl":{"start":{"line":33,"column":2},"end":{"line":33,"column":8}},"loc":{"start":{"line":33,"column":20},"end":{"line":38,"column":3}}},"2":{"name":"(anonymous_2)","decl":{"start":{"line":40,"column":10},"end":{"line":40,"column":27}},"loc":{"start":{"line":40,"column":27},"end":{"line":54,"column":3}}},"3":{"name":"(anonymous_3)","decl":{"start":{"line":56,"column":10},"end":{"line":56,"column":15}},"loc":{"start":{"line":56,"column":31},"end":{"line":75,"column":3}}},"4":{"name":"(anonymous_4)","decl":{"start":{"line":77,"column":10},"end":{"line":77,"column":25}},"loc":{"start":{"line":77,"column":25},"end":{"line":91,"column":3}}},"5":{"name":"(anonymous_5)","decl":{"start":{"line":86,"column":39},"end":{"line":86,"column":42}},"loc":{"start":{"line":86,"column":44},"end":{"line":89,"column":5}}},"6":{"name":"(anonymous_6)","decl":{"start":{"line":93,"column":9},"end":{"line":93,"column":23}},"loc":{"start":{"line":93,"column":23},"end":{"line":99,"column":3}}},"7":{"name":"(anonymous_7)","decl":{"start":{"line":101,"column":10},"end":{"line":101,"column":15}},"loc":{"start":{"line":101,"column":45},"end":{"line":172,"column":3}}},"8":{"name":"(anonymous_8)","decl":{"start":{"line":119,"column":38},"end":{"line":119,"column":41}},"loc":{"start":{"line":119,"column":43},"end":{"line":119,"column":46}}},"9":{"name":"(anonymous_9)","decl":{"start":{"line":120,"column":38},"end":{"line":120,"column":41}},"loc":{"start":{"line":120,"column":43},"end":{"line":120,"column":46}}},"10":{"name":"(anonymous_10)","decl":{"start":{"line":125,"column":8},"end":{"line":125,"column":13}},"loc":{"start":{"line":125,"column":19},"end":{"line":146,"column":9}}},"11":{"name":"(anonymous_11)","decl":{"start":{"line":174,"column":10},"end":{"line":174,"column":15}},"loc":{"start":{"line":174,"column":58},"end":{"line":206,"column":3}}},"12":{"name":"(anonymous_12)","decl":{"start":{"line":208,"column":2},"end":{"line":208,"column":7}},"loc":{"start":{"line":208,"column":70},"end":{"line":233,"column":3}}},"13":{"name":"(anonymous_13)","decl":{"start":{"line":235,"column":10},"end":{"line":235,"column":28}},"loc":{"start":{"line":235,"column":52},"end":{"line":250,"column":3}}},"14":{"name":"(anonymous_14)","decl":{"start":{"line":240,"column":6},"end":{"line":240,"column":11}},"loc":{"start":{"line":240,"column":15},"end":{"line":240,"column":69}}},"15":{"name":"(anonymous_15)","decl":{"start":{"line":252,"column":2},"end":{"line":252,"column":7}},"loc":{"start":{"line":252,"column":61},"end":{"line":324,"column":3}}},"16":{"name":"(anonymous_16)","decl":{"start":{"line":257,"column":25},"end":{"line":257,"column":30}},"loc":{"start":{"line":257,"column":36},"end":{"line":316,"column":5}}},"17":{"name":"(anonymous_17)","decl":{"start":{"line":286,"column":36},"end":{"line":286,"column":41}},"loc":{"start":{"line":286,"column":52},"end":{"line":293,"column":9}}},"18":{"name":"(anonymous_18)","decl":{"start":{"line":326,"column":2},"end":{"line":326,"column":7}},"loc":{"start":{"line":326,"column":33},"end":{"line":333,"column":3}}},"19":{"name":"(anonymous_19)","decl":{"start":{"line":335,"column":2},"end":{"line":335,"column":7}},"loc":{"start":{"line":335,"column":34},"end":{"line":350,"column":3}}},"20":{"name":"(anonymous_20)","decl":{"start":{"line":352,"column":2},"end":{"line":352,"column":7}},"loc":{"start":{"line":352,"column":35},"end":{"line":372,"column":3}}},"21":{"name":"(anonymous_21)","decl":{"start":{"line":357,"column":40},"end":{"line":357,"column":43}},"loc":{"start":{"line":357,"column":45},"end":{"line":357,"column":48}}},"22":{"name":"(anonymous_22)","decl":{"start":{"line":358,"column":40},"end":{"line":358,"column":43}},"loc":{"start":{"line":358,"column":45},"end":{"line":358,"column":48}}},"23":{"name":"(anonymous_23)","decl":{"start":{"line":374,"column":2},"end":{"line":374,"column":7}},"loc":{"start":{"line":374,"column":24},"end":{"line":380,"column":3}}},"24":{"name":"(anonymous_24)","decl":{"start":{"line":376,"column":63},"end":{"line":376,"column":69}},"loc":{"start":{"line":377,"column":6},"end":{"line":377,"column":31}}},"25":{"name":"(anonymous_25)","decl":{"start":{"line":382,"column":2},"end":{"line":382,"column":7}},"loc":{"start":{"line":382,"column":72},"end":{"line":390,"column":3}}},"26":{"name":"(anonymous_26)","decl":{"start":{"line":392,"column":2},"end":{"line":392,"column":7}},"loc":{"start":{"line":392,"column":65},"end":{"line":403,"column":3}}}},"branchMap":{"0":{"loc":{"start":{"line":25,"column":4},"end":{"line":30,"column":5}},"type":"if","locations":[{"start":{"line":25,"column":4},"end":{"line":30,"column":5}},{"start":{"line":28,"column":11},"end":{"line":30,"column":5}}]},"1":{"loc":{"start":{"line":25,"column":8},"end":{"line":25,"column":84}},"type":"binary-expr","locations":[{"start":{"line":25,"column":8},"end":{"line":25,"column":49}},{"start":{"line":25,"column":53},"end":{"line":25,"column":84}}]},"2":{"loc":{"start":{"line":34,"column":4},"end":{"line":36,"column":5}},"type":"if","locations":[{"start":{"line":34,"column":4},"end":{"line":36,"column":5}}]},"3":{"loc":{"start":{"line":61,"column":8},"end":{"line":66,"column":9}},"type":"if","locations":[{"start":{"line":61,"column":8},"end":{"line":66,"column":9}}]},"4":{"loc":{"start":{"line":63,"column":10},"end":{"line":65,"column":11}},"type":"if","locations":[{"start":{"line":63,"column":10},"end":{"line":65,"column":11}}]},"5":{"loc":{"start":{"line":81,"column":4},"end":{"line":84,"column":5}},"type":"if","locations":[{"start":{"line":81,"column":4},"end":{"line":84,"column":5}}]},"6":{"loc":{"start":{"line":94,"column":4},"end":{"line":98,"column":5}},"type":"if","locations":[{"start":{"line":94,"column":4},"end":{"line":98,"column":5}}]},"7":{"loc":{"start":{"line":103,"column":4},"end":{"line":103,"column":31}},"type":"if","locations":[{"start":{"line":103,"column":4},"end":{"line":103,"column":31}}]},"8":{"loc":{"start":{"line":107,"column":4},"end":{"line":114,"column":5}},"type":"if","locations":[{"start":{"line":107,"column":4},"end":{"line":114,"column":5}}]},"9":{"loc":{"start":{"line":188,"column":24},"end":{"line":188,"column":89}},"type":"cond-expr","locations":[{"start":{"line":188,"column":59},"end":{"line":188,"column":69}},{"start":{"line":188,"column":72},"end":{"line":188,"column":89}}]},"10":{"loc":{"start":{"line":189,"column":26},"end":{"line":189,"column":85}},"type":"cond-expr","locations":[{"start":{"line":189,"column":61},"end":{"line":189,"column":78}},{"start":{"line":189,"column":81},"end":{"line":189,"column":85}}]},"11":{"loc":{"start":{"line":193,"column":17},"end":{"line":193,"column":71}},"type":"cond-expr","locations":[{"start":{"line":193,"column":42},"end":{"line":193,"column":55}},{"start":{"line":193,"column":58},"end":{"line":193,"column":71}}]},"12":{"loc":{"start":{"line":210,"column":4},"end":{"line":210,"column":25}},"type":"if","locations":[{"start":{"line":210,"column":4},"end":{"line":210,"column":25}}]},"13":{"loc":{"start":{"line":215,"column":4},"end":{"line":217,"column":5}},"type":"if","locations":[{"start":{"line":215,"column":4},"end":{"line":217,"column":5}}]},"14":{"loc":{"start":{"line":223,"column":4},"end":{"line":230,"column":5}},"type":"if","locations":[{"start":{"line":223,"column":4},"end":{"line":230,"column":5}},{"start":{"line":225,"column":11},"end":{"line":230,"column":5}}]},"15":{"loc":{"start":{"line":237,"column":24},"end":{"line":238,"column":60}},"type":"cond-expr","locations":[{"start":{"line":238,"column":6},"end":{"line":238,"column":56}},{"start":{"line":238,"column":59},"end":{"line":238,"column":60}}]},"16":{"loc":{"start":{"line":243,"column":4},"end":{"line":249,"column":5}},"type":"if","locations":[{"start":{"line":243,"column":4},"end":{"line":249,"column":5}},{"start":{"line":245,"column":11},"end":{"line":249,"column":5}}]},"17":{"loc":{"start":{"line":243,"column":8},"end":{"line":243,"column":48}},"type":"binary-expr","locations":[{"start":{"line":243,"column":8},"end":{"line":243,"column":26}},{"start":{"line":243,"column":30},"end":{"line":243,"column":48}}]},"18":{"loc":{"start":{"line":245,"column":11},"end":{"line":249,"column":5}},"type":"if","locations":[{"start":{"line":245,"column":11},"end":{"line":249,"column":5}},{"start":{"line":247,"column":11},"end":{"line":249,"column":5}}]},"19":{"loc":{"start":{"line":245,"column":15},"end":{"line":245,"column":52}},"type":"binary-expr","locations":[{"start":{"line":245,"column":15},"end":{"line":245,"column":33}},{"start":{"line":245,"column":37},"end":{"line":245,"column":52}}]},"20":{"loc":{"start":{"line":258,"column":6},"end":{"line":265,"column":7}},"type":"if","locations":[{"start":{"line":258,"column":6},"end":{"line":265,"column":7}}]},"21":{"loc":{"start":{"line":288,"column":10},"end":{"line":292,"column":11}},"type":"if","locations":[{"start":{"line":288,"column":10},"end":{"line":292,"column":11}},{"start":{"line":290,"column":17},"end":{"line":292,"column":11}}]},"22":{"loc":{"start":{"line":328,"column":4},"end":{"line":328,"column":30}},"type":"if","locations":[{"start":{"line":328,"column":4},"end":{"line":328,"column":30}}]},"23":{"loc":{"start":{"line":337,"column":4},"end":{"line":337,"column":30}},"type":"if","locations":[{"start":{"line":337,"column":4},"end":{"line":337,"column":30}}]},"24":{"loc":{"start":{"line":341,"column":4},"end":{"line":347,"column":5}},"type":"if","locations":[{"start":{"line":341,"column":4},"end":{"line":347,"column":5}}]},"25":{"loc":{"start":{"line":343,"column":6},"end":{"line":346,"column":7}},"type":"if","locations":[{"start":{"line":343,"column":6},"end":{"line":346,"column":7}}]},"26":{"loc":{"start":{"line":354,"column":4},"end":{"line":371,"column":5}},"type":"if","locations":[{"start":{"line":354,"column":4},"end":{"line":371,"column":5}}]},"27":{"loc":{"start":{"line":366,"column":8},"end":{"line":369,"column":9}},"type":"if","locations":[{"start":{"line":366,"column":8},"end":{"line":369,"column":9}}]},"28":{"loc":{"start":{"line":382,"column":32},"end":{"line":382,"column":72}},"type":"default-arg","locations":[{"start":{"line":382,"column":58},"end":{"line":382,"column":72}}]},"29":{"loc":{"start":{"line":386,"column":6},"end":{"line":388,"column":7}},"type":"if","locations":[{"start":{"line":386,"column":6},"end":{"line":388,"column":7}}]},"30":{"loc":{"start":{"line":393,"column":4},"end":{"line":396,"column":5}},"type":"if","locations":[{"start":{"line":393,"column":4},"end":{"line":396,"column":5}}]}},"s":{"0":8,"1":8,"2":8,"3":8,"4":8,"5":46,"6":46,"7":46,"8":46,"9":46,"10":46,"11":0,"12":0,"13":46,"14":56,"15":46,"16":56,"17":29,"18":0,"19":0,"20":0,"21":0,"22":0,"23":0,"24":0,"25":0,"26":0,"27":0,"28":0,"29":0,"30":0,"31":0,"32":0,"33":0,"34":89,"35":0,"36":0,"37":0,"38":4,"39":4,"40":0,"41":4,"42":4,"43":0,"44":0,"45":0,"46":4,"47":4,"48":0,"49":0,"50":0,"51":0,"52":0,"53":0,"54":0,"55":0,"56":0,"57":0,"58":0,"59":4,"60":4,"61":4,"62":6,"63":6,"64":6,"65":2,"66":2,"67":2,"68":2,"69":4,"70":4,"71":4,"72":4,"73":4,"74":28,"75":28,"76":0,"77":28,"78":28,"79":28,"80":24,"81":28,"82":28,"83":28,"84":14,"85":14,"86":28,"87":32,"88":32,"89":32,"90":8,"91":32,"92":28,"93":4,"94":0,"95":4,"96":33,"97":0,"98":33,"99":33,"100":0,"101":0,"102":33,"103":33,"104":30,"105":29,"106":29,"107":4,"108":4,"109":3,"110":1,"111":29,"112":29,"113":29,"114":29,"115":4,"116":4,"117":33,"118":33,"119":33,"120":33,"121":33,"122":54,"123":54,"124":12,"125":42,"126":42,"127":14,"128":14,"129":8,"130":6,"131":6,"132":4,"133":4,"134":4,"135":4,"136":2,"137":36,"138":36,"139":29,"140":29,"141":29,"142":29,"143":29,"144":29,"145":0,"146":0,"147":48,"148":48,"149":21,"150":48,"151":0,"152":0,"153":0,"154":0,"155":0,"156":0,"157":0,"158":0,"159":0,"160":0,"161":0,"162":8,"163":8},"f":{"0":46,"1":56,"2":29,"3":0,"4":0,"5":0,"6":89,"7":4,"8":0,"9":0,"10":0,"11":6,"12":28,"13":32,"14":8,"15":33,"16":33,"17":4,"18":54,"19":14,"20":36,"21":3,"22":0,"23":48,"24":21,"25":0,"26":0},"b":{"0":[0,46],"1":[46,6],"2":[46],"3":[0],"4":[0],"5":[0],"6":[0],"7":[0],"8":[0],"9":[0,4],"10":[0,4],"11":[4,0],"12":[0],"13":[24],"14":[14,14],"15":[32,0],"16":[28,4],"17":[32,4],"18":[0,4],"19":[4,4],"20":[0],"21":[3,1],"22":[12],"23":[8],"24":[4],"25":[4],"26":[29],"27":[0],"28":[0],"29":[0],"30":[0]}},"C:\\Praca\\saas\\poshproject\\server\\src\\automation\\utils\\errors.ts":{"path":"C:\\Praca\\saas\\poshproject\\server\\src\\automation\\utils\\errors.ts","statementMap":{"0":{"start":{"line":1,"column":0},"end":{"line":1,"column":null}},"1":{"start":{"line":2,"column":2},"end":{"line":2,"column":null}},"2":{"start":{"line":3,"column":2},"end":{"line":3,"column":null}},"3":{"start":{"line":4,"column":2},"end":{"line":4,"column":null}},"4":{"start":{"line":5,"column":2},"end":{"line":5,"column":null}},"5":{"start":{"line":6,"column":2},"end":{"line":6,"column":null}},"6":{"start":{"line":7,"column":2},"end":{"line":7,"column":null}},"7":{"start":{"line":8,"column":2},"end":{"line":8,"column":null}},"8":{"start":{"line":17,"column":4},"end":{"line":17,"column":19}},"9":{"start":{"line":14,"column":11},"end":{"line":14,"column":26}},"10":{"start":{"line":15,"column":20},"end":{"line":15,"column":43}},"11":{"start":{"line":18,"column":4},"end":{"line":18,"column":34}},"12":{"start":{"line":22,"column":4},"end":{"line":25,"column":27}},"13":{"start":{"line":11,"column":0},"end":{"line":11,"column":13}}},"fnMap":{"0":{"name":"(anonymous_0)","decl":{"start":{"line":1,"column":0},"end":{"line":1,"column":12}},"loc":{"start":{"line":1,"column":21},"end":{"line":9,"column":1}}},"1":{"name":"(anonymous_1)","decl":{"start":{"line":12,"column":2},"end":{"line":12,"column":null}},"loc":{"start":{"line":15,"column":47},"end":{"line":19,"column":3}}},"2":{"name":"(anonymous_2)","decl":{"start":{"line":21,"column":2},"end":{"line":21,"column":8}},"loc":{"start":{"line":21,"column":45},"end":{"line":26,"column":3}}}},"branchMap":{"0":{"l
[...]
161,"column":4},"end":{"line":168,"column":5}},"type":"if","locations":[{"start":{"line":161,"column":4},"end":{"line":168,"column":5}}]},"13":{"loc":{"start":{"line":171,"column":4},"end":{"line":192,"column":5}},"type":"if","locations":[{"start":{"line":171,"column":4},"end":{"line":192,"column":5}}]},"14":{"loc":{"start":{"line":174,"column":6},"end":{"line":191,"column":7}},"type":"if","locations":[{"start":{"line":174,"column":6},"end":{"line":191,"column":7}}]},"15":{"loc":{"start":{"line":183,"column":8},"end":{"line":190,"column":9}},"type":"if","locations":[{"start":{"line":183,"column":8},"end":{"line":190,"column":9}}]},"16":{"loc":{"start":{"line":205,"column":4},"end":{"line":210,"column":5}},"type":"if","locations":[{"start":{"line":205,"column":4},"end":{"line":210,"column":5}}]},"17":{"loc":{"start":{"line":212,"column":23},"end":{"line":212,"column":63}},"type":"binary-expr","locations":[{"start":{"line":212,"column":23},"end":{"line":212,"column":58}},{"start":{"line":212,"column":62},"end":{"line":212,"column":63}}]},"18":{"loc":{"start":{"line":229,"column":4},"end":{"line":238,"column":5}},"type":"if","locations":[{"start":{"line":229,"column":4},"end":{"line":238,"column":5}},{"start":{"line":236,"column":11},"end":{"line":238,"column":5}}]},"19":{"loc":{"start":{"line":231,"column":25},"end":{"line":231,"column":65}},"type":"binary-expr","locations":[{"start":{"line":231,"column":25},"end":{"line":231,"column":60}},{"start":{"line":231,"column":64},"end":{"line":231,"column":65}}]},"20":{"loc":{"start":{"line":232,"column":6},"end":{"line":234,"column":7}},"type":"if","locations":[{"start":{"line":232,"column":6},"end":{"line":234,"column":7}}]},"21":{"loc":{"start":{"line":253,"column":4},"end":{"line":256,"column":5}},"type":"if","locations":[{"start":{"line":253,"column":4},"end":{"line":256,"column":5}}]},"22":{"loc":{"start":{"line":259,"column":4},"end":{"line":264,"column":5}},"type":"if","locations":[{"start":{"line":259,"column":4},"end":{"line":264,"column":5}}]},"23":{"loc":{"start":{"line":261,"column":6},"end":{"line":263,"column":7}},"type":"if","locations":[{"start":{"line":261,"column":6},"end":{"line":263,"column":7}}]},"24":{"loc":{"start":{"line":261,"column":10},"end":{"line":261,"column":60}},"type":"binary-expr","locations":[{"start":{"line":261,"column":10},"end":{"line":261,"column":28}},{"start":{"line":261,"column":32},"end":{"line":261,"column":60}}]},"25":{"loc":{"start":{"line":281,"column":4},"end":{"line":285,"column":5}},"type":"if","locations":[{"start":{"line":281,"column":4},"end":{"line":285,"column":5}}]},"26":{"loc":{"start":{"line":281,"column":8},"end":{"line":282,"column":101}},"type":"binary-expr","locations":[{"start":{"line":281,"column":9},"end":{"line":281,"column":39}},{"start":{"line":281,"column":43},"end":{"line":281,"column":106}},{"start":{"line":282,"column":9},"end":{"line":282,"column":37}},{"start":{"line":282,"column":41},"end":{"line":282,"column":100}}]}},"s":{"0":9,"1":6,"2":37,"3":86,"4":86,"5":86,"6":86,"7":86,"8":297,"9":27,"10":27,"11":27,"12":27,"13":27,"14":27,"15":0,"16":27,"17":27,"18":27,"19":0,"20":0,"21":27,"22":140,"23":140,"24":28,"25":1,"26":27,"27":112,"28":139,"29":168,"30":168,"31":168,"32":191,"33":168,"34":191,"35":168,"36":101,"37":1,"38":168,"39":236,"40":236,"41":312,"42":230,"43":230,"44":282,"45":84,"46":84,"47":3,"48":3,"49":3,"50":81,"51":81,"52":0,"53":0,"54":0,"55":81,"56":81,"57":4,"58":4,"59":4,"60":77,"61":77,"62":2,"63":2,"64":2,"65":75,"66":70,"67":70,"68":70,"69":23,"70":23,"71":23,"72":23,"73":10,"74":10,"75":10,"76":65,"77":81,"78":81,"79":81,"80":81,"81":81,"82":81,"83":81,"84":16,"85":16,"86":16,"87":65,"88":65,"89":65,"90":65,"91":65,"92":65,"93":65,"94":65,"95":106,"96":100,"97":65,"98":65,"99":65,"100":71,"101":64,"102":64,"103":64,"104":63,"105":64,"106":7,"107":3,"108":3,"109":3,"110":3,"111":3,"112":3,"113":3,"114":3,"115":1,"116":1,"117":3,"118":3,"119":3,"120":2,"121":3,"122":5,"123":5,"124":5,"125":5,"126":3,"127":3,"128":9},"f":{"0":6,"1":37,"2":86,"3":297,"4":27,"5":0,"6":140,"7":168,"8":191,"9":191,"10":236,"11":312,"12":230,"13":282,"14":84,"15":81,"16":106,"17":100,"18":71,"19":3,"20":5},"b":{"0":[0],"1":[27,27,27,27],"2":[28,112],"3":[1],"4":[1],"5":[312,261],"6":[282,233],"7":[3],"8":[81,75],"9":[0],"10":[81,0],"11":[4],"12":[2],"13":[70],"14":[23],"15":[10],"16":[16],"17":[65,60],"18":[64,7],"19":[64,1],"20":[63],"21":[1],"22":[3],"23":[2],"24":[3,2],"25":[3],"26":[5,3,2,0]}},"C:\\Praca\\saas\\poshproject\\server\\src\\automation\\sharing\\ShareAutomation.ts":{"path":"C:\\Praca\\saas\\poshproject\\server\\src\\automation\\sharing\\ShareAutomation.ts","statementMap":{"0":{"start":{"line":2,"column":0},"end":{"line":2,"column":63}},"1":{"start":{"line":3,"column":0},"end":{"line":3,"column":53}},"2":{"start":{"line":4,"column":0},"end":{"line":4,"column":61}},"3":{"start":{"line":5,"column":0},"end":{"line":5,"column":41}},"4":{"start":{"line":6,"column":0},"end":{"line":6,"column":57}},"5":{"start":{"line":17,"column":10},"end":{"line":17,"column":41}},"6":{"start":{"line":18,"column":10},"end":{"line":18,"column":35}},"7":{"start":{"line":19,"column":10},"end":{"line":19,"column":38}},"8":{"start":{"line":24,"column":4},"end":{"line":29,"column":6}},"9":{"start":{"line":30,"column":4},"end":{"line":30,"column":55}},"10":{"start":{"line":34,"column":19},"end":{"line":34,"column":76}},"11":{"start":{"line":35,"column":4},"end":{"line":37,"column":5}},"12":{"start":{"line":36,"column":6},"end":{"line":36,"column":19}},"13":{"start":{"line":38,"column":4},"end":{"line":38,"column":16}},"14":{"start":{"line":42,"column":25},"end":{"line":42,"column":30}},"15":{"start":{"line":43,"column":4},"end":{"line":72,"column":5}},"16":{"start":{"line":45,"column":30},"end":{"line":45,"column":86}},"17":{"start":{"line":46,"column":6},"end":{"line":48,"column":7}},"18":{"start":{"line":47,"column":8},"end":{"line":47,"column":67}},"19":{"start":{"line":50,"column":22},"end":{"line":50,"column":50}},"20":{"start":{"line":51,"column":32},"end":{"line":51,"column":100}},"21":{"start":{"line":52,"column":6},"end":{"line":52,"column":28}},"22":{"start":{"line":53,"column":6},"end":{"line":53,"column":29}},"23":{"start":{"line":54,"column":6},"end":{"line":54,"column":23}},"24":{"start":{"line":56,"column":6},"end":{"line":61,"column":7}},"25":{"start":{"line":57,"column":8},"end":{"line":57,"column":27}},"26":{"start":{"line":59,"column":8},"end":{"line":59,"column":29}},"27":{"start":{"line":60,"column":8},"end":{"line":60,"column":25}},"28":{"start":{"line":63,"column":6},"end":{"line":63,"column":99}},"29":{"start":{"line":65,"column":6},"end":{"line":67,"column":7}},"30":{"start":{"line":66,"column":8},"end":{"line":66,"column":29}},"31":{"start":{"line":68,"column":6},"end":{"line":70,"column":7}},"32":{"start":{"line":69,"column":8},"end":{"line":69,"column":20}},"33":{"start":{"line":71,"column":6},"end":{"line":71,"column":81}},"34":{"start":{"line":76,"column":4},"end":{"line":76,"column":94}},"35":{"start":{"line":76,"column":20},"end":{"line":76,"column":94}},"36":{"start":{"line":78,"column":4},"end":{"line":107,"column":5}},"37":{"start":{"line":79,"column":6},"end":{"line":79,"column":57}},"38":{"start":{"line":80,"column":6},"end":{"line":80,"column":93}},"39":{"start":{"line":81,"column":6},"end":{"line":81,"column":102}},"40":{"start":{"line":82,"column":6},"end":{"line":82,"column":53}},"41":{"start":{"line":85,"column":6},"end":{"line":85,"column":70}},"42":{"start":{"line":88,"column":22},"end":{"line":88,"column":66}},"43":{"start":{"line":89,"column":6},"end":{"line":91,"column":7}},"44":{"start":{"line":90,"column":8},"end":{"line":90,"column":73}},"45":{"start":{"line":94,"column":23},"end":{"line":94,"column":72}},"46":{"start":{"line":95,"column":6},"end":{"line":97,"column":7}},"47":{"start":{"line":96,"column":8},"end":{"line":96,"column":73}},"48":{"start":{"line":99,"column":6},"end":{"line":99,"column":29}},"49":{"start":{"line":100,"column":6},"end":{"line":100,"column":88}},"50":{"start":{"line":102,"column":6},"end":{"line":102,"column":74}},"51":{"start":{"line":103,"column":6},"end":{"line":105,"column":7}},"52":{"start":{"line":104,"column":8},"end":{"line":104,"column":20}},"53":{"start":{"line":106,"column":6},"end":{"line":106,"column":71}},"54":{"start":{"line":111,"column":4},"end":{"line":113,"column":5}},"55":{"start":{"line":112,"column":6},"end":{"line":112,"column":72}},"56":{"start":{"line":116,"column":4},"end":{"line":120,"column":5}},"57":{"start":{"line":117,"column":6},"end":{"line":117,"column":101}},"58":{"start":{"line":118,"column":6},"end":{"line":118,"column":27}},"59":{"start":{"line":119,"column":6},"end":{"line":119,"column":30}},"60":{"start":{"line":122,"column":22},"end":{"line":122,"column":23}},"61":{"start":{"line":123,"column":4},"end":{"line":160,"column":5}},"62":{"start":{"line":125,"column":6},"end":{"line":125,"column":82}},"63":{"start":{"line":126,"column":6},"end":{"line":126,"column":70}},"64":{"start":{"line":129,"column":20},"end":{"line":129,"column":69}},"65":{"start":{"line":130,"column":27},"end":{"line":130,"column":63}},"66":{"start":{"line":132,"column":6},"end":{"line":151,"column":7}},"67":{"start":{"line":133,"column":8},"end":{"line":150,"column":9}},"68":{"start":{"line":135,"column":30},"end":{"line":135,"column":74}},"69":{"start":{"line":136,"column":10},"end":{"line":143,"column":11}},"70":{"start":{"line":137,"column":12},"end":{"line":137,"column":38}},"71":{"start":{"line":138,"column":12},"end":{"line":138,"column":26}},"72":{"start":{"line":139,"column":12},"end":{"line":142,"column":14}},"73":{"start":{"line":145,"column":10},"end":{"line":148,"column":13}},"74":{"start":{"line":149,"column":10},"end":{"line":149,"column":19}},"75":{"start":{"line":153,"column":6},"end":{"line":153,"column":25}},"76":{"start":{"line":155,"column":6},"end":{"line":155,"column":85}},"77":{"start":{"line":156,"column":6},"end":{"line":159,"column":8}},"78":{"start":{"line":164,"column":4},"end":{"line":178,"column":5}},"79":{"start":{"line":165,"column":6},"end":{"line":167,"column":7}},"80":{"start":{"line":166,"column":8},"end":{"line":166,"column":32}},"81":{"start":{"line":168,"column":6},"end":{"line":170,"column":7}},"82":{"start":{"line":169,"column":8},"end":{"line":169,"column":35}},"83":{"start":{"line":171,"column":6},"end":{"line":171,"column":65}},"84":{"start":{"line":172,"column":6},"end":{"line":172,"column":26}},"85":{"start":{"line":173,"column":6},"end":{"line":173,"column":23}},"86":{"start":{"line":175,"column":6},"end":{"line":175,"column":76}},"87":{"start":{"line":177,"column":6},"end":{"line":177,"column":30}},"88":{"start":{"line":182,"column":23},"end":{"line":182,"column":72}},"89":{"start":{"line":183,"column":4},"end":{"line":183,"column":28}},"90":{"start":{"line":16,"column":0},"end":{"line":16,"column":13}}},"fnMap":{"0":{"name":"(anonymous_0)","decl":{"start":{"line":23,"column":2},"end":{"line":23,"column":14}},"loc":{"start":{"line":23,"column":33},"end":{"line":31,"column":3}}},"1":{"name":"(anonymous_1)","decl":{"start":{"line":33,"column":10},"end":{"line":33,"column":15}},"loc":{"start":{"line":33,"column":34},"end":{"line":39,"column":3}}},"2":{"name":"(anonymous_2)","decl":{"start":{"line":41,"column":2},"end":{"line":41,"column":7}},"loc":{"start":{"line":41,"column":18},"end":{"line":73,"column":3}}},"3":{"name":"(anonymous_3)","decl":{"start":{"line":75,"column":2},"end":{"line":75,"column":7}},"loc":{"start":{"line":75,"column":13},"end":{"line":108,"column":3}}},"4":{"name":"(anonymous_4)","decl":{"start":{"line":110,"column":2},"end":{"line":110,"column":7}},"loc":{"start":{"line":110,"column":19},"end":{"line":161,"column":3}}},"5":{"name":"(anonymous_5)","decl":{"start":{"line":163,"column":2},"end":{"line":163,"column":7}},"loc":{"start":{"line":163,"column":15},"end":{"line":179,"column":3}}},"6":{"name":"(anonymous_6)","decl":{"start":{"line":181,"column":10},"end":{"line":181,"column":15}},"loc":{"start":{"line":181,"column":66},"end":{"line":184,"column":3}}}},"branchMap":{"0":{"loc":{"start":{"line":35,"column":4},"end":{"line":37,"column":5}},"type":"if","locations":[{"start":{"line":35,"column":4},"end":{"line":37,"column":5}}]},"1":{"loc":{"start":{"line":35,"column":8},"end":{"line":35,"column":45}},"type":"binary-expr","locations":[{"start":{"line":35,"column":8},"end":{"line":35,"column":15}},{"start":{"line":35,"column":19},"end":{"line":35,"column":45}}]},"2":{"loc":{"start":{"line":46,"column":6},"end":{"line":48,"column":7}},"type":"if","locations":[{"start":{"line":46,"column":6},"end":{"line":48,"column":7}}]},"3":{"loc":{"start":{"line":65,"column":6},"end":{"line":67,"column":7}},"type":"if","locations":[{"start":{"line":65,"column":6},"end":{"line":67,"column":7}}]},"4":{"loc":{"start":{"line":68,"column":6},"end":{"line":70,"column":7}},"type":"if","locations":[{"start":{"line":68,"column":6},"end":{"line":70,"column":7}}]},"5":{"loc":{"start":{"line":76,"column":4},"end":{"line":76,"column":94}},"type":"if","locations":[{"start":{"line":76,"column":4},"end":{"line":76,"column":94}}]},"6":{"loc":{"start":{"line":81,"column":65},"end":{"line":81,"column":100}},"type":"binary-expr","locations":[{"start":{"line":81,"column":65},"end":{"line":81,"column":94}},{"start":{"line":81,"column":98},"end":{"line":81,"column":100}}]},"7":{"loc":{"start":{"line":89,"column":6},"end":{"line":91,"column":7}},"type":"if","locations":[{"start":{"line":89,"column":6},"end":{"line":91,"column":7}}]},"8":{"loc":{"start":{"line":89,"column":10},"end":{"line":89,"column":46}},"type":"binary-expr","locations":[{"start":{"line":89,"column":10},"end":{"line":89,"column":17}},{"start":{"line":89,"column":21},"end":{"line":89,"column":46}}]},"9":{"loc":{"start":{"line":95,"column":6},"end":{"line":97,"column":7}},"type":"if","locations":[{"start":{"line":95,"column":6},"end":{"line":97,"column":7}}]},"10":{"loc":{"start":{"line":95,"column":10},"end":{"line":95,"column":52}},"type":"binary-expr","locations":[{"start":{"line":95,"column":10},"end":{"line":95,"column":19}},{"start":{"line":95,"column":23},"end":{"line":95,"column":52}}]},"11":{"loc":{"start":{"line":103,"column":6},"end":{"line":105,"column":7}},"type":"if","locations":[{"start":{"line":103,"column":6},"end":{"line":105,"column":7}}]},"12":{"loc":{"start":{"line":111,"column":4},"end":{"line":113,"column":5}},"type":"if","locations":[{"start":{"line":111,"column":4},"end":{"line":113,"column":5}}]},"13":{"loc":{"start":{"line":111,"column":8},"end":{"line":111,"column":38}},"type":"binary-expr","locations":[{"start":{"line":111,"column":8},"end":{"line":111,"column":24}},{"start":{"line":111,"column":28},"end":{"line":111,"column":38}}]},"14":{"loc":{"start":{"line":116,"column":4},"end":{"line":120,"column":5}},"type":"if","locations":[{"start":{"line":116,"column":4},"end":{"line":120,"column":5}}]},"15":{"loc":{"start":{"line":136,"column":10},"end":{"line":143,"column":11}},"type":"if","locations":[{"start":{"line":136,"column":10},"end":{"line":143,"column":11}}]},"16":{"loc":{"start":{"line":158,"column":8},"end":{"line":158,"column":73}},"type":"cond-expr","locations":[{"start":{"line":158,"column":43},"end":{"line":158,"column":53}},{"start":{"line":158,"column":56},"end":{"line":158,"column":73}}]},"17":{"loc":{"start":{"line":165,"column":6},"end":{"line":167,"column":7}},"type":"if","locations":[{"start":{"line":165,"column":6},"end":{"line":167,"column":7}}]},"18":{"loc":{"start":{"line":168,"column":6},"end":{"line":170,"column":7}},"type":"if","locations":[{"start":{"line":168,"column":6},"end":{"line":170,"column":7}}]},"19":{"loc":{"start":{"line":181,"column":28},"end":{"line":181,"column":46}},"type":"default-arg","locations":[{"start":{"line":181,"column":42},"end":{"line":181,"column":46}}]},"20":{"loc":{"start":{"line":181,"column":48},"end":{"line":181,"column":66}},"type":"default-arg","locations":[{"start":{"line":181,"column":62},"end":{"line":181,"column":66}}]}},"s":{"0":1,"1":1,"2":1,"3":1,"4":1,"5":18,"6":18,"7":18,"8":18,"9":18,"10":8,"11":8,"12":0,"13":8,"14":17,"15":17,"16":17,"17":17,"18":0,"19":17,"20":17,"21":16,"22":16,"23":16,"24":16,"25":16,"26":3,"27":3,"28":4,"29":4,"30":3,"31":4,"32":3,"33":1,"34":16,"35":0,"36":16,"37":16,"38":15,"39":15,"40":15,"41":15,"42":15,"43":15,"44":1,"45":14,"46":14,"47":1,"48":13,"49":13,"50":3,"51":3,"52":2,"53":1,"54":9,"55":1,"56":8,"57":0,"58":0,"59":0,"60":8,"61":8,"62":8,"63":7,"64":6,"65":6,"66":6,"67":13,"68":13,"69":12,"70":11,"71":10,"72":10,"73":2,"74":2,"75":6,"76":2,"77":2,"78":11,"79":11,"80":7,"81":10,"82":6,"83":10,"84":10,"85":10,"86":1,"87":11,"88":10,"89":10,"90":1},"f":{"0":18,"1":8,"2":17,"3":16,"4":9,"5":11,"6":10},"b":{"0":[0],"1":[8,8],"2":[0],"3":[3],"4":[3],"5":[0],"6":[15,0],"7":[1],"8":[15,1],"9":[1],"10":[14,14],"11":[2],"12":[1],"13":[9,8],"14":[0],"15":[11],"16":[0,2],"17":[7],"18":[6],"19":[0],"20":[0]}},"C:\\Praca\\saas\\poshproject\\server\\src\\automation\\utils\\browserProfile.ts":{"path":"C:\\Praca\\saas\\poshproject\\server\\src\\automation\\utils\\browserProfile.ts","statementMap":{"0":{"start":{"line":44,"column":0},"end":{"line":44,"column":7}},"1":{"start":{"line":1,"column":0},"end":{"line":1,"column":36}},"2":{"start":{"line":2,"column":0},"end":{"line":2,"column":54}},"3":{"start":{"line":4,"column":20},"end":{"line":9,"column":2}},"4":{"start":{"line":11,"column":18},"end":{"line":16,"column":2}},"5":{"start":{"line":18,"column":18},"end":{"line":23,"column":2}},"6":{"start":{"line":25,"column":21},"end":{"line":30,"column":2}},"7":{"start":{"line":41,"column":2},"end":{"line":41,"column":57}},"8":{"start":{"line":45,"column":2},"end":{"line":55,"column":3}},"9":{"start":{"line":46,"column":4},"end":{"line":52,"column":6}},"10":{"start":{"line":54,"column":4},"end":{"line":54,"column":90}}},"fnMap":{"0":{"name":"getRandomElement","decl":{"start":{"line":40,"column":9},"end":{"line":40,"column":25}},"loc":{"start":{"line":40,"column":39},"end":{"line":42,"column":1}}},"1":{"name":"createBrowserProfile","decl":{"start":{"line":44,"column":22},"end":{"line":44,"column":42}},"loc":{"start":{"line":44,"column":42},"end":{"line":56,"column":1}}}},"branchMap":{},"s":{"0":1,"1":1,"2":1,"3":1,"4":1,"5":1,"6":1,"7":12,"8":3,"9":3,"10":0},"f":{"0":12,"1":3},"b":{}},"C:\\Praca\\saas\\poshproject\\server\\src\\automation\\utils\\timing.ts":{"path":"C:\\Praca\\saas\\poshproject\\server\\src\\automation\\utils\\timing.ts","statementMap":{"0":{"start":{"line":5,"column":21},"end":{"line":6,"column":49}},"1":{"start":{"line":6,"column":2},"end":{"line":6,"column":49}},"2":{"start":{"line":6,"column":25},"end":{"line":6,"column":48}},"3":{"start":{"line":5,"column":13},"end":{"line":5,"column":21}},"4":{"start":{"line":13,"column":27},"end":{"line":16,"column":1}},"5":{"start":{"line":14,"column":16},"end":{"line":14,"column":65}},"6":{"start":{"line":15,"column":2},"end":{"line":15,"column":60}},"7":{"start":{"line":15,"column":32},"end":{"line":15,"column":58}},"8":{"start":{"line":13,"column":13},"end":{"line":13,"column":27}}},"fnMap":{"0":{"name":"(anonymous_0)","decl":{"start":{"line":5,"column":21},"end":{"line":5,"column":22}},"loc":{"start":{"line":6,"column":2},"end":{"line":6,"column":49}}},"1":{"name":"(anonymous_1)","decl":{"start":{"line":6,"column":14},"end":{"line":6,"column":21}},"loc":{"start":{"line":6,"column":25},"end":{"line":6,"column":48}}},"2":{"name":"(anonymous_2)","decl":{"start":{"line":13,"column":27},"end":{"line":13,"column":28}},"loc":{"start":{"line":13,"column":71},"end":{"line":16,"column":1}}},"3":{"name":"(anonymous_3)","decl":{"start":{"line":15,"column":21},"end":{"line":15,"column":28}},"loc":{"start":{"line":15,"column":32},"end":{"line":15,"column":58}}}},"branchMap":{},"s":{"0":2,"1":12,"2":12,"3":2,"4":2,"5":4,"6":4,"7":4,"8":2},"f":{"0":12,"1":12,"2":4,"3":4},"b":{}}}}
