{"numFailedTestSuites":1,"numFailedTests":16,"numPassedTestSuites":0,"numPassedTests":1,"numPendingTestSuites":0,"numPendingTests":0,"numRuntimeErrorTestSuites":0,"numTodoTests":0,"numTotalTestSuites":1,"numTotalTests":17,"openHandles":[],"snapshot":{"added":0,"didUpdate":false,"failure":false,"filesAdded":0,"filesRemoved":0,"filesRemovedList":[],"filesUnmatched":0,"filesUpdated":0,"matched":0,"total":0,"unchecked":0,"uncheckedKeysByFile":[],"unmatched":0,"updated":0},"startTime":1745485470643,"success":false,"testResults":[{"assertionResults":[{"ancestorTitles":["ShareAutomation","initialize"],"duration":4,"failureDetails":[{"message":"\u001b[2mexpect(\u001b[22m\u001b[31mreceived\u001b[39m\u001b[2m).\u001b[22mresolves\u001b[2m.\u001b[22mnot\u001b[2m.\u001b[22mtoThrow\u001b[2m()\u001b[22m\n\nReceived promise rejected instead of resolved\nRejected to value: \u001b[31m[AutomationError: Initialization failed]\u001b[39m"}],"failureMessages":["Error: \u001b[2mexpect(\u001b[22m\u001b[31mreceived\u001b[39m\u001b[2m).\u001b[22mresolves\u001b[2m.\u001b[22mnot\u001b[2m.\u001b[22mtoThrow\u001b[2m()\u001b[22m\n\nReceived promise rejected instead of resolved\nRejected to value: \u001b[31m[AutomationError: Initialization failed]\u001b[39m\n    at expect (C:\\Praca\\saas\\poshproject\\server\\node_modules\\expect\\build\\index.js:113:15)\n    at Object.expect (C:\\Praca\\saas\\poshproject\\server\\src\\automation\\__tests__\\ShareAutomation.test.ts:67:13)\n    at Promise.then.completed (C:\\Praca\\saas\\poshproject\\server\\node_modules\\jest-circus\\build\\utils.js:298:28)\n    at new Promise (<anonymous>)\n    at callAsyncCircusFn (C:\\Praca\\saas\\poshproject\\server\\node_modules\\jest-circus\\build\\utils.js:231:10)\n    at _callCircusTest (C:\\Praca\\saas\\poshproject\\server\\node_modules\\jest-circus\\build\\run.js:316:40)\n    at _runTest (C:\\Praca\\saas\\poshproject\\server\\node_modules\\jest-circus\\build\\run.js:252:3)\n    at _runTestsForDescribeBlock (C:\\Praca\\saas\\poshproject\\server\\node_modules\\jest-circus\\build\\run.js:126:9)\n    at _runTestsForDescribeBlock (C:\\Praca\\saas\\poshproject\\server\\node_modules\\jest-circus\\build\\run.js:121:9)\n    at _runTestsForDescribeBlock (C:\\Praca\\saas\\poshproject\\server\\node_modules\\jest-circus\\build\\run.js:121:9)\n    at run (C:\\Praca\\saas\\poshproject\\server\\node_modules\\jest-circus\\build\\run.js:71:3)\n    at runAndTransformResultsToJestFormat (C:\\Praca\\saas\\poshproject\\server\\node_modules\\jest-circus\\build\\legacy-code-todo-rewrite\\jestAdapterInit.js:122:21)\n    at jestAdapter (C:\\Praca\\saas\\poshproject\\server\\node_modules\\jest-circus\\build\\legacy-code-todo-rewrite\\jestAdapter.js:79:19)\n    at runTestInternal (C:\\Praca\\saas\\poshproject\\server\\node_modules\\jest-runner\\build\\runTest.js:367:16)\n    at runTest (C:\\Praca\\saas\\poshproject\\server\\node_modules\\jest-runner\\build\\runTest.js:444:34)"],"fullName":"ShareAutomation initialize should successfully initialize and login","invocations":1,"location":{"column":5,"line":55},"numPassingAsserts":0,"retryReasons":[],"status":"failed","title":"should successfully initialize and login"},{"ancestorTitles":["ShareAutomation","initialize"],"duration":13,"failureDetails":[],"failureMessages":[],"fullName":"ShareAutomation initialize should handle CAPTCHA detection","invocations":1,"location":{"column":5,"line":70},"numPassingAsserts":1,"retryReasons":[],"status":"passed","title":"should handle CAPTCHA detection"},{"ancestorTitles":["ShareAutomation","initialize"],"duration":19,"failureDetails":[{"matcherResult":{"message":"\u001b[2mexpect(\u001b[22m\u001b[31mreceived\u001b[39m\u001b[2m).\u001b[22mrejects\u001b[2m.\u001b[22mtoThrow\u001b[2m(\u001b[22m\u001b[32mexpected\u001b[39m\u001b[2m)\u001b[22m\n\nExpected message: \u001b[32m\"\u001b[7mLogi\u001b[27mn failed\"\u001b[39m\nReceived message: \u001b[31m\"\u001b[7mInitializatio\u001b[27mn failed\"\u001b[39m\n\n    \u001b[0m \u001b[90m 69 |\u001b[39m         \u001b[36mthrow\u001b[39m error\u001b[33m;\u001b[39m\n     \u001b[90m 70 |\u001b[39m       }\n    \u001b[31m\u001b[1m>\u001b[22m\u001b[39m\u001b[90m 71 |\u001b[39m       \u001b[36mthrow\u001b[39m \u001b[36mnew\u001b[39m \u001b[33mAutomationError\u001b[39m(\u001b[32m'Initialization failed'\u001b[39m\u001b[33m,\u001b[39m \u001b[33mErrorType\u001b[39m\u001b[33m.\u001b[39m\u001b[33mSETUP_FAILED\u001b[39m)\u001b[33m;\u001b[39m\n     \u001b[90m    |\u001b[39m             \u001b[31m\u001b[1m^\u001b[22m\u001b[39m\n     \u001b[90m 72 |\u001b[39m     }\n     \u001b[90m 73 |\u001b[39m   }\n     \u001b[90m 74 |\u001b[39m\u001b[0m\n\n      \u001b[2mat ShareAutomation.initialize (\u001b[22msrc/automation/sharing/ShareAutomation.ts\u001b[2m:71:13)\u001b[22m\n      \u001b[2mat Object.initialize (\u001b[22msrc/automation/__tests__/ShareAutomation.test.ts\u001b[2m:92:36)\u001b[22m","pass":false},"message":"\u001b[2mexpect(\u001b[22m\u001b[31mreceived\u001b[39m\u001b[2m).\u001b[22mrejects\u001b[2m.\u001b[22mtoThrow\u001b[2m(\u001b[22m\u001b[32mexpected\u001b[39m\u001b[2m)\u001b[22m\n\nExpected message: \u001b[32m\"\u001b[7mLogi\u001b[27mn failed\"\u001b[39m\nReceived message: \u001b[31m\"\u001b[7mInitializatio\u001b[27mn failed\"\u001b[39m\n\n    \u001b[0m \u001b[90m 69 |\u001b[39m         \u001b[36mthrow\u001b[39m error\u001b[33m;\u001b[39m\n     \u001b[90m 70 |\u001b[39m       }\n    \u001b[31m\u001b[1m>\u001b[22m\u001b[39m\u001b[90m 71 |\u001b[39m       \u001b[36mthrow\u001b[39m \u001b[36mnew\u001b[39m \u001b[33mAutomationError\u001b[39m(\u001b[32m'Initialization failed'\u001b[39m\u001b[33m,\u001b[39m \u001b[33mErrorType\u001b[39m\u001b[33m.\u001b[39m\u001b[33mSETUP_FAILED\u001b[39m)\u001b[33m;\u001b[39m\n     \u001b[90m    |\u001b[39m             \u001b[31m\u001b[1m^\u001b[22m\u001b[39m\n     \u001b[90m 72 |\u001b[39m     }\n     \u001b[90m 73 |\u001b[39m   }\n     \u001b[90m 74 |\u001b[39m\u001b[0m\n\n      \u001b[2mat ShareAutomation.initialize (\u001b[22msrc/automation/sharing/ShareAutomation.ts\u001b[2m:71:13)\u001b[22m\n      \u001b[2mat Object.initialize (\u001b[22msrc/automation/__tests__/ShareAutomation.test.ts\u001b[2m:92:36)\u001b[22m"}],"failureMessages":["Error: \u001b[2mexpect(\u001b[22m\u001b[31mreceived\u001b[39m\u001b[2m).\u001b[22mrejects\u001b[2m.\u001b[22mtoThrow\u001b[2m(\u001b[22m\u001b[32mexpected\u001b[39m\u001b[2m)\u001b[22m\n\nExpected message: \u001b[32m\"\u001b[7mLogi\u001b[27mn failed\"\u001b[39m\nReceived message: \u001b[31m\"\u001b[7mInitializatio\u001b[27mn failed\"\u001b[39m\n\n    \u001b[0m \u001b[90m 69 |\u001b[39m         \u001b[36mthrow\u001b[39m error\u001b[33m;\u001b[39m\n     \u001b[90m 70 |\u001b[39m       }\n    \u001b[31m\u001b[1m>\u001b[22m\u001b[39m\u001b[90m 71 |\u001b[39m       \u001b[36mthrow\u001b[39m \u001b[36mnew\u001b[39m \u001b[33mAutomationError\u001b[39m(\u001b[32m'Initialization failed'\u001b[39m\u001b[33m,\u001b[39m \u001b[33mErrorType\u001b[39m\u001b[33m.\u001b[39m\u001b[33mSETUP_FAILED\u001b[39m)\u001b[33m;\u001b[39m\n     \u001b[90m    |\u001b[39m             \u001b[31m\u001b[1m^\u001b[22m\u001b[39m\n     \u001b[90m 72 |\u001b[39m     }\n     \u001b[90m 73 |\u001b[39m   }\n     \u001b[90m 74 |\u001b[39m\u001b[0m\n\n      \u001b[2mat ShareAutomation.initialize (\u001b[22msrc/automation/sharing/ShareAutomation.ts\u001b[2m:71:13)\u001b[22m\n      \u001b[2mat Object.initialize (\u001b[22msrc/automation/__tests__/ShareAutomation.test.ts\u001b[2m:92:36)\u001b[22m\n    at Object.toThrow (C:\\Praca\\saas\\poshproject\\server\\node_modules\\expect\\build\\index.js:218:22)\n    at Object.toThrow (C:\\Praca\\saas\\poshproject\\server\\src\\automation\\__tests__\\ShareAutomation.test.ts:92:58)\n    at Promise.then.completed (C:\\Praca\\saas\\poshproject\\server\\node_modules\\jest-circus\\build\\utils.js:298:28)\n    at new Promise (<anonymous>)\n    at callAsyncCircusFn (C:\\Praca\\saas\\poshproject\\server\\node_modules\\jest-circus\\build\\utils.js:231:10)\n    at _callCircusTest (C:\\Praca\\saas\\poshproject\\server\\node_modules\\jest-circus\\build\\run.js:316:40)\n    at _runTest (C:\\Praca\\saas\\poshproject\\server\\node_modules\\jest-circus\\build\\run.js:252:3)\n    at _runTestsForDescribeBlock (C:\\Praca\\saas\\poshproject\\server\\node_modules\\jest-circus\\build\\run.js:126:9)\n    at _runTestsForDescribeBlock (C:\\Praca\\saas\\poshproject\\server\\node_modules\\jest-circus\\build\\run.js:121:9)\n    at _runTestsForDescribeBlock (C:\\Praca\\saas\\poshproject\\server\\node_modules\\jest-circus\\build\\run.js:121:9)\n    at run (C:\\Praca\\saas\\poshproject\\server\\node_modules\\jest-circus\\build\\run.js:71:3)\n    at runAndTransformResultsToJestFormat (C:\\Praca\\saas\\poshproject\\server\\node_modules\\jest-circus\\build\\legacy-code-todo-rewrite\\jestAdapterInit.js:122:21)\n    at jestAdapter (C:\\Praca\\saas\\poshproject\\server\\node_modules\\jest-circus\\build\\legacy-code-todo-rewrite\\jestAdapter.js:79:19)\n    at runTestInternal (C:\\Praca\\saas\\poshproject\\server\\node_modules\\jest-runner\\build\\runTest.js:367:16)\n    at runTest (C:\\Praca\\saas\\poshproject\\server\\node_modules\\jest-runner\\build\\runTest.js:444:34)"],"fullName":"ShareAutomation initialize should handle login failure","invocations":1,"location":{"column":5,"line":81},"numPassingAsserts":0,"retryReasons":[],"status":"failed","title":"should handle login failure"},{"ancestorTitles":["ShareAutomation","initialize"],"duration":3,"failureDetails":[{"matcherResult":{"message":"\u001b[2mexpect(\u001b[22m\u001b[31mjest.fn()\u001b[39m\u001b[2m).\u001b[22mtoHaveBeenCalled\u001b[2m()\u001b[22m\n\nExpected number of calls: >= \u001b[32m1\u001b[39m\nReceived number of calls:    \u001b[31m0\u001b[39m","pass":false}}],"failureMessages":["Error: \u001b[2mexpect(\u001b[22m\u001b[31mjest.fn()\u001b[39m\u001b[2m).\u001b[22mtoHaveBeenCalled\u001b[2m()\u001b[22m\n\nExpected number of calls: >= \u001b[32m1\u001b[39m\nReceived number of calls:    \u001b[31m0\u001b[39m\n    at Object.toHaveBeenCalled (C:\\Praca\\saas\\poshproject\\server\\src\\automation\\__tests__\\ShareAutomation.test.ts:115:48)"],"fullName":"ShareAutomation initialize should handle browser creation failure","invocations":1,"location":{"column":5,"line":97},"numPassingAsserts":1,"retryReasons":[],"status":"failed","title":"should handle browser creation failure"},{"ancestorTitles":["ShareAutomation","initialize"],"duration":4,"failureDetails":[{"matcherResult":{"message":"\u001b[2mexpect(\u001b[22m\u001b[31mreceived\u001b[39m\u001b[2m).\u001b[22mrejects\u001b[2m.\u001b[22mtoThrow\u001b[2m(\u001b[22m\u001b[32mexpected\u001b[39m\u001b[2m)\u001b[22m\n\nExpected message: \u001b[32m\"\u001b[7mLogi\u001b[27mn failed\"\u001b[39m\nReceived message: \u001b[31m\"\u001b[7mInitializatio\u001b[27mn failed\"\u001b[39m\n\n    \u001b[0m \u001b[90m 69 |\u001b[39m         \u001b[36mthrow\u001b[39m error\u001b[33m;\u001b[39m\n     \u001b[90m 70 |\u001b[39m       }\n    \u001b[31m\u001b[1m>\u001b[22m\u001b[39m\u001b[90m 71 |\u001b[39m       \u001b[36mthrow\u001b[39m \u001b[36mnew\u001b[39m \u001b[33mAutomationError\u001b[39m(\u001b[32m'Initialization failed'\u001b[39m\u001b[33m,\u001b[39m \u001b[33mErrorType\u001b[39m\u001b[33m.\u001b[39m\u001b[33mSETUP_FAILED\u001b[39m)\u001b[33m;\u001b[39m\n     \u001b[90m    |\u001b[39m             \u001b[31m\u001b[1m^\u001b[22m\u001b[39m\n     \u001b[90m 72 |\u001b[39m     }\n     \u001b[90m 73 |\u001b[39m   }\n     \u001b[90m 74 |\u001b[39m\u001b[0m\n\n      \u001b[2mat ShareAutomation.initialize (\u001b[22msrc/automation/sharing/ShareAutomation.ts\u001b[2m:71:13)\u001b[22m\n      \u001b[2mat Object.initialize (\u001b[22msrc/automation/__tests__/ShareAutomation.test.ts\u001b[2m:133:36)\u001b[22m","pass":false},"message":"\u001b[2mexpect(\u001b[22m\u001b[31mreceived\u001b[39m\u001b[2m).\u001b[22mrejects\u001b[2m.\u001b[22mtoThrow\u001b[2m(\u001b[22m\u001b[32mexpected\u001b[39m\u001b[2m)\u001b[22m\n\nExpected message: \u001b[32m\"\u001b[7mLogi\u001b[27mn failed\"\u001b[39m\nReceived message: \u001b[31m\"\u001b[7mInitializatio\u001b[27mn failed\"\u001b[39m\n\n    \u001b[0m \u001b[90m 69 |\u001b[39m         \u001b[36mthrow\u001b[39m error\u001b[33m;\u001b[39m\n     \u001b[90m 70 |\u001b[39m       }\n    \u001b[31m\u001b[1m>\u001b[22m\u001b[39m\u001b[90m 71 |\u001b[39m       \u001b[36mthrow\u001b[39m \u001b[36mnew\u001b[39m \u001b[33mAutomationError\u001b[39m(\u001b[32m'Initialization failed'\u001b[39m\u001b[33m,\u001b[39m \u001b[33mErrorType\u001b[39m\u001b[33m.\u001b[39m\u001b[33mSETUP_FAILED\u001b[39m)\u001b[33m;\u001b[39m\n     \u001b[90m    |\u001b[39m             \u001b[31m\u001b[1m^\u001b[22m\u001b[39m\n     \u001b[90m 72 |\u001b[39m     }\n     \u001b[90m 73 |\u001b[39m   }\n     \u001b[90m 74 |\u001b[39m\u001b[0m\n\n      \u001b[2mat ShareAutomation.initialize (\u001b[22msrc/automation/sharing/ShareAutomation.ts\u001b[2m:71:13)\u001b[22m\n      \u001b[2mat Object.initialize (\u001b[22msrc/automation/__tests__/ShareAutomation.test.ts\u001b[2m:133:36)\u001b[22m"}],"failureMessages":["Error: \u001b[2mexpect(\u001b[22m\u001b[31mreceived\u001b[39m\u001b[2m).\u001b[22mrejects\u001b[2m.\u001b[22mtoThrow\u001b[2m(\u001b[22m\u001b[32mexpected\u001b[39m\u001b[2m)\u001b[22m\n\nExpected message: \u001b[32m\"\u001b[7mLogi\u001b[27mn failed\"\u001b[39m\nReceived message: \u001b[31m\"\u001b[7mInitializatio\u001b[27mn failed\"\u001b[39m\n\n    \u001b[0m \u001b[90m 69 |\u001b[39m         \u001b[36mthrow\u001b[39m error\u001b[33m;\u001b[39m\n     \u001b[90m 70 |\u001b[39m       }\n    \u001b[31m\u001b[1m>\u001b[22m\u001b[39m\u001b[90m 71 |\u001b[39m       \u001b[36mthrow\u001b[39m \u001b[36mnew\u001b[39m \u001b[33mAutomationError\u001b[39m(\u001b[32m'Initialization failed'\u001b[39m\u001b[33m,\u001b[39m \u001b[33mErrorType\u001b[39m\u001b[33m.\u001b[39m\u001b[33mSETUP_FAILED\u001b[39m)\u001b[33m;\u001b[39m\n     \u001b[90m    |\u001b[39m             \u001b[31m\u001b[1m^\u001b[22m\u001b[39m\n     \u001b[90m 72 |\u001b[39m     }\n     \u001b[90m 73 |\u001b[39m   }\n     \u001b[90m 74 |\u001b[39m\u001b[0m\n\n      \u001b[2mat ShareAutomation.initialize (\u001b[22msrc/automation/sharing/ShareAutomation.ts\u001b[2m:71:13)\u001b[22m\n      \u001b[2mat Object.initialize (\u001b[22msrc/automation/__tests__/ShareAutomation.test.ts\u001b[2m:133:36)\u001b[22m\n    at Object.toThrow (C:\\Praca\\saas\\poshproject\\server\\node_modules\\expect\\build\\index.js:218:22)\n    at Object.toThrow (C:\\Praca\\saas\\poshproject\\server\\src\\automation\\__tests__\\ShareAutomation.test.ts:133:58)\n    at Promise.then.completed (C:\\Praca\\saas\\poshproject\\server\\node_modules\\jest-circus\\build\\utils.js:298:28)\n    at new Promise (<anonymous>)\n    at callAsyncCircusFn (C:\\Praca\\saas\\poshproject\\server\\node_modules\\jest-circus\\build\\utils.js:231:10)\n    at _callCircusTest (C:\\Praca\\saas\\poshproject\\server\\node_modules\\jest-circus\\build\\run.js:316:40)\n    at _runTest (C:\\Praca\\saas\\poshproject\\server\\node_modules\\jest-circus\\build\\run.js:252:3)\n    at _runTestsForDescribeBlock (C:\\Praca\\saas\\poshproject\\server\\node_modules\\jest-circus\\build\\run.js:126:9)\n    at _runTestsForDescribeBlock (C:\\Praca\\saas\\poshproject\\server\\node_modules\\jest-circus\\build\\run.js:121:9)\n    at _runTestsForDescribeBlock (C:\\Praca\\saas\\poshproject\\server\\node_modules\\jest-circus\\build\\run.js:121:9)\n    at run (C:\\Praca\\saas\\poshproject\\server\\node_modules\\jest-circus\\build\\run.js:71:3)\n    at runAndTransformResultsToJestFormat (C:\\Praca\\saas\\poshproject\\server\\node_modules\\jest-circus\\build\\legacy-code-todo-rewrite\\jestAdapterInit.js:122:21)\n    at jestAdapter (C:\\Praca\\saas\\poshproject\\server\\node_modules\\jest-circus\\build\\legacy-code-todo-rewrite\\jestAdapter.js:79:19)\n    at runTestInternal (C:\\Praca\\saas\\poshproject\\server\\node_modules\\jest-runner\\build\\runTest.js:367:16)\n    at runTest (C:\\Praca\\saas\\poshproject\\server\\node_modules\\jest-runner\\build\\runTest.js:444:34)"],"fullName":"ShareAutomation initialize should handle navigation failure","invocations":1,"location":{"column":5,"line":120},"numPassingAsserts":0,"retryReasons":[],"status":"failed","title":"should handle navigation failure"},{"ancestorTitles":["ShareAutomation","shareCloset"],"duration":0,"failureDetails":[{"type":"SETUP_FAILED","recoverable":true,"name":"AutomationError"}],"failureMessages":["AutomationError: Initialization failed\n    at ShareAutomation.initialize (C:\\Praca\\saas\\poshproject\\server\\src\\automation\\sharing\\ShareAutomation.ts:71:13)\n    at Object.initialize (C:\\Praca\\saas\\poshproject\\server\\src\\automation\\__tests__\\ShareAutomation.test.ts:152:29)\n    at Promise.then.completed (C:\\Praca\\saas\\poshproject\\server\\node_modules\\jest-circus\\build\\utils.js:298:28)\n    at new Promise (<anonymous>)\n    at callAsyncCircusFn (C:\\Praca\\saas\\poshproject\\server\\node_modules\\jest-circus\\build\\utils.js:231:10)\n    at _callCircusHook (C:\\Praca\\saas\\poshproject\\server\\node_modules\\jest-circus\\build\\run.js:281:40)\n    at _runTest (C:\\Praca\\saas\\poshproject\\server\\node_modules\\jest-circus\\build\\run.js:246:5)\n    at _runTestsForDescribeBlock (C:\\Praca\\saas\\poshproject\\server\\node_modules\\jest-circus\\build\\run.js:126:9)\n    at _runTestsForDescribeBlock (C:\\Praca\\saas\\poshproject\\server\\node_modules\\jest-circus\\build\\run.js:121:9)\n    at _runTestsForDescribeBlock (C:\\Praca\\saas\\poshproject\\server\\node_modules\\jest-circus\\build\\run.js:121:9)\n    at run (C:\\Praca\\saas\\poshproject\\server\\node_modules\\jest-circus\\build\\run.js:71:3)\n    at runAndTransformResultsToJestFormat (C:\\Praca\\saas\\poshproject\\server\\node_modules\\jest-circus\\build\\legacy-code-todo-rewrite\\jestAdapterInit.js:122:21)\n    at jestAdapter (C:\\Praca\\saas\\poshproject\\server\\node_modules\\jest-circus\\build\\legacy-code-todo-rewrite\\jestAdapter.js:79:19)\n    at runTestInternal (C:\\Praca\\saas\\poshproject\\server\\node_modules\\jest-runner\\build\\runTest.js:367:16)\n    at runTest (C:\\Praca\\saas\\poshproject\\server\\node_modules\\jest-runner\\build\\runTest.js:444:34)"],"fullName":"ShareAutomation shareCloset should share items successfully","invocations":1,"location":{"column":5,"line":155},"numPassingAsserts":0,"retryReasons":[],"status":"failed","title":"should share items successfully"},{"ancestorTitles":["ShareAutomation","shareCloset"],"duration":1,"failureDetails":[{"type":"SETUP_FAILED","recoverable":true,"name":"AutomationError"}],"failureMessages":["AutomationError: Initialization failed\n    at ShareAutomation.initialize (C:\\Praca\\saas\\poshproject\\server\\src\\automation\\sharing\\ShareAutomation.ts:71:13)\n    at Object.initialize (C:\\Praca\\saas\\poshproject\\server\\src\\automation\\__tests__\\ShareAutomation.test.ts:152:29)\n    at Promise.then.completed (C:\\Praca\\saas\\poshproject\\server\\node_modules\\jest-circus\\build\\utils.js:298:28)\n    at new Promise (<anonymous>)\n    at callAsyncCircusFn (C:\\Praca\\saas\\poshproject\\server\\node_modules\\jest-circus\\build\\utils.js:231:10)\n    at _callCircusHook (C:\\Praca\\saas\\poshproject\\server\\node_modules\\jest-circus\\build\\run.js:281:40)\n    at _runTest (C:\\Praca\\saas\\poshproject\\server\\node_modules\\jest-circus\\build\\run.js:246:5)\n    at _runTestsForDescribeBlock (C:\\Praca\\saas\\poshproject\\server\\node_modules\\jest-circus\\build\\run.js:126:9)\n    at _runTestsForDescribeBlock (C:\\Praca\\saas\\poshproject\\server\\node_modules\\jest-circus\\build\\run.js:121:9)\n    at _runTestsForDescribeBlock (C:\\Praca\\saas\\poshproject\\server\\node_modules\\jest-circus\\build\\run.js:121:9)\n    at run (C:\\Praca\\saas\\poshproject\\server\\node_modules\\jest-circus\\build\\run.js:71:3)\n    at runAndTransformResultsToJestFormat (C:\\Praca\\saas\\poshproject\\server\\node_modules\\jest-circus\\build\\legacy-code-todo-rewrite\\jestAdapterInit.js:122:21)\n    at jestAdapter (C:\\Praca\\saas\\poshproject\\server\\node_modules\\jest-circus\\build\\legacy-code-todo-rewrite\\jestAdapter.js:79:19)\n    at runTestInternal (C:\\Praca\\saas\\poshproject\\server\\node_modules\\jest-runner\\build\\runTest.js:367:16)\n    at runTest (C:\\Praca\\saas\\poshproject\\server\\node_modules\\jest-runner\\build\\runTest.js:444:34)"],"fullName":"ShareAutomation shareCloset should handle sharing errors gracefully","invocations":1,"location":{"column":5,"line":167},"numPassingAsserts":0,"retryReasons":[],"status":"failed","title":"should handle sharing errors gracefully"},{"ancestorTitles":["ShareAutomation","shareCloset"],"duration":0,"failureDetails":[{"type":"SETUP_FAILED","recoverable":true,"name":"AutomationError"}],"failureMessages":["AutomationError: Initialization failed\n    at ShareAutomation.initialize (C:\\Praca\\saas\\poshproject\\server\\src\\automation\\sharing\\ShareAutomation.ts:71:13)\n    at Object.initialize (C:\\Praca\\saas\\poshproject\\server\\src\\automation\\__tests__\\ShareAutomation.test.ts:152:29)\n    at Promise.then.completed (C:\\Praca\\saas\\poshproject\\server\\node_modules\\jest-circus\\build\\utils.js:298:28)\n    at new Promise (<anonymous>)\n    at callAsyncCircusFn (C:\\Praca\\saas\\poshproject\\server\\node_modules\\jest-circus\\build\\utils.js:231:10)\n    at _callCircusHook (C:\\Praca\\saas\\poshproject\\server\\node_modules\\jest-circus\\build\\run.js:281:40)\n    at _runTest (C:\\Praca\\saas\\poshproject\\server\\node_modules\\jest-circus\\build\\run.js:246:5)\n    at _runTestsForDescribeBlock (C:\\Praca\\saas\\poshproject\\server\\node_modules\\jest-circus\\build\\run.js:126:9)\n    at _runTestsForDescribeBlock (C:\\Praca\\saas\\poshproject\\server\\node_modules\\jest-circus\\build\\run.js:121:9)\n    at _runTestsForDescribeBlock (C:\\Praca\\saas\\poshproject\\server\\node_modules\\jest-circus\\build\\run.js:121:9)\n    at run (C:\\Praca\\saas\\poshproject\\server\\node_modules\\jest-circus\\build\\run.js:71:3)\n    at runAndTransformResultsToJestFormat (C:\\Praca\\saas\\poshproject\\server\\node_modules\\jest-circus\\build\\legacy-code-todo-rewrite\\jestAdapterInit.js:122:21)\n    at jestAdapter (C:\\Praca\\saas\\poshproject\\server\\node_modules\\jest-circus\\build\\legacy-code-todo-rewrite\\jestAdapter.js:79:19)\n    at runTestInternal (C:\\Praca\\saas\\poshproject\\server\\node_modules\\jest-runner\\build\\runTest.js:367:16)\n    at runTest (C:\\Praca\\saas\\poshproject\\server\\node_modules\\jest-runner\\build\\runTest.js:444:34)"],"fullName":"ShareAutomation shareCloset should handle empty closet","invocations":1,"location":{"column":5,"line":177},"numPassingAsserts":0,"retryReasons":[],"status":"failed","title":"should handle empty closet"},{"ancestorTitles":["ShareAutomation","shareCloset"],"duration":1,"failureDetails":[{"type":"SETUP_FAILED","recoverable":true,"name":"AutomationError"}],"failureMessages":["AutomationError: Initialization failed\n    at ShareAutomation.initialize (C:\\Praca\\saas\\poshproject\\server\\src\\automation\\sharing\\ShareAutomation.ts:71:13)\n    at Object.initialize (C:\\Praca\\saas\\poshproject\\server\\src\\automation\\__tests__\\ShareAutomation.test.ts:152:29)\n    at Promise.then.completed (C:\\Praca\\saas\\poshproject\\server\\node_modules\\jest-circus\\build\\utils.js:298:28)\n    at new Promise (<anonymous>)\n    at callAsyncCircusFn (C:\\Praca\\saas\\poshproject\\server\\node_modules\\jest-circus\\build\\utils.js:231:10)\n    at _callCircusHook (C:\\Praca\\saas\\poshproject\\server\\node_modules\\jest-circus\\build\\run.js:281:40)\n    at _runTest (C:\\Praca\\saas\\poshproject\\server\\node_modules\\jest-circus\\build\\run.js:246:5)\n    at _runTestsForDescribeBlock (C:\\Praca\\saas\\poshproject\\server\\node_modules\\jest-circus\\build\\run.js:126:9)\n    at _runTestsForDescribeBlock (C:\\Praca\\saas\\poshproject\\server\\node_modules\\jest-circus\\build\\run.js:121:9)\n    at _runTestsForDescribeBlock (C:\\Praca\\saas\\poshproject\\server\\node_modules\\jest-circus\\build\\run.js:121:9)\n    at run (C:\\Praca\\saas\\poshproject\\server\\node_modules\\jest-circus\\build\\run.js:71:3)\n    at runAndTransformResultsToJestFormat (C:\\Praca\\saas\\poshproject\\server\\node_modules\\jest-circus\\build\\legacy-code-todo-rewrite\\jestAdapterInit.js:122:21)\n    at jestAdapter (C:\\Praca\\saas\\poshproject\\server\\node_modules\\jest-circus\\build\\legacy-code-todo-rewrite\\jestAdapter.js:79:19)\n    at runTestInternal (C:\\Praca\\saas\\poshproject\\server\\node_modules\\jest-runner\\build\\runTest.js:367:16)\n    at runTest (C:\\Praca\\saas\\poshproject\\server\\node_modules\\jest-runner\\build\\runTest.js:444:34)"],"fullName":"ShareAutomation shareCloset should handle sharing errors","invocations":1,"location":{"column":5,"line":185},"numPassingAsserts":0,"retryReasons":[],"status":"failed","title":"should handle sharing errors"},{"ancestorTitles":["ShareAutomation","shareCloset"],"duration":1,"failureDetails":[{"type":"SETUP_FAILED","recoverable":true,"name":"AutomationError"}],"failureMessages":["AutomationError: Initialization failed\n    at ShareAutomation.initialize (C:\\Praca\\saas\\poshproject\\server\\src\\automation\\sharing\\ShareAutomation.ts:71:13)\n    at Object.initialize (C:\\Praca\\saas\\poshproject\\server\\src\\automation\\__tests__\\ShareAutomation.test.ts:152:29)\n    at Promise.then.completed (C:\\Praca\\saas\\poshproject\\server\\node_modules\\jest-circus\\build\\utils.js:298:28)\n    at new Promise (<anonymous>)\n    at callAsyncCircusFn (C:\\Praca\\saas\\poshproject\\server\\node_modules\\jest-circus\\build\\utils.js:231:10)\n    at _callCircusHook (C:\\Praca\\saas\\poshproject\\server\\node_modules\\jest-circus\\build\\run.js:281:40)\n    at _runTest (C:\\Praca\\saas\\poshproject\\server\\node_modules\\jest-circus\\build\\run.js:246:5)\n    at _runTestsForDescribeBlock (C:\\Praca\\saas\\poshproject\\server\\node_modules\\jest-circus\\build\\run.js:126:9)\n    at _runTestsForDescribeBlock (C:\\Praca\\saas\\poshproject\\server\\node_modules\\jest-circus\\build\\run.js:121:9)\n    at _runTestsForDescribeBlock (C:\\Praca\\saas\\poshproject\\server\\node_modules\\jest-circus\\build\\run.js:121:9)\n    at run (C:\\Praca\\saas\\poshproject\\server\\node_modules\\jest-circus\\build\\run.js:71:3)\n    at runAndTransformResultsToJestFormat (C:\\Praca\\saas\\poshproject\\server\\node_modules\\jest-circus\\build\\legacy-code-todo-rewrite\\jestAdapterInit.js:122:21)\n    at jestAdapter (C:\\Praca\\saas\\poshproject\\server\\node_modules\\jest-circus\\build\\legacy-code-todo-rewrite\\jestAdapter.js:79:19)\n    at runTestInternal (C:\\Praca\\saas\\poshproject\\server\\node_modules\\jest-runner\\build\\runTest.js:367:16)\n    at runTest (C:\\Praca\\saas\\poshproject\\server\\node_modules\\jest-runner\\build\\runTest.js:444:34)"],"fullName":"ShareAutomation shareCloset should respect maxItems limit","invocations":1,"location":{"column":5,"line":199},"numPassingAsserts":0,"retryReasons":[],"status":"failed","title":"should respect maxItems limit"},{"ancestorTitles":["ShareAutomation","shareCloset"],"duration":1,"failureDetails":[{"type":"SETUP_FAILED","recoverable":true,"name":"AutomationError"}],"failureMessages":["AutomationError: Initialization failed\n    at ShareAutomation.initialize (C:\\Praca\\saas\\poshproject\\server\\src\\automation\\sharing\\ShareAutomation.ts:71:13)\n    at Object.initialize (C:\\Praca\\saas\\poshproject\\server\\src\\automation\\__tests__\\ShareAutomation.test.ts:152:29)\n    at Promise.then.completed (C:\\Praca\\saas\\poshproject\\server\\node_modules\\jest-circus\\build\\utils.js:298:28)\n    at new Promise (<anonymous>)\n    at callAsyncCircusFn (C:\\Praca\\saas\\poshproject\\server\\node_modules\\jest-circus\\build\\utils.js:231:10)\n    at _callCircusHook (C:\\Praca\\saas\\poshproject\\server\\node_modules\\jest-circus\\build\\run.js:281:40)\n    at _runTest (C:\\Praca\\saas\\poshproject\\server\\node_modules\\jest-circus\\build\\run.js:246:5)\n    at _runTestsForDescribeBlock (C:\\Praca\\saas\\poshproject\\server\\node_modules\\jest-circus\\build\\run.js:126:9)\n    at _runTestsForDescribeBlock (C:\\Praca\\saas\\poshproject\\server\\node_modules\\jest-circus\\build\\run.js:121:9)\n    at _runTestsForDescribeBlock (C:\\Praca\\saas\\poshproject\\server\\node_modules\\jest-circus\\build\\run.js:121:9)\n    at run (C:\\Praca\\saas\\poshproject\\server\\node_modules\\jest-circus\\build\\run.js:71:3)\n    at runAndTransformResultsToJestFormat (C:\\Praca\\saas\\poshproject\\server\\node_modules\\jest-circus\\build\\legacy-code-todo-rewrite\\jestAdapterInit.js:122:21)\n    at jestAdapter (C:\\Praca\\saas\\poshproject\\server\\node_modules\\jest-circus\\build\\legacy-code-todo-rewrite\\jestAdapter.js:79:19)\n    at runTestInternal (C:\\Praca\\saas\\poshproject\\server\\node_modules\\jest-runner\\build\\runTest.js:367:16)\n    at runTest (C:\\Praca\\saas\\poshproject\\server\\node_modules\\jest-runner\\build\\runTest.js:444:34)"],"fullName":"ShareAutomation shareCloset should handle navigation failure to closet","invocations":1,"location":{"column":5,"line":213},"numPassingAsserts":0,"retryReasons":[],"status":"failed","title":"should handle navigation failure to closet"},{"ancestorTitles":["ShareAutomation","shareCloset"],"duration":0,"failureDetails":[{"type":"SETUP_FAILED","recoverable":true,"name":"AutomationError"}],"failureMessages":["AutomationError: Initialization failed\n    at ShareAutomation.initialize (C:\\Praca\\saas\\poshproject\\server\\src\\automation\\sharing\\ShareAutomation.ts:71:13)\n    at Object.initialize (C:\\Praca\\saas\\poshproject\\server\\src\\automation\\__tests__\\ShareAutomation.test.ts:152:29)\n    at Promise.then.completed (C:\\Praca\\saas\\poshproject\\server\\node_modules\\jest-circus\\build\\utils.js:298:28)\n    at new Promise (<anonymous>)\n    at callAsyncCircusFn (C:\\Praca\\saas\\poshproject\\server\\node_modules\\jest-circus\\build\\utils.js:231:10)\n    at _callCircusHook (C:\\Praca\\saas\\poshproject\\server\\node_modules\\jest-circus\\build\\run.js:281:40)\n    at _runTest (C:\\Praca\\saas\\poshproject\\server\\node_modules\\jest-circus\\build\\run.js:246:5)\n    at _runTestsForDescribeBlock (C:\\Praca\\saas\\poshproject\\server\\node_modules\\jest-circus\\build\\run.js:126:9)\n    at _runTestsForDescribeBlock (C:\\Praca\\saas\\poshproject\\server\\node_modules\\jest-circus\\build\\run.js:121:9)\n    at _runTestsForDescribeBlock (C:\\Praca\\saas\\poshproject\\server\\node_modules\\jest-circus\\build\\run.js:121:9)\n    at run (C:\\Praca\\saas\\poshproject\\server\\node_modules\\jest-circus\\build\\run.js:71:3)\n    at runAndTransformResultsToJestFormat (C:\\Praca\\saas\\poshproject\\server\\node_modules\\jest-circus\\build\\legacy-code-todo-rewrite\\jestAdapterInit.js:122:21)\n    at jestAdapter (C:\\Praca\\saas\\poshproject\\server\\node_modules\\jest-circus\\build\\legacy-code-todo-rewrite\\jestAdapter.js:79:19)\n    at runTestInternal (C:\\Praca\\saas\\poshproject\\server\\node_modules\\jest-runner\\build\\runTest.js:367:16)\n    at runTest (C:\\Praca\\saas\\poshproject\\server\\node_modules\\jest-runner\\build\\runTest.js:444:34)"],"fullName":"ShareAutomation shareCloset should handle failure to find closet items","invocations":1,"location":{"column":5,"line":221},"numPassingAsserts":0,"retryReasons":[],"status":"failed","title":"should handle failure to find closet items"},{"ancestorTitles":["ShareAutomation","shareCloset"],"duration":0,"failureDetails":[{"type":"SETUP_FAILED","recoverable":true,"name":"AutomationError"}],"failureMessages":["AutomationError: Initialization failed\n    at ShareAutomation.initialize (C:\\Praca\\saas\\poshproject\\server\\src\\automation\\sharing\\ShareAutomation.ts:71:13)\n    at Object.initialize (C:\\Praca\\saas\\poshproject\\server\\src\\automation\\__tests__\\ShareAutomation.test.ts:152:29)\n    at Promise.then.completed (C:\\Praca\\saas\\poshproject\\server\\node_modules\\jest-circus\\build\\utils.js:298:28)\n    at new Promise (<anonymous>)\n    at callAsyncCircusFn (C:\\Praca\\saas\\poshproject\\server\\node_modules\\jest-circus\\build\\utils.js:231:10)\n    at _callCircusHook (C:\\Praca\\saas\\poshproject\\server\\node_modules\\jest-circus\\build\\run.js:281:40)\n    at _runTest (C:\\Praca\\saas\\poshproject\\server\\node_modules\\jest-circus\\build\\run.js:246:5)\n    at _runTestsForDescribeBlock (C:\\Praca\\saas\\poshproject\\server\\node_modules\\jest-circus\\build\\run.js:126:9)\n    at _runTestsForDescribeBlock (C:\\Praca\\saas\\poshproject\\server\\node_modules\\jest-circus\\build\\run.js:121:9)\n    at _runTestsForDescribeBlock (C:\\Praca\\saas\\poshproject\\server\\node_modules\\jest-circus\\build\\run.js:121:9)\n    at run (C:\\Praca\\saas\\poshproject\\server\\node_modules\\jest-circus\\build\\run.js:71:3)\n    at runAndTransformResultsToJestFormat (C:\\Praca\\saas\\poshproject\\server\\node_modules\\jest-circus\\build\\legacy-code-todo-rewrite\\jestAdapterInit.js:122:21)\n    at jestAdapter (C:\\Praca\\saas\\poshproject\\server\\node_modules\\jest-circus\\build\\legacy-code-todo-rewrite\\jestAdapter.js:79:19)\n    at runTestInternal (C:\\Praca\\saas\\poshproject\\server\\node_modules\\jest-runner\\build\\runTest.js:367:16)\n    at runTest (C:\\Praca\\saas\\poshproject\\server\\node_modules\\jest-runner\\build\\runTest.js:444:34)"],"fullName":"ShareAutomation shareCloset should handle missing share button","invocations":1,"location":{"column":5,"line":229},"numPassingAsserts":0,"retryReasons":[],"status":"failed","title":"should handle missing share button"},{"ancestorTitles":["ShareAutomation","shareCloset"],"duration":0,"failureDetails":[{"type":"SETUP_FAILED","recoverable":true,"name":"AutomationError"}],"failureMessages":["AutomationError: Initialization failed\n    at ShareAutomation.initialize (C:\\Praca\\saas\\poshproject\\server\\src\\automation\\sharing\\ShareAutomation.ts:71:13)\n    at Object.initialize (C:\\Praca\\saas\\poshproject\\server\\src\\automation\\__tests__\\ShareAutomation.test.ts:152:29)\n    at Promise.then.completed (C:\\Praca\\saas\\poshproject\\server\\node_modules\\jest-circus\\build\\utils.js:298:28)\n    at new Promise (<anonymous>)\n    at callAsyncCircusFn (C:\\Praca\\saas\\poshproject\\server\\node_modules\\jest-circus\\build\\utils.js:231:10)\n    at _callCircusHook (C:\\Praca\\saas\\poshproject\\server\\node_modules\\jest-circus\\build\\run.js:281:40)\n    at _runTest (C:\\Praca\\saas\\poshproject\\server\\node_modules\\jest-circus\\build\\run.js:246:5)\n    at _runTestsForDescribeBlock (C:\\Praca\\saas\\poshproject\\server\\node_modules\\jest-circus\\build\\run.js:126:9)\n    at _runTestsForDescribeBlock (C:\\Praca\\saas\\poshproject\\server\\node_modules\\jest-circus\\build\\run.js:121:9)\n    at _runTestsForDescribeBlock (C:\\Praca\\saas\\poshproject\\server\\node_modules\\jest-circus\\build\\run.js:121:9)\n    at run (C:\\Praca\\saas\\poshproject\\server\\node_modules\\jest-circus\\build\\run.js:71:3)\n    at runAndTransformResultsToJestFormat (C:\\Praca\\saas\\poshproject\\server\\node_modules\\jest-circus\\build\\legacy-code-todo-rewrite\\jestAdapterInit.js:122:21)\n    at jestAdapter (C:\\Praca\\saas\\poshproject\\server\\node_modules\\jest-circus\\build\\legacy-code-todo-rewrite\\jestAdapter.js:79:19)\n    at runTestInternal (C:\\Praca\\saas\\poshproject\\server\\node_modules\\jest-runner\\build\\runTest.js:367:16)\n    at runTest (C:\\Praca\\saas\\poshproject\\server\\node_modules\\jest-runner\\build\\runTest.js:444:34)"],"fullName":"ShareAutomation shareCloset should handle not being logged in","invocations":1,"location":{"column":5,"line":241},"numPassingAsserts":0,"retryReasons":[],"status":"failed","title":"should handle not being logged in"},{"ancestorTitles":["ShareAutomation","cleanup"],"duration":0,"failureDetails":[{"type":"SETUP_FAILED","recoverable":true,"name":"AutomationError"}],"failureMessages":["AutomationError: Initialization failed\n    at ShareAutomation.initialize (C:\\Praca\\saas\\poshproject\\server\\src\\automation\\sharing\\ShareAutomation.ts:71:13)\n    at Object.initialize (C:\\Praca\\saas\\poshproject\\server\\src\\automation\\__tests__\\ShareAutomation.test.ts:264:29)\n    at Promise.then.completed (C:\\Praca\\saas\\poshproject\\server\\node_modules\\jest-circus\\build\\utils.js:298:28)\n    at new Promise (<anonymous>)\n    at callAsyncCircusFn (C:\\Praca\\saas\\poshproject\\server\\node_modules\\jest-circus\\build\\utils.js:231:10)\n    at _callCircusHook (C:\\Praca\\saas\\poshproject\\server\\node_modules\\jest-circus\\build\\run.js:281:40)\n    at _runTest (C:\\Praca\\saas\\poshproject\\server\\node_modules\\jest-circus\\build\\run.js:246:5)\n    at _runTestsForDescribeBlock (C:\\Praca\\saas\\poshproject\\server\\node_modules\\jest-circus\\build\\run.js:126:9)\n    at _runTestsForDescribeBlock (C:\\Praca\\saas\\poshproject\\server\\node_modules\\jest-circus\\build\\run.js:121:9)\n    at _runTestsForDescribeBlock (C:\\Praca\\saas\\poshproject\\server\\node_modules\\jest-circus\\build\\run.js:121:9)\n    at run (C:\\Praca\\saas\\poshproject\\server\\node_modules\\jest-circus\\build\\run.js:71:3)\n    at runAndTransformResultsToJestFormat (C:\\Praca\\saas\\poshproject\\server\\node_modules\\jest-circus\\build\\legacy-code-todo-rewrite\\jestAdapterInit.js:122:21)\n    at jestAdapter (C:\\Praca\\saas\\poshproject\\server\\node_modules\\jest-circus\\build\\legacy-code-todo-rewrite\\jestAdapter.js:79:19)\n    at runTestInternal (C:\\Praca\\saas\\poshproject\\server\\node_modules\\jest-runner\\build\\runTest.js:367:16)\n    at runTest (C:\\Praca\\saas\\poshproject\\server\\node_modules\\jest-runner\\build\\runTest.js:444:34)"],"fullName":"ShareAutomation cleanup should properly clean up resources","invocations":1,"location":{"column":5,"line":267},"numPassingAsserts":0,"retryReasons":[],"status":"failed","title":"should properly clean up resources"},{"ancestorTitles":["ShareAutomation","cleanup"],"duration":1,"failureDetails":[{"type":"SETUP_FAILED","recoverable":true,"name":"AutomationError"}],"failureMessages":["AutomationError: Initialization failed\n    at ShareAutomation.initialize (C:\\Praca\\saas\\poshproject\\server\\src\\automation\\sharing\\ShareAutomation.ts:71:13)\n    at Object.initialize (C:\\Praca\\saas\\poshproject\\server\\src\\automation\\__tests__\\ShareAutomation.test.ts:264:29)\n    at Promise.then.completed (C:\\Praca\\saas\\poshproject\\server\\node_modules\\jest-circus\\build\\utils.js:298:28)\n    at new Promise (<anonymous>)\n    at callAsyncCircusFn (C:\\Praca\\saas\\poshproject\\server\\node_modules\\jest-circus\\build\\utils.js:231:10)\n    at _callCircusHook (C:\\Praca\\saas\\poshproject\\server\\node_modules\\jest-circus\\build\\run.js:281:40)\n    at _runTest (C:\\Praca\\saas\\poshproject\\server\\node_modules\\jest-circus\\build\\run.js:246:5)\n    at _runTestsForDescribeBlock (C:\\Praca\\saas\\poshproject\\server\\node_modules\\jest-circus\\build\\run.js:126:9)\n    at _runTestsForDescribeBlock (C:\\Praca\\saas\\poshproject\\server\\node_modules\\jest-circus\\build\\run.js:121:9)\n    at _runTestsForDescribeBlock (C:\\Praca\\saas\\poshproject\\server\\node_modules\\jest-circus\\build\\run.js:121:9)\n    at run (C:\\Praca\\saas\\poshproject\\server\\node_modules\\jest-circus\\build\\run.js:71:3)\n    at runAndTransformResultsToJestFormat (C:\\Praca\\saas\\poshproject\\server\\node_modules\\jest-circus\\build\\legacy-code-todo-rewrite\\jestAdapterInit.js:122:21)\n    at jestAdapter (C:\\Praca\\saas\\poshproject\\server\\node_modules\\jest-circus\\build\\legacy-code-todo-rewrite\\jestAdapter.js:79:19)\n    at runTestInternal (C:\\Praca\\saas\\poshproject\\server\\node_modules\\jest-runner\\build\\runTest.js:367:16)\n    at runTest (C:\\Praca\\saas\\poshproject\\server\\node_modules\\jest-runner\\build\\runTest.js:444:34)"],"fullName":"ShareAutomation cleanup should handle cleanup errors gracefully","invocations":1,"location":{"column":5,"line":274},"numPassingAsserts":0,"retryReasons":[],"status":"failed","title":"should handle cleanup errors gracefully"},{"ancestorTitles":["ShareAutomation","cleanup"],"duration":0,"failureDetails":[{"type":"SETUP_FAILED","recoverable":true,"name":"AutomationError"}],"failureMessages":["AutomationError: Initialization failed\n    at ShareAutomation.initialize (C:\\Praca\\saas\\poshproject\\server\\src\\automation\\sharing\\ShareAutomation.ts:71:13)\n    at Object.initialize (C:\\Praca\\saas\\poshproject\\server\\src\\automation\\__tests__\\ShareAutomation.test.ts:264:29)\n    at Promise.then.completed (C:\\Praca\\saas\\poshproject\\server\\node_modules\\jest-circus\\build\\utils.js:298:28)\n    at new Promise (<anonymous>)\n    at callAsyncCircusFn (C:\\Praca\\saas\\poshproject\\server\\node_modules\\jest-circus\\build\\utils.js:231:10)\n    at _callCircusHook (C:\\Praca\\saas\\poshproject\\server\\node_modules\\jest-circus\\build\\run.js:281:40)\n    at _runTest (C:\\Praca\\saas\\poshproject\\server\\node_modules\\jest-circus\\build\\run.js:246:5)\n    at _runTestsForDescribeBlock (C:\\Praca\\saas\\poshproject\\server\\node_modules\\jest-circus\\build\\run.js:126:9)\n    at _runTestsForDescribeBlock (C:\\Praca\\saas\\poshproject\\server\\node_modules\\jest-circus\\build\\run.js:121:9)\n    at _runTestsForDescribeBlock (C:\\Praca\\saas\\poshproject\\server\\node_modules\\jest-circus\\build\\run.js:121:9)\n    at run (C:\\Praca\\saas\\poshproject\\server\\node_modules\\jest-circus\\build\\run.js:71:3)\n    at runAndTransformResultsToJestFormat (C:\\Praca\\saas\\poshproject\\server\\node_modules\\jest-circus\\build\\legacy-code-todo-rewrite\\jestAdapterInit.js:122:21)\n    at jestAdapter (C:\\Praca\\saas\\poshproject\\server\\node_modules\\jest-circus\\build\\legacy-code-todo-rewrite\\jestAdapter.js:79:19)\n    at runTestInternal (C:\\Praca\\saas\\poshproject\\server\\node_modules\\jest-runner\\build\\runTest.js:367:16)\n    at runTest (C:\\Praca\\saas\\poshproject\\server\\node_modules\\jest-runner\\build\\runTest.js:444:34)"],"fullName":"ShareAutomation cleanup should handle cleanup when resources are already null","invocations":1,"location":{"column":5,"line":281},"numPassingAsserts":0,"retryReasons":[],"status":"failed","title":"should handle cleanup when resources are already null"}],"endTime":1745485471750,"message":"\u001b[1m\u001b[31m  \u001b[1m● \u001b[22m\u001b[1mShareAutomation › initialize › should successfully initialize and login\u001b[39m\u001b[22m\n\n    \u001b[2mexpect(\u001b[22m\u001b[31mreceived\u001b[39m\u001b[2m).\u001b[22mresolves\u001b[2m.\u001b[22mnot\u001b[2m.\u001b[22mtoThrow\u001b[2m()\u001b[22m\n\n    Received promise rejected instead of resolved\n    Rejected to value: \u001b[31m[AutomationError: Initialization failed]\u001b[39m\n\u001b[2m\u001b[22m\n\u001b[2m    \u001b[0m \u001b[90m 65 |\u001b[39m       })\u001b[33m;\u001b[39m\u001b[22m\n\u001b[2m     \u001b[90m 66 |\u001b[39m\u001b[22m\n\u001b[2m    \u001b[31m\u001b[1m>\u001b[22m\u001b[2m\u001b[39m\u001b[90m 67 |\u001b[39m       \u001b[36mawait\u001b[39m expect(shareAutomation\u001b[33m.\u001b[39minitialize())\u001b[33m.\u001b[39mresolves\u001b[33m.\u001b[39mnot\u001b[33m.\u001b[39mtoThrow()\u001b[33m;\u001b[39m\u001b[22m\n\u001b[2m     \u001b[90m    |\u001b[39m             \u001b[31m\u001b[1m^\u001b[22m\u001b[2m\u001b[39m\u001b[22m\n\u001b[2m     \u001b[90m 68 |\u001b[39m     })\u001b[33m;\u001b[39m\u001b[22m\n\u001b[2m     \u001b[90m 69 |\u001b[39m\u001b[22m\n\u001b[2m     \u001b[90m 70 |\u001b[39m     it(\u001b[32m'should handle CAPTCHA detection'\u001b[39m\u001b[33m,\u001b[39m \u001b[36masync\u001b[39m () \u001b[33m=>\u001b[39m {\u001b[0m\u001b[22m\n\u001b[2m\u001b[22m\n\u001b[2m      \u001b[2mat expect (\u001b[22m\u001b[2mnode_modules/expect/build/index.js\u001b[2m:113:15)\u001b[22m\u001b[2m\u001b[22m\n\u001b[2m      \u001b[2mat Object.expect (\u001b[22m\u001b[2m\u001b[0m\u001b[36msrc/automation/__tests__/ShareAutomation.test.ts\u001b[39m\u001b[0m\u001b[2m:67:13)\u001b[22m\u001b[2m\u001b[22m\n\n\u001b[1m\u001b[31m  \u001b[1m● \u001b[22m\u001b[1mShareAutomation › initialize › should handle login failure\u001b[39m\u001b[22m\n\n    \u001b[2mexpect(\u001b[22m\u001b[31mreceived\u001b[39m\u001b[2m).\u001b[22mrejects\u001b[2m.\u001b[22mtoThrow\u001b[2m(\u001b[22m\u001b[32mexpected\u001b[39m\u001b[2m)\u001b[22m\n\n    Expected message: \u001b[32m\"\u001b[7mLogi\u001b[27mn failed\"\u001b[39m\n    Received message: \u001b[31m\"\u001b[7mInitializatio\u001b[27mn failed\"\u001b[39m\n\n        \u001b[0m \u001b[90m 69 |\u001b[39m         \u001b[36mthrow\u001b[39m error\u001b[33m;\u001b[39m\n         \u001b[90m 70 |\u001b[39m       }\n        \u001b[31m\u001b[1m>\u001b[22m\u001b[39m\u001b[90m 71 |\u001b[39m       \u001b[36mthrow\u001b[39m \u001b[36mnew\u001b[39m \u001b[33mAutomationError\u001b[39m(\u001b[32m'Initialization failed'\u001b[39m\u001b[33m,\u001b[39m \u001b[33mErrorType\u001b[39m\u001b[33m.\u001b[39m\u001b[33mSETUP_FAILED\u001b[39m)\u001b[33m;\u001b[39m\n         \u001b[90m    |\u001b[39m             \u001b[31m\u001b[1m^\u001b[22m\u001b[39m\n         \u001b[90m 72 |\u001b[39m     }\n         \u001b[90m 73 |\u001b[39m   }\n         \u001b[90m 74 |\u001b[39m\u001b[0m\n\n          \u001b[2mat ShareAutomation.initialize (\u001b[22msrc/automation/sharing/ShareAutomation.ts\u001b[2m:71:13)\u001b[22m\n          \u001b[2mat Object.initialize (\u001b[22msrc/automation/__tests__/ShareAutomation.test.ts\u001b[2m:92:36)\u001b[22m\n\u001b[2m\u001b[22m\n\u001b[2m    \u001b[0m \u001b[90m 90 |\u001b[39m       })\u001b[33m;\u001b[39m\u001b[22m\n\u001b[2m     \u001b[90m 91 |\u001b[39m\u001b[22m\n\u001b[2m    \u001b[31m\u001b[1m>\u001b[22m\u001b[2m\u001b[39m\u001b[90m 92 |\u001b[39m       \u001b[36mawait\u001b[39m expect(shareAutomation\u001b[33m.\u001b[39minitialize())\u001b[33m.\u001b[39mrejects\u001b[33m.\u001b[39mtoThrow(\u001b[22m\n\u001b[2m     \u001b[90m    |\u001b[39m                                                          \u001b[31m\u001b[1m^\u001b[22m\u001b[2m\u001b[39m\u001b[22m\n\u001b[2m     \u001b[90m 93 |\u001b[39m         \u001b[36mnew\u001b[39m \u001b[33mAutomationError\u001b[39m(\u001b[32m'Login failed'\u001b[39m\u001b[33m,\u001b[39m \u001b[33mErrorType\u001b[39m\u001b[33m.\u001b[39m\u001b[33mAUTH_FAILED\u001b[39m)\u001b[22m\n\u001b[2m     \u001b[90m 94 |\u001b[39m       )\u001b[33m;\u001b[39m\u001b[22m\n\u001b[2m     \u001b[90m 95 |\u001b[39m     })\u001b[33m;\u001b[39m\u001b[0m\u001b[22m\n\u001b[2m\u001b[22m\n\u001b[2m      \u001b[2mat Object.toThrow (\u001b[22m\u001b[2mnode_modules/expect/build/index.js\u001b[2m:218:22)\u001b[22m\u001b[2m\u001b[22m\n\u001b[2m      \u001b[2mat Object.toThrow (\u001b[22m\u001b[2m\u001b[0m\u001b[36msrc/automation/__tests__/ShareAutomation.test.ts\u001b[39m\u001b[0m\u001b[2m:92:58)\u001b[22m\u001b[2m\u001b[22m\n\n\u001b[1m\u001b[31m  \u001b[1m● \u001b[22m\u001b[1mShareAutomation › initialize › should handle browser creation failure\u001b[39m\u001b[22m\n\n    \u001b[2mexpect(\u001b[22m\u001b[31mjest.fn()\u001b[39m\u001b[2m).\u001b[22mtoHaveBeenCalled\u001b[2m()\u001b[22m\n\n    Expected number of calls: >= \u001b[32m1\u001b[39m\n    Received number of calls:    \u001b[31m0\u001b[39m\n\u001b[2m\u001b[22m\n\u001b[2m    \u001b[0m \u001b[90m 113 |\u001b[39m       )\u001b[33m;\u001b[39m\u001b[22m\n\u001b[2m     \u001b[90m 114 |\u001b[39m\u001b[22m\n\u001b[2m    \u001b[31m\u001b[1m>\u001b[22m\u001b[2m\u001b[39m\u001b[90m 115 |\u001b[39m       expect(mockBrowserManager\u001b[33m.\u001b[39mcreateSession)\u001b[33m.\u001b[39mtoHaveBeenCalled()\u001b[33m;\u001b[39m\u001b[22m\n\u001b[2m     \u001b[90m     |\u001b[39m                                                \u001b[31m\u001b[1m^\u001b[22m\u001b[2m\u001b[39m\u001b[22m\n\u001b[2m     \u001b[90m 116 |\u001b[39m       expect(mockPage\u001b[33m.\u001b[39mclose)\u001b[33m.\u001b[39mnot\u001b[33m.\u001b[39mtoHaveBeenCalled()\u001b[33m;\u001b[39m\u001b[22m\n\u001b[2m     \u001b[90m 117 |\u001b[39m       expect(mockBrowser\u001b[33m.\u001b[39mclose)\u001b[33m.\u001b[39mnot\u001b[33m.\u001b[39mtoHaveBeenCalled()\u001b[33m;\u001b[39m\u001b[22m\n\u001b[2m     \u001b[90m 118 |\u001b[39m     })\u001b[33m;\u001b[39m\u001b[0m\u001b[22m\n\u001b[2m\u001b[22m\n\u001b[2m      \u001b[2mat Object.toHaveBeenCalled (\u001b[22m\u001b[2m\u001b[0m\u001b[36msrc/automation/__tests__/ShareAutomation.test.ts\u001b[39m\u001b[0m\u001b[2m:115:48)\u001b[22m\u001b[2m\u001b[22m\n\n\u001b[1m\u001b[31m  \u001b[1m● \u001b[22m\u001b[1mShareAutomation › initialize › should handle navigation failure\u001b[39m\u001b[22m\n\n    \u001b[2mexpect(\u001b[22m\u001b[31mreceived\u001b[39m\u001b[2m).\u001b[22mrejects\u001b[2m.\u001b[22mtoThrow\u001b[2m(\u001b[22m\u001b[32mexpected\u001b[39m\u001b[2m)\u001b[22m\n\n    Expected message: \u001b[32m\"\u001b[7mLogi\u001b[27mn failed\"\u001b[39m\n    Received message: \u001b[31m\"\u001b[7mInitializatio\u001b[27mn failed\"\u001b[39m\n\n        \u001b[0m \u001b[90m 69 |\u001b[39m         \u001b[36mthrow\u001b[39m error\u001b[33m;\u001b[39m\n         \u001b[90m 70 |\u001b[39m       }\n        \u001b[31m\u001b[1m>\u001b[22m\u001b[39m\u001b[90m 71 |\u001b[39m       \u001b[36mthrow\u001b[39m \u001b[36mnew\u001b[39m \u001b[33mAutomationError\u001b[39m(\u001b[32m'Initialization failed'\u001b[39m\u001b[33m,\u001b[39m \u001b[33mErrorType\u001b[39m\u001b[33m.\u001b[39m\u001b[33mSETUP_FAILED\u001b[39m)\u001b[33m;\u001b[39m\n         \u001b[90m    |\u001b[39m             \u001b[31m\u001b[1m^\u001b[22m\u001b[39m\n         \u001b[90m 72 |\u001b[39m     }\n         \u001b[90m 73 |\u001b[39m   }\n         \u001b[90m 74 |\u001b[39m\u001b[0m\n\n          \u001b[2mat ShareAutomation.initialize (\u001b[22msrc/automation/sharing/ShareAutomation.ts\u001b[2m:71:13)\u001b[22m\n          \u001b[2mat Object.initialize (\u001b[22msrc/automation/__tests__/ShareAutomation.test.ts\u001b[2m:133:36)\u001b[22m\n\u001b[2m\u001b[22m\n\u001b[2m    \u001b[0m \u001b[90m 131 |\u001b[39m       mockPage\u001b[33m.\u001b[39mgoto\u001b[33m.\u001b[39mmockRejectedValueOnce(\u001b[36mnew\u001b[39m \u001b[33mError\u001b[39m(\u001b[32m'Navigation failed'\u001b[39m))\u001b[33m;\u001b[39m\u001b[22m\n\u001b[2m     \u001b[90m 132 |\u001b[39m\u001b[22m\n\u001b[2m    \u001b[31m\u001b[1m>\u001b[22m\u001b[2m\u001b[39m\u001b[90m 133 |\u001b[39m       \u001b[36mawait\u001b[39m expect(shareAutomation\u001b[33m.\u001b[39minitialize())\u001b[33m.\u001b[39mrejects\u001b[33m.\u001b[39mtoThrow(\u001b[22m\n\u001b[2m     \u001b[90m     |\u001b[39m                                                          \u001b[31m\u001b[1m^\u001b[22m\u001b[2m\u001b[39m\u001b[22m\n\u001b[2m     \u001b[90m 134 |\u001b[39m         \u001b[36mnew\u001b[39m \u001b[33mAutomationError\u001b[39m(\u001b[32m'Login failed'\u001b[39m\u001b[33m,\u001b[39m \u001b[33mErrorType\u001b[39m\u001b[33m.\u001b[39m\u001b[33mAUTH_FAILED\u001b[39m)\u001b[22m\n\u001b[2m     \u001b[90m 135 |\u001b[39m       )\u001b[33m;\u001b[39m\u001b[22m\n\u001b[2m     \u001b[90m 136 |\u001b[39m     })\u001b[33m;\u001b[39m\u001b[0m\u001b[22m\n\u001b[2m\u001b[22m\n\u001b[2m      \u001b[2mat Object.toThrow (\u001b[22m\u001b[2mnode_modules/expect/build/index.js\u001b[2m:218:22)\u001b[22m\u001b[2m\u001b[22m\n\u001b[2m      \u001b[2mat Object.toThrow (\u001b[22m\u001b[2m\u001b[0m\u001b[36msrc/automation/__tests__/ShareAutomation.test.ts\u001b[39m\u001b[0m\u001b[2m:133:58)\u001b[22m\u001b[2m\u001b[22m\n\n\u001b[1m\u001b[31m  \u001b[1m● \u001b[22m\u001b[1mShareAutomation › shareCloset › should share items successfully\u001b[39m\u001b[22m\n\n    AutomationError: Initialization failed\n\u001b[2m\u001b[22m\n\u001b[2m    \u001b[0m \u001b[90m 69 |\u001b[39m         \u001b[36mthrow\u001b[39m error\u001b[33m;\u001b[39m\u001b[22m\n\u001b[2m     \u001b[90m 70 |\u001b[39m       }\u001b[22m\n\u001b[2m    \u001b[31m\u001b[1m>\u001b[22m\u001b[2m\u001b[39m\u001b[90m 71 |\u001b[39m       \u001b[36mthrow\u001b[39m \u001b[36mnew\u001b[39m \u001b[33mAutomationError\u001b[39m(\u001b[32m'Initialization failed'\u001b[39m\u001b[33m,\u001b[39m \u001b[33mErrorType\u001b[39m\u001b[33m.\u001b[39m\u001b[33mSETUP_FAILED\u001b[39m)\u001b[33m;\u001b[39m\u001b[22m\n\u001b[2m     \u001b[90m    |\u001b[39m             \u001b[31m\u001b[1m^\u001b[22m\u001b[2m\u001b[39m\u001b[22m\n\u001b[2m     \u001b[90m 72 |\u001b[39m     }\u001b[22m\n\u001b[2m     \u001b[90m 73 |\u001b[39m   }\u001b[22m\n\u001b[2m     \u001b[90m 74 |\u001b[39m\u001b[0m\u001b[22m\n\u001b[2m\u001b[22m\n\u001b[2m      \u001b[2mat ShareAutomation.initialize (\u001b[22m\u001b[2msrc/automation/sharing/ShareAutomation.ts\u001b[2m:71:13)\u001b[22m\u001b[2m\u001b[22m\n\u001b[2m      \u001b[2mat Object.initialize (\u001b[22m\u001b[2m\u001b[0m\u001b[36msrc/automation/__tests__/ShareAutomation.test.ts\u001b[39m\u001b[0m\u001b[2m:152:29)\u001b[22m\u001b[2m\u001b[22m\n\n\u001b[1m\u001b[31m  \u001b[1m● \u001b[22m\u001b[1mShareAutomation › shareCloset › should handle sharing errors gracefully\u001b[39m\u001b[22m\n\n    AutomationError: Initialization failed\n\u001b[2m\u001b[22m\n\u001b[2m    \u001b[0m \u001b[90m 69 |\u001b[39m         \u001b[36mthrow\u001b[39m error\u001b[33m;\u001b[39m\u001b[22m\n\u001b[2m     \u001b[90m 70 |\u001b[39m       }\u001b[22m\n\u001b[2m    \u001b[31m\u001b[1m>\u001b[22m\u001b[2m\u001b[39m\u001b[90m 71 |\u001b[39m       \u001b[36mthrow\u001b[39m \u001b[36mnew\u001b[39m \u001b[33mAutomationError\u001b[39m(\u001b[32m'Initialization failed'\u001b[39m\u001b[33m,\u001b[39m \u001b[33mErrorType\u001b[39m\u001b[33m.\u001b[39m\u001b[33mSETUP_FAILED\u001b[39m)\u001b[33m;\u001b[39m\u001b[22m\n\u001b[2m     \u001b[90m    |\u001b[39m             \u001b[31m\u001b[1m^\u001b[22m\u001b[2m\u001b[39m\u001b[22m\n\u001b[2m     \u001b[90m 72 |\u001b[39m     }\u001b[22m\n\u001b[2m     \u001b[90m 73 |\u001b[39m   }\u001b[22m\n\u001b[2m     \u001b[90m 74 |\u001b[39m\u001b[0m\u001b[22m\n\u001b[2m\u001b[22m\n\u001b[2m      \u001b[2mat ShareAutomation.initialize (\u001b[22m\u001b[2msrc/automation/sharing/ShareAutomation.ts\u001b[2m:71:13)\u001b[22m\u001b[2m\u001b[22m\n\u001b[2m      \u001b[2mat Object.initialize (\u001b[22m\u001b[2m\u001b[0m\u001b[36msrc/automation/__tests__/ShareAutomation.test.ts\u001b[39m\u001b[0m\u001b[2m:152:29)\u001b[22m\u001b[2m\u001b[22m\n\n\u001b[1m\u001b[31m  \u001b[1m● \u001b[22m\u001b[1mShareAutomation › shareCloset › should handle empty closet\u001b[39m\u001b[22m\n\n    AutomationError: Initialization failed\n\u001b[2m\u001b[22m\n\u001b[2m    \u001b[0m \u001b[90m 69 |\u001b[39m         \u001b[36mthrow\u001b[39m error\u001b[33m;\u001b[39m\u001b[22m\n\u001b[2m     \u001b[90m 70 |\u001b[39m       }\u001b[22m\n\u001b[2m    \u001b[31m\u001b[1m>\u001b[22m\u001b[2m\u001b[39m\u001b[90m 71 |\u001b[39m       \u001b[36mthrow\u001b[39m \u001b[36mnew\u001b[39m \u001b[33mAutomationError\u001b[39m(\u001b[32m'Initialization failed'\u001b[39m\u001b[33m,\u001b[39m \u001b[33mErrorType\u001b[39m\u001b[33m.\u001b[39m\u001b[33mSETUP_FAILED\u001b[39m)\u001b[33m;\u001b[39m\u001b[22m\n\u001b[2m     \u001b[90m    |\u001b[39m             \u001b[31m\u001b[1m^\u001b[22m\u001b[2m\u001b[39m\u001b[22m\n\u001b[2m     \u001b[90m 72 |\u001b[39m     }\u001b[22m\n\u001b[2m     \u001b[90m 73 |\u001b[39m   }\u001b[22m\n\u001b[2m     \u001b[90m 74 |\u001b[39m\u001b[0m\u001b[22m\n\u001b[2m\u001b[22m\n\u001b[2m      \u001b[2mat ShareAutomation.initialize (\u001b[22m\u001b[2msrc/automation/sharing/ShareAutomation.ts\u001b[2m:71:13)\u001b[22m\u001b[2m\u001b[22m\n\u001b[2m      \u001b[2mat Object.initialize (\u001b[22m\u001b[2m\u001b[0m\u001b[36msrc/automation/__tests__/ShareAutomation.test.ts\u001b[39m\u001b[0m\u001b[2m:152:29)\u001b[22m\u001b[2m\u001b[22m\n\n\u001b[1m\u001b[31m  \u001b[1m● \u001b[22m\u001b[1mShareAutomation › shareCloset › should handle sharing errors\u001b[39m\u001b[22m\n\n    AutomationError: Initialization failed\n\u001b[2m\u001b[22m\n\u001b[2m    \u001b[0m \u001b[90m 69 |\u001b[39m         \u001b[36mthrow\u001b[39m error\u001b[33m;\u001b[39m\u001b[22m\n\u001b[2m     \u001b[90m 70 |\u001b[39m       }\u001b[22m\n\u001b[2m    \u001b[31m\u001b[1m>\u001b[22m\u001b[2m\u001b[39m\u001b[90m 71 |\u001b[39m       \u001b[36mthrow\u001b[39m \u001b[36mnew\u001b[39m \u001b[33mAutomationError\u001b[39m(\u001b[32m'Initialization failed'\u001b[39m\u001b[33m,\u001b[39m \u001b[33mErrorType\u001b[39m\u001b[33m.\u001b[39m\u001b[33mSETUP_FAILED\u001b[39m)\u001b[33m;\u001b[39m\u001b[22m\n\u001b[2m     \u001b[90m    |\u001b[39m             \u001b[31m\u001b[1m^\u001b[22m\u001b[2m\u001b[39m\u001b[22m\n\u001b[2m     \u001b[90m 72 |\u001b[39m     }\u001b[22m\n\u001b[2m     \u001b[90m 73 |\u001b[39m   }\u001b[22m\n\u001b[2m     \u001b[90m 74 |\u001b[39m\u001b[0m\u001b[22m\n\u001b[2m\u001b[22m\n\u001b[2m      \u001b[2mat ShareAutomation.initialize (\u001b[22m\u001b[2msrc/automation/sharing/ShareAutomation.ts\u001b[2m:71:13)\u001b[22m\u001b[2m\u001b[22m\n\u001b[2m      \u001b[2mat Object.initialize (\u001b[22m\u001b[2m\u001b[0m\u001b[36msrc/automation/__tests__/ShareAutomation.test.ts\u001b[39m\u001b[0m\u001b[2m:152:29)\u001b[22m\u001b[2m\u001b[22m\n\n\u001b[1m\u001b[31m  \u001b[1m● \u001b[22m\u001b[1mShareAutomation › shareCloset › should respect maxItems limit\u001b[39m\u001b[22m\n\n    AutomationError: Initialization failed\n\u001b[2m\u001b[22m\n\u001b[2m    \u001b[0m \u001b[90m 69 |\u001b[39m         \u001b[36mthrow\u001b[39m error\u001b[33m;\u001b[39m\u001b[22m\n\u001b[2m     \u001b[90m 70 |\u001b[39m       }\u001b[22m\n\u001b[2m    \u001b[31m\u001b[1m>\u001b[22m\u001b[2m\u001b[39m\u001b[90m 71 |\u001b[39m       \u001b[36mthrow\u001b[39m \u001b[36mnew\u001b[39m \u001b[33mAutomationError\u001b[39m(\u001b[32m'Initialization failed'\u001b[39m\u001b[33m,\u001b[39m \u001b[33mErrorType\u001b[39m\u001b[33m.\u001b[39m\u001b[33mSETUP_FAILED\u001b[39m)\u001b[33m;\u001b[39m\u001b[22m\n\u001b[2m     \u001b[90m    |\u001b[39m             \u001b[31m\u001b[1m^\u001b[22m\u001b[2m\u001b[39m\u001b[22m\n\u001b[2m     \u001b[90m 72 |\u001b[39m     }\u001b[22m\n\u001b[2m     \u001b[90m 73 |\u001b[39m   }\u001b[22m\n\u001b[2m     \u001b[90m 74 |\u001b[39m\u001b[0m\u001b[22m\n\u001b[2m\u001b[22m\n\u001b[2m      \u001b[2mat ShareAutomation.initialize (\u001b[22m\u001b[2msrc/automation/sharing/ShareAutomation.ts\u001b[2m:71:13)\u001b[22m\u001b[2m\u001b[22m\n\u001b[2m      \u001b[2mat Object.initialize (\u001b[22m\u001b[2m\u001b[0m\u001b[36msrc/automation/__tests__/ShareAutomation.test.ts\u001b[39m\u001b[0m\u001b[2m:152:29)\u001b[22m\u001b[2m\u001b[22m\n\n\u001b[1m\u001b[31m  \u001b[1m● \u001b[22m\u001b[1mShareAutomation › shareCloset › should handle navigation failure to closet\u001b[39m\u001b[22m\n\n    AutomationError: Initialization failed\n\u001b[2m\u001b[22m\n\u001b[2m    \u001b[0m \u001b[90m 69 |\u001b[39m         \u001b[36mthrow\u001b[39m error\u001b[33m;\u001b[39m\u001b[22m\n\u001b[2m     \u001b[90m 70 |\u001b[39m       }\u001b[22m\n\u001b[2m    \u001b[31m\u001b[1m>\u001b[22m\u001b[2m\u001b[39m\u001b[90m 71 |\u001b[39m       \u001b[36mthrow\u001b[39m \u001b[36mnew\u001b[39m \u001b[33mAutomationError\u001b[39m(\u001b[32m'Initialization failed'\u001b[39m\u001b[33m,\u001b[39m \u001b[33mErrorType\u001b[39m\u001b[33m.\u001b[39m\u001b[33mSETUP_FAILED\u001b[39m)\u001b[33m;\u001b[39m\u001b[22m\n\u001b[2m     \u001b[90m    |\u001b[39m             \u001b[31m\u001b[1m^\u001b[22m\u001b[2m\u001b[39m\u001b[22m\n\u001b[2m     \u001b[90m 72 |\u001b[39m     }\u001b[22m\n\u001b[2m     \u001b[90m 73 |\u001b[39m   }\u001b[22m\n\u001b[2m     \u001b[90m 74 |\u001b[39m\u001b[0m\u001b[22m\n\u001b[2m\u001b[22m\n\u001b[2m      \u001b[2mat ShareAutomation.initialize (\u001b[22m\u001b[2msrc/automation/sharing/ShareAutomation.ts\u001b[2m:71:13)\u001b[22m\u001b[2m\u001b[22m\n\u001b[2m      \u001b[2mat Object.initialize (\u001b[22m\u001b[2m\u001b[0m\u001b[36msrc/automation/__tests__/ShareAutomation.test.ts\u001b[39m\u001b[0m\u001b[2m:152:29)\u001b[22m\u001b[2m\u001b[22m\n\n\u001b[1m\u001b[31m  \u001b[1m● \u001b[22m\u001b[1mShareAutomation › shareCloset › should handle failure to find closet items\u001b[39m\u001b[22m\n\n    AutomationError: Initialization failed\n\u001b[2m\u001b[22m\n\u001b[2m    \u001b[0m \u001b[90m 69 |\u001b[39m         \u001b[36mthrow\u001b[39m error\u001b[33m;\u001b[39m\u001b[22m\n\u001b[2m     \u001b[90m 70 |\u001b[39m       }\u001b[22m\n\u001b[2m    \u001b[31m\u001b[1m>\u001b[22m\u001b[2m\u001b[39m\u001b[90m 71 |\u001b[39m       \u001b[36mthrow\u001b[39m \u001b[36mnew\u001b[39m \u001b[33mAutomationError\u001b[39m(\u001b[32m'Initialization failed'\u001b[39m\u001b[33m,\u001b[39m \u001b[33mErrorType\u001b[39m\u001b[33m.\u001b[39m\u001b[33mSETUP_FAILED\u001b[39m)\u001b[33m;\u001b[39m\u001b[22m\n\u001b[2m     \u001b[90m    |\u001b[39m             \u001b[31m\u001b[1m^\u001b[22m\u001b[2m\u001b[39m\u001b[22m\n\u001b[2m     \u001b[90m 72 |\u001b[39m     }\u001b[22m\n\u001b[2m     \u001b[90m 73 |\u001b[39m   }\u001b[22m\n\u001b[2m     \u001b[90m 74 |\u001b[39m\u001b[0m\u001b[22m\n\u001b[2m\u001b[22m\n\u001b[2m      \u001b[2mat ShareAutomation.initialize (\u001b[22m\u001b[2msrc/automation/sharing/ShareAutomation.ts\u001b[2m:71:13)\u001b[22m\u001b[2m\u001b[22m\n\u001b[2m      \u001b[2mat Object.initialize (\u001b[22m\u001b[2m\u001b[0m\u001b[36msrc/automation/__tests__/ShareAutomation.test.ts\u001b[39m\u001b[0m\u001b[2m:152:29)\u001b[22m\u001b[2m\u001b[22m\n\n\u001b[1m\u001b[31m  \u001b[1m● \u001b[22m\u001b[1mShareAutomation › shareCloset › should handle missing share button\u001b[39m\u001b[22m\n\n    AutomationError: Initialization failed\n\u001b[2m\u001b[22m\n\u001b[2m    \u001b[0m \u001b[90m 69 |\u001b[39m         \u001b[36mthrow\u001b[39m error\u001b[33m;\u001b[39m\u001b[22m\n\u001b[2m     \u001b[90m 70 |\u001b[39m       }\u001b[22m\n\u001b[2m    \u001b[31m\u001b[1m>\u001b[22m\u001b[2m\u001b[39m\u001b[90m 71 |\u001b[39m       \u001b[36mthrow\u001b[39m \u001b[36mnew\u001b[39m \u001b[33mAutomationError\u001b[39m(\u001b[32m'Initialization failed'\u001b[39m\u001b[33m,\u001b[39m \u001b[33mErrorType\u001b[39m\u001b[33m.\u001b[39m\u001b[33mSETUP_FAILED\u001b[39m)\u001b[33m;\u001b[39m\u001b[22m\n\u001b[2m     \u001b[90m    |\u001b[39m             \u001b[31m\u001b[1m^\u001b[22m\u001b[2m\u001b[39m\u001b[22m\n\u001b[2m     \u001b[90m 72 |\u001b[39m     }\u001b[22m\n\u001b[2m     \u001b[90m 73 |\u001b[39m   }\u001b[22m\n\u001b[2m     \u001b[90m 74 |\u001b[39m\u001b[0m\u001b[22m\n\u001b[2m\u001b[22m\n\u001b[2m      \u001b[2mat ShareAutomation.initialize (\u001b[22m\u001b[2msrc/automation/sharing/ShareAutomation.ts\u001b[2m:71:13)\u001b[22m\u001b[2m\u001b[22m\n\u001b[2m      \u001b[2mat Object.initialize (\u001b[22m\u001b[2m\u001b[0m\u001b[36msrc/automation/__tests__/ShareAutomation.test.ts\u001b[39m\u001b[0m\u001b[2m:152:29)\u001b[22m\u001b[2m\u001b[22m\n\n\u001b[1m\u001b[31m  \u001b[1m● \u001b[22m\u001b[1mShareAutomation › shareCloset › should handle not being logged in\u001b[39m\u001b[22m\n\n    AutomationError: Initialization failed\n\u001b[2m\u001b[22m\n\u001b[2m    \u001b[0m \u001b[90m 69 |\u001b[39m         \u001b[36mthrow\u001b[39m error\u001b[33m;\u001b[39m\u001b[22m\n\u001b[2m     \u001b[90m 70 |\u001b[39m       }\u001b[22m\n\u001b[2m    \u001b[31m\u001b[1m>\u001b[22m\u001b[2m\u001b[39m\u001b[90m 71 |\u001b[39m       \u001b[36mthrow\u001b[39m \u001b[36mnew\u001b[39m \u001b[33mAutomationError\u001b[39m(\u001b[32m'Initialization failed'\u001b[39m\u001b[33m,\u001b[39m \u001b[33mErrorType\u001b[39m\u001b[33m.\u001b[39m\u001b[33mSETUP_FAILED\u001b[39m)\u001b[33m;\u001b[39m\u001b[22m\n\u001b[2m     \u001b[90m    |\u001b[39m             \u001b[31m\u001b[1m^\u001b[22m\u001b[2m\u001b[39m\u001b[22m\n\u001b[2m     \u001b[90m 72 |\u001b[39m     }\u001b[22m\n\u001b[2m     \u001b[90m 73 |\u001b[39m   }\u001b[22m\n\u001b[2m     \u001b[90m 74 |\u001b[39m\u001b[0m\u001b[22m\n\u001b[2m\u001b[22m\n\u001b[2m      \u001b[2mat ShareAutomation.initialize (\u001b[22m\u001b[2msrc/automation/sharing/ShareAutomation.ts\u001b[2m:71:13)\u001b[22m\u001b[2m\u001b[22m\n\u001b[2m      \u001b[2mat Object.initialize (\u001b[22m\u001b[2m\u001b[0m\u001b[36msrc/automation/__tests__/ShareAutomation.test.ts\u001b[39m\u001b[0m\u001b[2m:152:29)\u001b[22m\u001b[2m\u001b[22m\n\n\u001b[1m\u001b[31m  \u001b[1m● \u001b[22m\u001b[1mShareAutomation › cleanup › should properly clean up resources\u001b[39m\u001b[22m\n\n    AutomationError: Initialization failed\n\u001b[2m\u001b[22m\n\u001b[2m    \u001b[0m \u001b[90m 69 |\u001b[39m         \u001b[36mthrow\u001b[39m error\u001b[33m;\u001b[39m\u001b[22m\n\u001b[2m     \u001b[90m 70 |\u001b[39m       }\u001b[22m\n\u001b[2m    \u001b[31m\u001b[1m>\u001b[22m\u001b[2m\u001b[39m\u001b[90m 71 |\u001b[39m       \u001b[36mthrow\u001b[39m \u001b[36mnew\u001b[39m \u001b[33mAutomationError\u001b[39m(\u001b[32m'Initialization failed'\u001b[39m\u001b[33m,\u001b[39m \u001b[33mErrorType\u001b[39m\u001b[33m.\u001b[39m\u001b[33mSETUP_FAILED\u001b[39m)\u001b[33m;\u001b[39m\u001b[22m\n\u001b[2m     \u001b[90m    |\u001b[39m             \u001b[31m\u001b[1m^\u001b[22m\u001b[2m\u001b[39m\u001b[22m\n\u001b[2m     \u001b[90m 72 |\u001b[39m     }\u001b[22m\n\u001b[2m     \u001b[90m 73 |\u001b[39m   }\u001b[22m\n\u001b[2m     \u001b[90m 74 |\u001b[39m\u001b[0m\u001b[22m\n\u001b[2m\u001b[22m\n\u001b[2m      \u001b[2mat ShareAutomation.initialize (\u001b[22m\u001b[2msrc/automation/sharing/ShareAutomation.ts\u001b[2m:71:13)\u001b[22m\u001b[2m\u001b[22m\n\u001b[2m      \u001b[2mat Object.initialize (\u001b[22m\u001b[2m\u001b[0m\u001b[36msrc/automation/__tests__/ShareAutomation.test.ts\u001b[39m\u001b[0m\u001b[2m:264:29)\u001b[22m\u001b[2m\u001b[22m\n\n\u001b[1m\u001b[31m  \u001b[1m● \u001b[22m\u001b[1mShareAutomation › cleanup › should handle cleanup errors gracefully\u001b[39m\u001b[22m\n\n    AutomationError: Initialization failed\n\u001b[2m\u001b[22m\n\u001b[2m    \u001b[0m \u001b[90m 69 |\u001b[39m         \u001b[36mthrow\u001b[39m error\u001b[33m;\u001b[39m\u001b[22m\n\u001b[2m     \u001b[90m 70 |\u001b[39m       }\u001b[22m\n\u001b[2m    \u001b[31m\u001b[1m>\u001b[22m\u001b[2m\u001b[39m\u001b[90m 71 |\u001b[39m       \u001b[36mthrow\u001b[39m \u001b[36mnew\u001b[39m \u001b[33mAutomationError\u001b[39m(\u001b[32m'Initialization failed'\u001b[39m\u001b[33m,\u001b[39m \u001b[33mErrorType\u001b[39m\u001b[33m.\u001b[39m\u001b[33mSETUP_FAILED\u001b[39m)\u001b[33m;\u001b[39m\u001b[22m\n\u001b[2m     \u001b[90m    |\u001b[39m             \u001b[31m\u001b[1m^\u001b[22m\u001b[2m\u001b[39m\u001b[22m\n\u001b[2m     \u001b[90m 72 |\u001b[39m     }\u001b[22m\n\u001b[2m     \u001b[90m 73 |\u001b[39m   }\u001b[22m\n\u001b[2m     \u001b[90m 74 |\u001b[39m\u001b[0m\u001b[22m\n\u001b[2m\u001b[22m\n\u001b[2m      \u001b[2mat ShareAutomation.initialize (\u001b[22m\u001b[2msrc/automation/sharing/ShareAutomation.ts\u001b[2m:71:13)\u001b[22m\u001b[2m\u001b[22m\n\u001b[2m      \u001b[2mat Object.initialize (\u001b[22m\u001b[2m\u001b[0m\u001b[36msrc/automation/__tests__/ShareAutomation.test.ts\u001b[39m\u001b[0m\u001b[2m:264:29)\u001b[22m\u001b[2m\u001b[22m\n\n\u001b[1m\u001b[31m  \u001b[1m● \u001b[22m\u001b[1mShareAutomation › cleanup › should handle cleanup when resources are already null\u001b[39m\u001b[22m\n\n    AutomationError: Initialization failed\n\u001b[2m\u001b[22m\n\u001b[2m    \u001b[0m \u001b[90m 69 |\u001b[39m         \u001b[36mthrow\u001b[39m error\u001b[33m;\u001b[39m\u001b[22m\n\u001b[2m     \u001b[90m 70 |\u001b[39m       }\u001b[22m\n\u001b[2m    \u001b[31m\u001b[1m>\u001b[22m\u001b[2m\u001b[39m\u001b[90m 71 |\u001b[39m       \u001b[36mthrow\u001b[39m \u001b[36mnew\u001b[39m \u001b[33mAutomationError\u001b[39m(\u001b[32m'Initialization failed'\u001b[39m\u001b[33m,\u001b[39m \u001b[33mErrorType\u001b[39m\u001b[33m.\u001b[39m\u001b[33mSETUP_FAILED\u001b[39m)\u001b[33m;\u001b[39m\u001b[22m\n\u001b[2m     \u001b[90m    |\u001b[39m             \u001b[31m\u001b[1m^\u001b[22m\u001b[2m\u001b[39m\u001b[22m\n\u001b[2m     \u001b[90m 72 |\u001b[39m     }\u001b[22m\n\u001b[2m     \u001b[90m 73 |\u001b[39m   }\u001b[22m\n\u001b[2m     \u001b[90m 74 |\u001b[39m\u001b[0m\u001b[22m\n\u001b[2m\u001b[22m\n\u001b[2m      \u001b[2mat ShareAutomation.initialize (\u001b[22m\u001b[2msrc/automation/sharing/ShareAutomation.ts\u001b[2m:71:13)\u001b[22m\u001b[2m\u001b[22m\n\u001b[2m      \u001b[2mat Object.initialize (\u001b[22m\u001b[2m\u001b[0m\u001b[36msrc/automation/__tests__/ShareAutomation.test.ts\u001b[39m\u001b[0m\u001b[2m:264:29)\u001b[22m\u001b[2m\u001b[22m\n","name":"C:\\Praca\\saas\\poshproject\\server\\src\\automation\\__tests__\\ShareAutomation.test.ts","startTime":1745485470721,"status":"failed","summary":""}],"wasInterrupted":false,"coverageMap":{"C:\\Praca\\saas\\poshproject\\server\\src\\automation\\utils\\errors.ts":{"path":"C:\\Praca\\saas\\poshproject\\server\\src\\automation\\utils\\errors.ts","statementMap":{"0":{"start":{"line":17,"column":4},"end":{"line":17,"column":19}},"1":{"start":{"line":18,"column":4},"end":{"line":18,"column":34}},"2":{"start":{"line":22,"column":4},"end":{"line":25,"column":27}}},"fnMap":{"0":{"name":"(anonymous_0)","decl":{"start":{"line":12,"column":2},"end":{"line":12,"column":3}},"loc":{"start":{"line":16,"column":4},"end":{"line":19,"column":3}},"line":16},"1":{"name":"(anonymous_1)","decl":{"start":{"line":21,"column":2},"end":{"line":21,"column":3}},"loc":{"start":{"line":21,"column":56},"end":{"line":26,"column":3}},"line":21}},"branchMap":{"0":{"loc":{"start":{"line":15,"column":20},"end":{"line":15,"column":47}},"type":"default-arg","locations":[{"start":{"line":15,"column":43},"end":{"line":15,"column":47}}],"line":15},"1":{"loc":{"start":{"line":22,"column":11},"end":{"line":25,"column":26}},"type":"binary-expr","locations":[{"start":{"line":22,"column":11},"end":{"line":22,"column":28}},{"start":{"line":22,"column":32},"end":{"line":25,"column":26}}],"line":22}},"s":{"0":19,"1":19,"2":0},"f":{"0":19,"1":0},"b":{"0":[19],"1":[0,0]},"_coverageSchema":"1a1c01bbd47fc00a2c39e90264f33305004495a9","hash":"da88cf2e9e186a418fbdd82fae896619acab2aa7"},"C:\\Praca\\saas\\poshproject\\server\\src\\automation\\utils\\browserProfile.ts":{"path":"C:\\Praca\\saas\\poshproject\\server\\src\\automation\\utils\\browserProfile.ts","statementMap":{"0":{"start":{"line":4,"column":20},"end":{"line":9,"column":1}},"1":{"start":{"line":11,"column":18},"end":{"line":16,"column":1}},"2":{"start":{"line":18,"column":18},"end":{"line":23,"column":1}},"3":{"start":{"line":25,"column":21},"end":{"line":30,"column":1}},"4":{"start":{"line":41,"column":2},"end":{"line":41,"column":57}},"5":{"start":{"line":45,"column":2},"end":{"line":55,"column":3}},"6":{"start":{"line":46,"column":4},"end":{"line":52,"column":6}},"7":{"start":{"line":54,"column":4},"end":{"line":54,"column":90}}},"fnMap":{"0":{"name":"getRandomElement","decl":{"start":{"line":40,"column":9},"end":{"line":40,"column":25}},"loc":{"start":{"line":40,"column":44},"end":{"line":42,"column":1}},"line":40},"1":{"name":"createBrowserProfile","decl":{"start":{"line":44,"column":22},"end":{"line":44,"column":42}},"loc":{"start":{"line":44,"column":70},"end":{"line":56,"column":1}},"line":44}},"branchMap":{},"s":{"0":1,"1":1,"2":1,"3":1,"4":0,"5":0,"6":0,"7":0},"f":{"0":0,"1":0},"b":{},"_coverageSchema":"1a1c01bbd47fc00a2c39e90264f33305004495a9","hash":"9faadb579ed966a4194a6a9b6a93364b05e7e5f3"},"C:\\Praca\\saas\\poshproject\\server\\src\\automation\\utils\\timing.ts":{"path":"C:\\Praca\\saas\\poshproject\\server\\src\\automation\\utils\\timing.ts","statementMap":{"0":{"start":{"line":5,"column":21},"end":{"line":6,"column":49}},"1":{"start":{"line":6,"column":2},"end":{"line":6,"column":49}},"2":{"start":{"line":6,"column":25},"end":{"line":6,"column":48}},"3":{"start":{"line":13,"column":27},"end":{"line":16,"column":1}},"4":{"start":{"line":14,"column":16},"end":{"line":14,"column":65}},"5":{"start":{"line":15,"column":2},"end":{"line":15,"column":60}},"6":{"start":{"line":15,"column":32},"end":{"line":15,"column":58}}},"fnMap":{"0":{"name":"(anonymous_0)","decl":{"start":{"line":5,"column":21},"end":{"line":5,"column":22}},"loc":{"start":{"line":6,"column":2},"end":{"line":6,"column":49}},"line":6},"1":{"name":"(anonymous_1)","decl":{"start":{"line":6,"column":14},"end":{"line":6,"column":15}},"loc":{"start":{"line":6,"column":25},"end":{"line":6,"column":48}},"line":6},"2":{"name":"(anonymous_2)","decl":{"start":{"line":13,"column":27},"end":{"line":13,"column":28}},"loc":{"start":{"line":13,"column":72},"end":{"line":16,"column":1}},"line":13},"3":{"name":"(anonymous_3)","decl":{"start":{"line":15,"column":21},"end":{"line":15,"column":22}},"loc":{"start":{"line":15,"column":32},"end":{"line":15,"column":58}},"line":15}},"branchMap":{},"s":{"0":1,"1":0,"2":0,"3":1,"4":0,"5":0,"6":0},"f":{"0":0,"1":0,"2":0,"3":0},"b":{},"_coverageSchema":"1a1c01bbd47fc00a2c39e90264f33305004495a9","hash":"5154c121d117a578f7a1b6bf8fa623206eb7d46a"},"C:\\Praca\\saas\\poshproject\\server\\src\\automation\\utils\\RetryManager.ts":{"path":"C:\\Praca\\saas\\poshproject\\server\\src\\automation\\utils\\RetryManager.ts","statementMap":{"0":{"start":{"line":12,"column":48},"end":{"line":23,"column":1}},"1":{"start":{"line":29,"column":4},"end":{"line":29,"column":54}},"2":{"start":{"line":41,"column":34},"end":{"line":41,"column":38}},"3":{"start":{"line":42,"column":18},"end":{"line":42,"column":19}},"4":{"start":{"line":43,"column":16},"end":{"line":43,"column":41}},"5":{"start":{"line":45,"column":4},"end":{"line":86,"column":5}},"6":{"start":{"line":46,"column":6},"end":{"line":85,"column":7}},"7":{"start":{"line":47,"column":8},"end":{"line":47,"column":33}},"8":{"start":{"line":49,"column":8},"end":{"line":49,"column":35}},"9":{"start":{"line":51,"column":8},"end":{"line":58,"column":9}},"10":{"start":{"line":52,"column":10},"end":{"line":56,"column":13}},"11":{"start":{"line":57,"column":10},"end":{"line":57,"column":22}},"12":{"start":{"line":60,"column":8},"end":{"line":70,"column":9}},"13":{"start":{"line":61,"column":10},"end":{"line":65,"column":13}},"14":{"start":{"line":66,"column":10},"end":{"line":69,"column":12}},"15":{"start":{"line":72,"column":8},"end":{"line":77,"column":11}},"16":{"start":{"line":79,"column":8},"end":{"line":79,"column":32}},"17":{"start":{"line":80,"column":8},"end":{"line":83,"column":10}},"18":{"start":{"line":84,"column":8},"end":{"line":84,"column":18}},"19":{"start":{"line":89,"column":4},"end":{"line":89,"column":61}},"20":{"start":{"line":96,"column":4},"end":{"line":98,"column":5}},"21":{"start":{"line":97,"column":6},"end":{"line":97,"column":19}},"22":{"start":{"line":100,"column":4},"end":{"line":100,"column":61}},"23":{"start":{"line":107,"column":4},"end":{"line":107,"column":59}},"24":{"start":{"line":107,"column":34},"end":{"line":107,"column":57}}},"fnMap":{"0":{"name":"(anonymous_0)","decl":{"start":{"line":28,"column":2},"end":{"line":28,"column":3}},"loc":{"start":{"line":28,"column":42},"end":{"line":30,"column":3}},"line":28},"1":{"name":"(anonymous_1)","decl":{"start":{"line":37,"column":2},"end":{"line":37,"column":3}},"loc":{"start":{"line":40,"column":16},"end":{"line":90,"column":3}},"line":40},"2":{"name":"(anonymous_2)","decl":{"start":{"line":95,"column":2},"end":{"line":95,"column":3}},"loc":{"start":{"line":95,"column":52},"end":{"line":101,"column":3}},"line":95},"3":{"name":"(anonymous_3)","decl":{"start":{"line":106,"column":2},"end":{"line":106,"column":3}},"loc":{"start":{"line":106,"column":43},"end":{"line":108,"column":3}},"line":106},"4":{"name":"(anonymous_4)","decl":{"start":{"line":107,"column":23},"end":{"line":107,"column":24}},"loc":{"start":{"line":107,"column":34},"end":{"line":107,"column":57}},"line":107}},"branchMap":{"0":{"loc":{"start":{"line":28,"column":14},"end":{"line":28,"column":40}},"type":"default-arg","locations":[{"start":{"line":28,"column":38},"end":{"line":28,"column":40}}],"line":28},"1":{"loc":{"start":{"line":39,"column":4},"end":{"line":39,"column":37}},"type":"default-arg","locations":[{"start":{"line":39,"column":35},"end":{"line":39,"column":37}}],"line":39},"2":{"loc":{"start":{"line":51,"column":8},"end":{"line":58,"column":9}},"type":"if","locations":[{"start":{"line":51,"column":8},"end":{"line":58,"column":9}},{"start":{},"end":{}}],"line":51},"3":{"loc":{"start":{"line":60,"column":8},"end":{"line":70,"column":9}},"type":"if","locations":[{"start":{"line":60,"column":8},"end":{"line":70,"column":9}},{"start":{},"end":{}}],"line":60},"4":{"loc":{"start":{"line":68,"column":12},"end":{"line":68,"column":77}},"type":"cond-expr","locations":[{"start":{"line":68,"column":47},"end":{"line":68,"column":57}},{"start":{"line":68,"column":60},"end":{"line":68,"column":77}}],"line":68},"5":{"loc":{"start":{"line":89,"column":10},"end":{"line":89,"column":60}},"type":"binary-expr","locations":[{"start":{"line":89,"column":10},"end":{"line":89,"column":19}},{"start":{"line":89,"column":23},"end":{"line":89,"column":60}}],"line":89},"6":{"loc":{"start":{"line":96,"column":4},"end":{"line":98,"column":5}},"type":"if","locations":[{"start":{"line":96,"column":4},"end":{"line":98,"column":5}},{"start":{},"end":{}}],"line":96}},"s":{"0":1,"1":0,"2":0,"3":0,"4":0,"5":0,"6":0,"7":0,"8":0,"9":0,"10":0,"11":0,"12":0,"13":0,"14":0,"15":0,"16":0,"17":0,"18":0,"19":0,"20":0,"21":0,"22":0,"23":0,"24":0},"f":{"0":0,"1":0,"2":0,"3":0,"4":0},"b":{"0":[0],"1":[0],"2":[0,0],"3":[0,0],"4":[0,0],"5":[0,0],"6":[0,0]},"_coverageSchema":"1a1c01bbd47fc00a2c39e90264f33305004495a9","hash":"e0d9cb96a3d97a6f2393cf53b92526d5868dac33"},"C:\\Praca\\saas\\poshproject\\server\\src\\automation\\utils\\RateLimiter.ts":{"path":"C:\\Praca\\saas\\poshproject\\server\\src\\automation\\utils\\RateLimiter.ts","statementMap":{"0":{"start":{"line":23,"column":38},"end":{"line":23,"column":40}},"1":{"start":{"line":24,"column":35},"end":{"line":24,"column":36}},"2":{"start":{"line":25,"column":47},"end":{"line":25,"column":56}},"3":{"start":{"line":26,"column":52},"end":{"line":26,"column":61}},"4":{"start":{"line":29,"column":29},"end":{"line":29,"column":45}},"5":{"start":{"line":29,"column":35},"end":{"line":29,"column":45}},"6":{"start":{"line":33,"column":35},"end":{"line":33,"column":50}},"7":{"start":{"line":38,"column":4},"end":{"line":38,"column":23}},"8":{"start":{"line":39,"column":4},"end":{"line":39,"column":28}},"9":{"start":{"line":40,"column":4},"end":{"line":40,"column":33}},"10":{"start":{"line":41,"column":4},"end":{"line":41,"column":36}},"11":{"start":{"line":42,"column":4},"end":{"line":42,"column":33}},"12":{"start":{"line":42,"column":22},"end":{"line":42,"column":32}},"13":{"start":{"line":47,"column":4},"end":{"line":47,"column":56}},"14":{"start":{"line":51,"column":4},"end":{"line":61,"column":5}},"15":{"start":{"line":52,"column":6},"end":{"line":59,"column":7}},"16":{"start":{"line":53,"column":8},"end":{"line":58,"column":10}},"17":{"start":{"line":60,"column":6},"end":{"line":60,"column":53}},"18":{"start":{"line":62,"column":4},"end":{"line":62,"column":32}},"19":{"start":{"line":66,"column":16},"end":{"line":66,"column":27}},"20":{"start":{"line":67,"column":19},"end":{"line":67,"column":39}},"21":{"start":{"line":69,"column":19},"end":{"line":71,"column":5}},"22":{"start":{"line":70,"column":11},"end":{"line":70,"column":66}},"23":{"start":{"line":72,"column":4},"end":{"line":74,"column":6}},"24":{"start":{"line":73,"column":11},"end":{"line":73,"column":65}},"25":{"start":{"line":76,"column":4},"end":{"line":80,"column":5}},"26":{"start":{"line":77,"column":6},"end":{"line":79,"column":7}},"27":{"start":{"line":78,"column":8},"end":{"line":78,"column":44}},"28":{"start":{"line":81,"column":4},"end":{"line":81,"column":86}},"29":{"start":{"line":86,"column":16},"end":{"line":86,"column":27}},"30":{"start":{"line":87,"column":4},"end":{"line":89,"column":13}},"31":{"start":{"line":88,"column":11},"end":{"line":88,"column":83}},"32":{"start":{"
[...]
art":{"line":27,"column":4},"end":{"line":29,"column":5}},"type":"if","locations":[{"start":{"line":27,"column":4},"end":{"line":29,"column":5}},{"start":{},"end":{}}],"line":27},"1":{"loc":{"start":{"line":54,"column":8},"end":{"line":59,"column":9}},"type":"if","locations":[{"start":{"line":54,"column":8},"end":{"line":59,"column":9}},{"start":{},"end":{}}],"line":54},"2":{"loc":{"start":{"line":56,"column":10},"end":{"line":58,"column":11}},"type":"if","locations":[{"start":{"line":56,"column":10},"end":{"line":58,"column":11}},{"start":{},"end":{}}],"line":56},"3":{"loc":{"start":{"line":72,"column":4},"end":{"line":74,"column":5}},"type":"if","locations":[{"start":{"line":72,"column":4},"end":{"line":74,"column":5}},{"start":{},"end":{}}],"line":72},"4":{"loc":{"start":{"line":80,"column":4},"end":{"line":83,"column":5}},"type":"if","locations":[{"start":{"line":80,"column":4},"end":{"line":83,"column":5}},{"start":{},"end":{}}],"line":80},"5":{"loc":{"start":{"line":88,"column":4},"end":{"line":88,"column":31}},"type":"if","locations":[{"start":{"line":88,"column":4},"end":{"line":88,"column":31}},{"start":{},"end":{}}],"line":88},"6":{"loc":{"start":{"line":92,"column":4},"end":{"line":99,"column":5}},"type":"if","locations":[{"start":{"line":92,"column":4},"end":{"line":99,"column":5}},{"start":{},"end":{}}],"line":92},"7":{"loc":{"start":{"line":173,"column":24},"end":{"line":173,"column":89}},"type":"cond-expr","locations":[{"start":{"line":173,"column":59},"end":{"line":173,"column":69}},{"start":{"line":173,"column":72},"end":{"line":173,"column":89}}],"line":173},"8":{"loc":{"start":{"line":174,"column":26},"end":{"line":174,"column":85}},"type":"cond-expr","locations":[{"start":{"line":174,"column":61},"end":{"line":174,"column":78}},{"start":{"line":174,"column":81},"end":{"line":174,"column":85}}],"line":174},"9":{"loc":{"start":{"line":178,"column":17},"end":{"line":178,"column":71}},"type":"cond-expr","locations":[{"start":{"line":178,"column":42},"end":{"line":178,"column":55}},{"start":{"line":178,"column":58},"end":{"line":178,"column":71}}],"line":178},"10":{"loc":{"start":{"line":195,"column":4},"end":{"line":195,"column":25}},"type":"if","locations":[{"start":{"line":195,"column":4},"end":{"line":195,"column":25}},{"start":{},"end":{}}],"line":195},"11":{"loc":{"start":{"line":200,"column":4},"end":{"line":202,"column":5}},"type":"if","locations":[{"start":{"line":200,"column":4},"end":{"line":202,"column":5}},{"start":{},"end":{}}],"line":200},"12":{"loc":{"start":{"line":208,"column":4},"end":{"line":215,"column":5}},"type":"if","locations":[{"start":{"line":208,"column":4},"end":{"line":215,"column":5}},{"start":{"line":210,"column":11},"end":{"line":215,"column":5}}],"line":208},"13":{"loc":{"start":{"line":222,"column":24},"end":{"line":223,"column":60}},"type":"cond-expr","locations":[{"start":{"line":223,"column":6},"end":{"line":223,"column":56}},{"start":{"line":223,"column":59},"end":{"line":223,"column":60}}],"line":222},"14":{"loc":{"start":{"line":228,"column":4},"end":{"line":234,"column":5}},"type":"if","locations":[{"start":{"line":228,"column":4},"end":{"line":234,"column":5}},{"start":{"line":230,"column":11},"end":{"line":234,"column":5}}],"line":228},"15":{"loc":{"start":{"line":228,"column":8},"end":{"line":228,"column":48}},"type":"binary-expr","locations":[{"start":{"line":228,"column":8},"end":{"line":228,"column":26}},{"start":{"line":228,"column":30},"end":{"line":228,"column":48}}],"line":228},"16":{"loc":{"start":{"line":230,"column":11},"end":{"line":234,"column":5}},"type":"if","locations":[{"start":{"line":230,"column":11},"end":{"line":234,"column":5}},{"start":{"line":232,"column":11},"end":{"line":234,"column":5}}],"line":230},"17":{"loc":{"start":{"line":230,"column":15},"end":{"line":230,"column":52}},"type":"binary-expr","locations":[{"start":{"line":230,"column":15},"end":{"line":230,"column":33}},{"start":{"line":230,"column":37},"end":{"line":230,"column":52}}],"line":230},"18":{"loc":{"start":{"line":243,"column":6},"end":{"line":250,"column":7}},"type":"if","locations":[{"start":{"line":243,"column":6},"end":{"line":250,"column":7}},{"start":{},"end":{}}],"line":243},"19":{"loc":{"start":{"line":273,"column":10},"end":{"line":277,"column":11}},"type":"if","locations":[{"start":{"line":273,"column":10},"end":{"line":277,"column":11}},{"start":{"line":275,"column":17},"end":{"line":277,"column":11}}],"line":273},"20":{"loc":{"start":{"line":313,"column":4},"end":{"line":313,"column":30}},"type":"if","locations":[{"start":{"line":313,"column":4},"end":{"line":313,"column":30}},{"start":{},"end":{}}],"line":313},"21":{"loc":{"start":{"line":322,"column":4},"end":{"line":322,"column":30}},"type":"if","locations":[{"start":{"line":322,"column":4},"end":{"line":322,"column":30}},{"start":{},"end":{}}],"line":322},"22":{"loc":{"start":{"line":326,"column":4},"end":{"line":332,"column":5}},"type":"if","locations":[{"start":{"line":326,"column":4},"end":{"line":332,"column":5}},{"start":{},"end":{}}],"line":326},"23":{"loc":{"start":{"line":328,"column":6},"end":{"line":331,"column":7}},"type":"if","locations":[{"start":{"line":328,"column":6},"end":{"line":331,"column":7}},{"start":{},"end":{}}],"line":328},"24":{"loc":{"start":{"line":339,"column":4},"end":{"line":356,"column":5}},"type":"if","locations":[{"start":{"line":339,"column":4},"end":{"line":356,"column":5}},{"start":{},"end":{}}],"line":339},"25":{"loc":{"start":{"line":351,"column":8},"end":{"line":354,"column":9}},"type":"if","locations":[{"start":{"line":351,"column":8},"end":{"line":354,"column":9}},{"start":{},"end":{}}],"line":351},"26":{"loc":{"start":{"line":367,"column":32},"end":{"line":367,"column":72}},"type":"default-arg","locations":[{"start":{"line":367,"column":58},"end":{"line":367,"column":72}}],"line":367},"27":{"loc":{"start":{"line":371,"column":6},"end":{"line":373,"column":7}},"type":"if","locations":[{"start":{"line":371,"column":6},"end":{"line":373,"column":7}},{"start":{},"end":{}}],"line":371},"28":{"loc":{"start":{"line":378,"column":4},"end":{"line":381,"column":5}},"type":"if","locations":[{"start":{"line":378,"column":4},"end":{"line":381,"column":5}},{"start":{},"end":{}}],"line":378}},"s":{"0":0,"1":0,"2":0,"3":0,"4":0,"5":0,"6":0,"7":0,"8":0,"9":0,"10":0,"11":0,"12":0,"13":0,"14":0,"15":0,"16":0,"17":0,"18":0,"19":0,"20":0,"21":0,"22":0,"23":0,"24":0,"25":0,"26":0,"27":0,"28":0,"29":0,"30":0,"31":0,"32":0,"33":0,"34":0,"35":0,"36":0,"37":0,"38":0,"39":0,"40":0,"41":0,"42":0,"43":0,"44":0,"45":0,"46":0,"47":0,"48":0,"49":0,"50":0,"51":0,"52":0,"53":0,"54":0,"55":0,"56":0,"57":0,"58":0,"59":0,"60":0,"61":0,"62":0,"63":0,"64":0,"65":0,"66":0,"67":0,"68":0,"69":0,"70":0,"71":0,"72":0,"73":0,"74":0,"75":0,"76":0,"77":0,"78":0,"79":0,"80":0,"81":0,"82":0,"83":0,"84":0,"85":0,"86":0,"87":0,"88":0,"89":0,"90":0,"91":0,"92":0,"93":0,"94":0,"95":0,"96":0,"97":0,"98":0,"99":0,"100":0,"101":0,"102":0,"103":0,"104":0,"105":0,"106":0,"107":0,"108":0,"109":0,"110":0,"111":0,"112":0,"113":0,"114":0,"115":0,"116":0,"117":0,"118":0,"119":0,"120":0,"121":0,"122":0,"123":0,"124":0,"125":0,"126":0,"127":0,"128":0,"129":0,"130":0,"131":0,"132":0,"133":0,"134":0,"135":0,"136":0,"137":0,"138":0,"139":0,"140":0,"141":0,"142":0,"143":0,"144":0,"145":0,"146":0,"147":0,"148":0},"f":{"0":0,"1":0,"2":0,"3":0,"4":0,"5":0,"6":0,"7":0,"8":0,"9":0,"10":0,"11":0,"12":0,"13":0,"14":0,"15":0,"16":0,"17":0,"18":0,"19":0,"20":0,"21":0,"22":0,"23":0,"24":0,"25":0,"26":0},"b":{"0":[0,0],"1":[0,0],"2":[0,0],"3":[0,0],"4":[0,0],"5":[0,0],"6":[0,0],"7":[0,0],"8":[0,0],"9":[0,0],"10":[0,0],"11":[0,0],"12":[0,0],"13":[0,0],"14":[0,0],"15":[0,0],"16":[0,0],"17":[0,0],"18":[0,0],"19":[0,0],"20":[0,0],"21":[0,0],"22":[0,0],"23":[0,0],"24":[0,0],"25":[0,0],"26":[0],"27":[0,0],"28":[0,0]},"_coverageSchema":"1a1c01bbd47fc00a2c39e90264f33305004495a9","hash":"7038a74dbc57fd1c00ae7d065b09990c99699503"},"C:\\Praca\\saas\\poshproject\\server\\src\\automation\\sharing\\ShareAutomation.ts":{"path":"C:\\Praca\\saas\\poshproject\\server\\src\\automation\\sharing\\ShareAutomation.ts","statementMap":{"0":{"start":{"line":17,"column":36},"end":{"line":17,"column":40}},"1":{"start":{"line":18,"column":30},"end":{"line":18,"column":34}},"2":{"start":{"line":19,"column":32},"end":{"line":19,"column":37}},"3":{"start":{"line":24,"column":4},"end":{"line":29,"column":6}},"4":{"start":{"line":30,"column":4},"end":{"line":30,"column":55}},"5":{"start":{"line":34,"column":19},"end":{"line":34,"column":76}},"6":{"start":{"line":35,"column":4},"end":{"line":37,"column":5}},"7":{"start":{"line":36,"column":6},"end":{"line":36,"column":19}},"8":{"start":{"line":38,"column":4},"end":{"line":38,"column":16}},"9":{"start":{"line":42,"column":25},"end":{"line":42,"column":30}},"10":{"start":{"line":43,"column":4},"end":{"line":72,"column":5}},"11":{"start":{"line":45,"column":30},"end":{"line":45,"column":86}},"12":{"start":{"line":46,"column":6},"end":{"line":48,"column":7}},"13":{"start":{"line":47,"column":8},"end":{"line":47,"column":67}},"14":{"start":{"line":50,"column":22},"end":{"line":50,"column":50}},"15":{"start":{"line":51,"column":32},"end":{"line":51,"column":100}},"16":{"start":{"line":52,"column":6},"end":{"line":52,"column":28}},"17":{"start":{"line":53,"column":6},"end":{"line":53,"column":29}},"18":{"start":{"line":54,"column":6},"end":{"line":54,"column":23}},"19":{"start":{"line":56,"column":6},"end":{"line":61,"column":7}},"20":{"start":{"line":57,"column":8},"end":{"line":57,"column":27}},"21":{"start":{"line":59,"column":8},"end":{"line":59,"column":29}},"22":{"start":{"line":60,"column":8},"end":{"line":60,"column":25}},"23":{"start":{"line":63,"column":6},"end":{"line":63,"column":99}},"24":{"start":{"line":65,"column":6},"end":{"line":67,"column":7}},"25":{"start":{"line":66,"column":8},"end":{"line":66,"column":29}},"26":{"start":{"line":68,"column":6},"end":{"line":70,"column":7}},"27":{"start":{"line":69,"column":8},"end":{"line":69,"column":20}},"28":{"start":{"line":71,"column":6},"end":{"line":71,"column":81}},"29":{"start":{"line":76,"column":4},"end":{"line":76,"column":94}},"30":{"start":{"line":76,"column":20},"end":{"line":76,"column":94}},"31":{"start":{"line":78,"column":4},"end":{"line":107,"column":5}},"32":{"start":{"line":79,"column":6},"end":{"line":79,"column":57}},"33":{"start":{"line":80,"column":6},"end":{"line":80,"column":93}},"34":{"start":{"line":81,"column":6},"end":{"line":81,"column":102}},"35":{"start":{"line":82,"column":6},"end":{"line":82,"column":53}},"36":{"start":{"line":85,"column":6},"end":{"line":85,"column":70}},"37":{"start":{"line":88,"column":22},"end":{"line":88,"column":66}},"38":{"start":{"line":89,"column":6},"end":{"line":91,"column":7}},"39":{"start":{"line":90,"column":8},"end":{"line":90,"column":73}},"40":{"start":{"line":94,"column":23},"end":{"line":94,"column":72}},"41":{"start":{"line":95,"column":6},"end":{"line":97,"column":7}},"42":{"start":{"line":96,"column":8},"end":{"line":96,"column":73}},"43":{"start":{"line":99,"column":6},"end":{"line":99,"column":29}},"44":{"start":{"line":100,"column":6},"end":{"line":100,"column":88}},"45":{"start":{"line":102,"column":6},"end":{"line":102,"column":74}},"46":{"start":{"line":103,"column":6},"end":{"line":105,"column":7}},"47":{"start":{"line":104,"column":8},"end":{"line":104,"column":20}},"48":{"start":{"line":106,"column":6},"end":{"line":106,"column":71}},"49":{"start":{"line":111,"column":4},"end":{"line":113,"column":5}},"50":{"start":{"line":112,"column":6},"end":{"line":112,"column":72}},"51":{"start":{"line":116,"column":4},"end":{"line":120,"column":5}},"52":{"start":{"line":117,"column":6},"end":{"line":117,"column":101}},"53":{"start":{"line":118,"column":6},"end":{"line":118,"column":27}},"54":{"start":{"line":119,"column":6},"end":{"line":119,"column":30}},"55":{"start":{"line":122,"column":22},"end":{"line":122,"column":23}},"56":{"start":{"line":123,"column":4},"end":{"line":160,"column":5}},"57":{"start":{"line":125,"column":6},"end":{"line":125,"column":82}},"58":{"start":{"line":126,"column":6},"end":{"line":126,"column":70}},"59":{"start":{"line":129,"column":20},"end":{"line":129,"column":69}},"60":{"start":{"line":130,"column":27},"end":{"line":130,"column":63}},"61":{"start":{"line":132,"column":6},"end":{"line":151,"column":7}},"62":{"start":{"line":133,"column":8},"end":{"line":150,"column":9}},"63":{"start":{"line":135,"column":30},"end":{"line":135,"column":74}},"64":{"start":{"line":136,"column":10},"end":{"line":143,"column":11}},"65":{"start":{"line":137,"column":12},"end":{"line":137,"column":38}},"66":{"start":{"line":138,"column":12},"end":{"line":138,"column":26}},"67":{"start":{"line":139,"column":12},"end":{"line":142,"column":14}},"68":{"start":{"line":145,"column":10},"end":{"line":148,"column":13}},"69":{"start":{"line":149,"column":10},"end":{"line":149,"column":19}},"70":{"start":{"line":153,"column":6},"end":{"line":153,"column":25}},"71":{"start":{"line":155,"column":6},"end":{"line":155,"column":85}},"72":{"start":{"line":156,"column":6},"end":{"line":159,"column":8}},"73":{"start":{"line":164,"column":4},"end":{"line":172,"column":5}},"74":{"start":{"line":165,"column":6},"end":{"line":165,"column":65}},"75":{"start":{"line":166,"column":6},"end":{"line":166,"column":26}},"76":{"start":{"line":167,"column":6},"end":{"line":167,"column":23}},"77":{"start":{"line":169,"column":6},"end":{"line":169,"column":76}},"78":{"start":{"line":171,"column":6},"end":{"line":171,"column":30}},"79":{"start":{"line":176,"column":23},"end":{"line":176,"column":72}},"80":{"start":{"line":177,"column":4},"end":{"line":177,"column":28}}},"fnMap":{"0":{"name":"(anonymous_0)","decl":{"start":{"line":23,"column":2},"end":{"line":23,"column":3}},"loc":{"start":{"line":23,"column":35},"end":{"line":31,"column":3}},"line":23},"1":{"name":"(anonymous_1)","decl":{"start":{"line":33,"column":2},"end":{"line":33,"column":3}},"loc":{"start":{"line":33,"column":55},"end":{"line":39,"column":3}},"line":33},"2":{"name":"(anonymous_2)","decl":{"start":{"line":41,"column":2},"end":{"line":41,"column":3}},"loc":{"start":{"line":41,"column":36},"end":{"line":73,"column":3}},"line":41},"3":{"name":"(anonymous_3)","decl":{"start":{"line":75,"column":2},"end":{"line":75,"column":3}},"loc":{"start":{"line":75,"column":31},"end":{"line":108,"column":3}},"line":75},"4":{"name":"(anonymous_4)","decl":{"start":{"line":110,"column":2},"end":{"line":110,"column":3}},"loc":{"start":{"line":110,"column":39},"end":{"line":161,"column":3}},"line":110},"5":{"name":"(anonymous_5)","decl":{"start":{"line":163,"column":2},"end":{"line":163,"column":3}},"loc":{"start":{"line":163,"column":33},"end":{"line":173,"column":3}},"line":163},"6":{"name":"(anonymous_6)","decl":{"start":{"line":175,"column":2},"end":{"line":175,"column":3}},"loc":{"start":{"line":175,"column":83},"end":{"line":178,"column":3}},"line":175}},"branchMap":{"0":{"loc":{"start":{"line":35,"column":4},"end":{"line":37,"column":5}},"type":"if","locations":[{"start":{"line":35,"column":4},"end":{"line":37,"column":5}},{"start":{},"end":{}}],"line":35},"1":{"loc":{"start":{"line":35,"column":8},"end":{"line":35,"column":45}},"type":"binary-expr","locations":[{"start":{"line":35,"column":8},"end":{"line":35,"column":15}},{"start":{"line":35,"column":19},"end":{"line":35,"column":45}}],"line":35},"2":{"loc":{"start":{"line":46,"column":6},"end":{"line":48,"column":7}},"type":"if","locations":[{"start":{"line":46,"column":6},"end":{"line":48,"column":7}},{"start":{},"end":{}}],"line":46},"3":{"loc":{"start":{"line":65,"column":6},"end":{"line":67,"column":7}},"type":"if","locations":[{"start":{"line":65,"column":6},"end":{"line":67,"column":7}},{"start":{},"end":{}}],"line":65},"4":{"loc":{"start":{"line":68,"column":6},"end":{"line":70,"column":7}},"type":"if","locations":[{"start":{"line":68,"column":6},"end":{"line":70,"column":7}},{"start":{},"end":{}}],"line":68},"5":{"loc":{"start":{"line":76,"column":4},"end":{"line":76,"column":94}},"type":"if","locations":[{"start":{"line":76,"column":4},"end":{"line":76,"column":94}},{"start":{},"end":{}}],"line":76},"6":{"loc":{"start":{"line":81,"column":65},"end":{"line":81,"column":100}},"type":"binary-expr","locations":[{"start":{"line":81,"column":65},"end":{"line":81,"column":94}},{"start":{"line":81,"column":98},"end":{"line":81,"column":100}}],"line":81},"7":{"loc":{"start":{"line":89,"column":6},"end":{"line":91,"column":7}},"type":"if","locations":[{"start":{"line":89,"column":6},"end":{"line":91,"column":7}},{"start":{},"end":{}}],"line":89},"8":{"loc":{"start":{"line":89,"column":10},"end":{"line":89,"column":46}},"type":"binary-expr","locations":[{"start":{"line":89,"column":10},"end":{"line":89,"column":17}},{"start":{"line":89,"column":21},"end":{"line":89,"column":46}}],"line":89},"9":{"loc":{"start":{"line":95,"column":6},"end":{"line":97,"column":7}},"type":"if","locations":[{"start":{"line":95,"column":6},"end":{"line":97,"column":7}},{"start":{},"end":{}}],"line":95},"10":{"loc":{"start":{"line":95,"column":10},"end":{"line":95,"column":52}},"type":"binary-expr","locations":[{"start":{"line":95,"column":10},"end":{"line":95,"column":19}},{"start":{"line":95,"column":23},"end":{"line":95,"column":52}}],"line":95},"11":{"loc":{"start":{"line":103,"column":6},"end":{"line":105,"column":7}},"type":"if","locations":[{"start":{"line":103,"column":6},"end":{"line":105,"column":7}},{"start":{},"end":{}}],"line":103},"12":{"loc":{"start":{"line":111,"column":4},"end":{"line":113,"column":5}},"type":"if","locations":[{"start":{"line":111,"column":4},"end":{"line":113,"column":5}},{"start":{},"end":{}}],"line":111},"13":{"loc":{"start":{"line":111,"column":8},"end":{"line":111,"column":38}},"type":"binary-expr","locations":[{"start":{"line":111,"column":8},"end":{"line":111,"column":24}},{"start":{"line":111,"column":28},"end":{"line":111,"column":38}}],"line":111},"14":{"loc":{"start":{"line":116,"column":4},"end":{"line":120,"column":5}},"type":"if","locations":[{"start":{"line":116,"column":4},"end":{"line":120,"column":5}},{"start":{},"end":{}}],"line":116},"15":{"loc":{"start":{"line":136,"column":10},"end":{"line":143,"column":11}},"type":"if","locations":[{"start":{"line":136,"column":10},"end":{"line":143,"column":11}},{"start":{},"end":{}}],"line":136},"16":{"loc":{"start":{"line":158,"column":8},"end":{"line":158,"column":73}},"type":"cond-expr","locations":[{"start":{"line":158,"column":43},"end":{"line":158,"column":53}},{"start":{"line":158,"column":56},"end":{"line":158,"column":73}}],"line":158},"17":{"loc":{"start":{"line":175,"column":28},"end":{"line":175,"column":46}},"type":"default-arg","locations":[{"start":{"line":175,"column":42},"end":{"line":175,"column":46}}],"line":175},"18":{"loc":{"start":{"line":175,"column":48},"end":{"line":175,"column":66}},"type":"default-arg","locations":[{"start":{"line":175,"column":62},"end":{"line":175,"column":66}}],"line":175}},"s":{"0":18,"1":18,"2":18,"3":18,"4":18,"5":0,"6":0,"7":0,"8":0,"9":17,"10":17,"11":17,"12":0,"13":0,"14":0,"15":0,"16":0,"17":0,"18":0,"19":0,"20":0,"21":0,"22":0,"23":17,"24":17,"25":0,"26":17,"27":0,"28":17,"29":0,"30":0,"31":0,"32":0,"33":0,"34":0,"35":0,"36":0,"37":0,"38":0,"39":0,"40":0,"41":0,"42":0,"43":0,"44":0,"45":0,"46":0,"47":0,"48":0,"49":0,"50":0,"51":0,"52":0,"53":0,"54":0,"55":0,"56":0,"57":0,"58":0,"59":0,"60":0,"61":0,"62":0,"63":0,"64":0,"65":0,"66":0,"67":0,"68":0,"69":0,"70":0,"71":0,"72":0,"73":0,"74":0,"75":0,"76":0,"77":0,"78":0,"79":0,"80":0},"f":{"0":18,"1":0,"2":17,"3":0,"4":0,"5":0,"6":0},"b":{"0":[0,0],"1":[0,0],"2":[0,0],"3":[0,17],"4":[0,17],"5":[0,0],"6":[0,0],"7":[0,0],"8":[0,0],"9":[0,0],"10":[0,0],"11":[0,0],"12":[0,0],"13":[0,0],"14":[0,0],"15":[0,0],"16":[0,0],"17":[0],"18":[0]},"_coverageSchema":"1a1c01bbd47fc00a2c39e90264f33305004495a9","hash":"9e41d0fd44d8d7f677a339e206bd3cd102d30839"}}}
