TN:
SF:src\automation\utils\BrowserManager.ts
FN:18,(anonymous_0)
FN:26,(anonymous_1)
FN:33,(anonymous_2)
FN:49,(anonymous_3)
FN:70,(anonymous_4)
FN:76,(anonymous_5)
FN:79,(anonymous_6)
FN:86,(anonymous_7)
FN:104,(anonymous_8)
FN:105,(anonymous_9)
FN:110,(anonymous_10)
FN:159,(anonymous_11)
FN:193,(anonymous_12)
FN:220,(anonymous_13)
FN:225,(anonymous_14)
FN:237,(anonymous_15)
FN:242,(anonymous_16)
FN:271,(anonymous_17)
FN:311,(anonymous_18)
FN:320,(anonymous_19)
FN:337,(anonymous_20)
FN:342,(anonymous_21)
FN:343,(anonymous_22)
FN:359,(anonymous_23)
FN:361,(anonymous_24)
FN:367,(anonymous_25)
FN:377,(anonymous_26)
FNF:27
FNH:5
FNDA:1,(anonymous_0)
FNDA:1,(anonymous_1)
FNDA:0,(anonymous_2)
FNDA:0,(anonymous_3)
FNDA:1,(anonymous_4)
FNDA:0,(anonymous_5)
FNDA:1,(anonymous_6)
FNDA:0,(anonymous_7)
FNDA:0,(anonymous_8)
FNDA:0,(anonymous_9)
FNDA:0,(anonymous_10)
FNDA:0,(anonymous_11)
FNDA:0,(anonymous_12)
FNDA:0,(anonymous_13)
FNDA:0,(anonymous_14)
FNDA:0,(anonymous_15)
FNDA:0,(anonymous_16)
FNDA:0,(anonymous_17)
FNDA:0,(anonymous_18)
FNDA:0,(anonymous_19)
FNDA:0,(anonymous_20)
FNDA:0,(anonymous_21)
FNDA:0,(anonymous_22)
FNDA:1,(anonymous_23)
FNDA:0,(anonymous_24)
FNDA:0,(anonymous_25)
FNDA:0,(anonymous_26)
DA:16,1
DA:19,1
DA:20,1
DA:21,1
DA:22,1
DA:23,1
DA:27,1
DA:28,1
DA:30,1
DA:34,0
DA:50,0
DA:51,0
DA:52,0
DA:54,0
DA:55,0
DA:56,0
DA:57,0
DA:61,0
DA:72,1
DA:73,0
DA:76,1
DA:80,1
DA:81,1
DA:82,1
DA:87,0
DA:88,0
DA:90,0
DA:92,0
DA:93,0
DA:97,0
DA:98,0
DA:101,0
DA:103,0
DA:109,0
DA:111,0
DA:121,0
DA:130,0
DA:135,0
DA:136,0
DA:137,0
DA:138,0
DA:139,0
DA:141,0
DA:147,0
DA:149,0
DA:154,0
DA:155,0
DA:160,0
DA:161,0
DA:162,0
DA:163,0
DA:165,0
DA:166,0
DA:171,0
DA:173,0
DA:174,0
DA:176,0
DA:183,0
DA:189,0
DA:194,0
DA:195,0
DA:197,0
DA:198,0
DA:200,0
DA:201,0
DA:205,0
DA:206,0
DA:208,0
DA:209,0
DA:211,0
DA:217,0
DA:221,0
DA:222,0
DA:224,0
DA:225,0
DA:228,0
DA:229,0
DA:230,0
DA:231,0
DA:233,0
DA:239,0
DA:240,0
DA:242,0
DA:243,0
DA:244,0
DA:245,0
DA:251,0
DA:252,0
DA:261,0
DA:269,0
DA:271,0
DA:272,0
DA:273,0
DA:274,0
DA:276,0
DA:279,0
DA:280,0
DA:288,0
DA:289,0
DA:291,0
DA:293,0
DA:299,0
DA:303,0
DA:304,0
DA:305,0
DA:307,0
DA:312,0
DA:313,0
DA:316,0
DA:317,0
DA:321,0
DA:322,0
DA:324,0
DA:326,0
DA:327,0
DA:328,0
DA:329,0
DA:330,0
DA:334,0
DA:338,0
DA:339,0
DA:340,0
DA:341,0
DA:346,0
DA:348,0
DA:350,0
DA:351,0
DA:352,0
DA:353,0
DA:360,1
DA:361,1
DA:362,0
DA:364,1
DA:368,0
DA:369,0
DA:370,0
DA:371,0
DA:372,0
DA:378,0
DA:379,0
DA:380,0
DA:383,0
DA:384,0
DA:386,0
LF:144
LH:17
BRDA:27,0,0,1
BRDA:27,0,1,0
BRDA:54,1,0,0
BRDA:54,1,1,0
BRDA:56,2,0,0
BRDA:56,2,1,0
BRDA:72,3,0,0
BRDA:72,3,1,1
BRDA:80,4,0,1
BRDA:80,4,1,0
BRDA:88,5,0,0
BRDA:88,5,1,0
BRDA:92,6,0,0
BRDA:92,6,1,0
BRDA:173,7,0,0
BRDA:173,7,1,0
BRDA:174,8,0,0
BRDA:174,8,1,0
BRDA:178,9,0,0
BRDA:178,9,1,0
BRDA:195,10,0,0
BRDA:195,10,1,0
BRDA:200,11,0,0
BRDA:200,11,1,0
BRDA:208,12,0,0
BRDA:208,12,1,0
BRDA:222,13,0,0
BRDA:222,13,1,0
BRDA:228,14,0,0
BRDA:228,14,1,0
BRDA:228,15,0,0
BRDA:228,15,1,0
BRDA:230,16,0,0
BRDA:230,16,1,0
BRDA:230,17,0,0
BRDA:230,17,1,0
BRDA:243,18,0,0
BRDA:243,18,1,0
BRDA:273,19,0,0
BRDA:273,19,1,0
BRDA:313,20,0,0
BRDA:313,20,1,0
BRDA:322,21,0,0
BRDA:322,21,1,0
BRDA:326,22,0,0
BRDA:326,22,1,0
BRDA:328,23,0,0
BRDA:328,23,1,0
BRDA:339,24,0,0
BRDA:339,24,1,0
BRDA:351,25,0,0
BRDA:351,25,1,0
BRDA:367,26,0,0
BRDA:371,27,0,0
BRDA:371,27,1,0
BRDA:378,28,0,0
BRDA:378,28,1,0
BRF:57
BRH:3
end_of_record
TN:
SF:src\automation\utils\RateLimiter.ts
FN:29,(anonymous_0)
FN:33,(anonymous_1)
FN:37,(anonymous_2)
FN:42,(anonymous_3)
FN:45,(anonymous_4)
FN:50,(anonymous_5)
FN:65,(anonymous_6)
FN:70,(anonymous_7)
FN:81,(anonymous_8)
FN:84,(anonymous_9)
FN:88,(anonymous_10)
FN:91,(anonymous_11)
FN:95,(anonymous_12)
FN:171,(anonymous_13)
FN:191,(anonymous_14)
FN:204,(anonymous_15)
FN:236,(anonymous_16)
FNF:17
FNH:16
FNDA:0,(anonymous_0)
FNDA:23,(anonymous_1)
FNDA:14,(anonymous_2)
FNDA:27,(anonymous_3)
FNDA:14,(anonymous_4)
FNDA:16,(anonymous_5)
FNDA:100,(anonymous_6)
FNDA:185,(anonymous_7)
FNDA:49,(anonymous_8)
FNDA:87,(anonymous_9)
FNDA:50,(anonymous_10)
FNDA:88,(anonymous_11)
FNDA:50,(anonymous_12)
FNDA:47,(anonymous_13)
FNDA:37,(anonymous_14)
FNDA:3,(anonymous_15)
FNDA:4,(anonymous_16)
DA:23,14
DA:24,14
DA:25,14
DA:26,14
DA:29,14
DA:33,23
DA:38,14
DA:39,14
DA:40,14
DA:41,14
DA:42,27
DA:47,14
DA:51,16
DA:52,14
DA:53,1
DA:60,14
DA:62,16
DA:66,100
DA:67,100
DA:69,100
DA:70,185
DA:73,100
DA:74,96
DA:75,0
DA:78,100
DA:82,49
DA:83,49
DA:84,87
DA:89,50
DA:90,50
DA:91,88
DA:96,50
DA:99,50
DA:100,6
DA:101,6
DA:106,6
DA:110,44
DA:112,44
DA:113,0
DA:114,0
DA:119,0
DA:123,44
DA:124,44
DA:125,1
DA:126,1
DA:130,1
DA:134,43
DA:135,43
DA:136,3
DA:137,3
DA:141,3
DA:145,40
DA:146,26
DA:147,26
DA:148,26
DA:149,13
DA:150,13
DA:151,13
DA:157,13
DA:158,10
DA:159,10
DA:163,10
DA:168,30
DA:172,47
DA:173,47
DA:174,47
DA:175,17
DA:176,17
DA:178,30
DA:179,30
DA:180,30
DA:181,30
DA:182,30
DA:186,30
DA:187,30
DA:188,30
DA:192,37
DA:193,30
DA:194,30
DA:195,30
DA:196,29
DA:198,30
DA:200,7
DA:205,3
DA:207,3
DA:208,3
DA:209,3
DA:210,3
DA:212,3
DA:213,3
DA:216,3
DA:217,1
DA:218,1
DA:222,3
DA:223,3
DA:224,3
DA:225,2
DA:229,3
DA:237,4
DA:238,4
DA:242,4
DA:244,4
DA:246,2
DA:247,2
LF:104
LH:100
BRDA:51,0,0,14
BRDA:51,0,1,2
BRDA:52,1,0,1
BRDA:52,1,1,13
BRDA:74,2,0,0
BRDA:74,2,1,96
BRDA:84,3,0,87
BRDA:84,3,1,67
BRDA:91,4,0,88
BRDA:91,4,1,70
BRDA:99,5,0,6
BRDA:99,5,1,44
BRDA:110,6,0,44
BRDA:110,6,1,29
BRDA:112,7,0,0
BRDA:112,7,1,44
BRDA:112,8,0,44
BRDA:112,8,1,0
BRDA:124,9,0,1
BRDA:124,9,1,43
BRDA:135,10,0,3
BRDA:135,10,1,40
BRDA:145,11,0,26
BRDA:145,11,1,14
BRDA:148,12,0,13
BRDA:148,12,1,13
BRDA:157,13,0,10
BRDA:157,13,1,3
BRDA:174,14,0,17
BRDA:174,14,1,30
BRDA:179,15,0,30
BRDA:179,15,1,16
BRDA:192,16,0,30
BRDA:192,16,1,7
BRDA:194,17,0,30
BRDA:194,17,1,1
BRDA:195,18,0,29
BRDA:195,18,1,1
BRDA:216,19,0,1
BRDA:216,19,1,2
BRDA:222,20,0,3
BRDA:222,20,1,0
BRDA:224,21,0,2
BRDA:224,21,1,1
BRDA:224,22,0,3
BRDA:224,22,1,2
BRDA:244,23,0,2
BRDA:244,23,1,2
BRDA:244,24,0,4
BRDA:244,24,1,2
BRDA:244,24,2,2
BRDA:244,24,3,0
BRF:52
BRH:47
end_of_record
TN:
SF:src\automation\utils\RetryManager.ts
FN:28,(anonymous_0)
FN:37,(anonymous_1)
FN:95,(anonymous_2)
FN:106,(anonymous_3)
FN:107,(anonymous_4)
FNF:5
FNH:1
FNDA:1,(anonymous_0)
FNDA:0,(anonymous_1)
FNDA:0,(anonymous_2)
FNDA:0,(anonymous_3)
FNDA:0,(anonymous_4)
DA:12,1
DA:29,1
DA:41,0
DA:42,0
DA:43,0
DA:45,0
DA:46,0
DA:47,0
DA:49,0
DA:51,0
DA:52,0
DA:57,0
DA:60,0
DA:61,0
DA:66,0
DA:72,0
DA:79,0
DA:80,0
DA:84,0
DA:89,0
DA:96,0
DA:97,0
DA:100,0
DA:107,0
LF:24
LH:2
BRDA:28,0,0,1
BRDA:39,1,0,0
BRDA:51,2,0,0
BRDA:51,2,1,0
BRDA:60,3,0,0
BRDA:60,3,1,0
BRDA:68,4,0,0
BRDA:68,4,1,0
BRDA:89,5,0,0
BRDA:89,5,1,0
BRDA:96,6,0,0
BRDA:96,6,1,0
BRF:12
BRH:1
end_of_record
TN:
SF:src\automation\utils\errors.ts
FN:12,(anonymous_0)
FN:21,(anonymous_1)
FNF:2
FNH:0
FNDA:0,(anonymous_0)
FNDA:0,(anonymous_1)
DA:17,0
DA:18,0
DA:22,0
LF:3
LH:0
BRDA:15,0,0,0
BRDA:22,1,0,0
BRDA:22,1,1,0
BRF:3
BRH:0
end_of_record
