TN:
SF:server\src\automation\sharing\ShareAutomation.ts
FN:23,(anonymous_0)
FN:33,(anonymous_1)
FN:41,(anonymous_2)
FN:75,(anonymous_3)
FN:110,(anonymous_4)
FN:163,(anonymous_5)
FN:181,(anonymous_6)
FNF:7
FNH:7
FNDA:17,(anonymous_0)
FNDA:8,(anonymous_1)
FNDA:16,(anonymous_2)
FNDA:16,(anonymous_3)
FNDA:9,(anonymous_4)
FNDA:11,(anonymous_5)
FNDA:10,(anonymous_6)
DA:2,1
DA:3,1
DA:4,1
DA:5,1
DA:6,1
DA:16,1
DA:17,17
DA:18,17
DA:19,17
DA:24,17
DA:30,17
DA:34,8
DA:35,8
DA:36,0
DA:38,8
DA:42,16
DA:43,16
DA:45,16
DA:46,16
DA:47,0
DA:50,16
DA:51,16
DA:52,16
DA:53,16
DA:54,16
DA:56,16
DA:57,16
DA:59,3
DA:60,3
DA:63,3
DA:65,3
DA:66,3
DA:68,3
DA:69,3
DA:71,0
DA:76,16
DA:78,16
DA:79,16
DA:80,15
DA:81,15
DA:82,15
DA:85,15
DA:88,15
DA:89,15
DA:90,1
DA:94,14
DA:95,14
DA:96,1
DA:99,13
DA:100,13
DA:102,3
DA:103,3
DA:104,2
DA:106,1
DA:111,9
DA:112,1
DA:116,8
DA:117,0
DA:118,0
DA:119,0
DA:122,8
DA:123,8
DA:125,8
DA:126,7
DA:129,6
DA:130,6
DA:132,6
DA:133,13
DA:135,13
DA:136,12
DA:137,11
DA:138,10
DA:139,10
DA:145,2
DA:149,2
DA:153,6
DA:155,2
DA:156,2
DA:164,11
DA:165,11
DA:166,7
DA:168,10
DA:169,6
DA:171,10
DA:172,10
DA:173,10
DA:175,1
DA:177,11
DA:182,10
DA:183,10
LF:90
LH:84
BRDA:35,0,0,0
BRDA:35,1,0,8
BRDA:35,1,1,8
BRDA:46,2,0,0
BRDA:65,3,0,3
BRDA:68,4,0,3
BRDA:76,5,0,0
BRDA:81,6,0,15
BRDA:81,6,1,0
BRDA:89,7,0,1
BRDA:89,8,0,15
BRDA:89,8,1,1
BRDA:95,9,0,1
BRDA:95,10,0,14
BRDA:95,10,1,14
BRDA:103,11,0,2
BRDA:111,12,0,1
BRDA:111,13,0,9
BRDA:111,13,1,8
BRDA:116,14,0,0
BRDA:136,15,0,11
BRDA:158,16,0,0
BRDA:158,16,1,2
BRDA:165,17,0,7
BRDA:168,18,0,6
BRDA:181,19,0,0
BRDA:181,20,0,0
BRF:27
BRH:19
end_of_record
TN:
SF:server\src\automation\utils\BrowserManager.ts
FN:18,(anonymous_0)
FN:26,(anonymous_1)
FN:33,(anonymous_2)
FN:49,(anonymous_3)
FN:70,(anonymous_4)
FN:76,(anonymous_5)
FN:79,(anonymous_6)
FN:86,(anonymous_7)
FN:104,(anonymous_8)
FN:105,(anonymous_9)
FN:110,(anonymous_10)
FN:159,(anonymous_11)
FN:193,(anonymous_12)
FN:220,(anonymous_13)
FN:225,(anonymous_14)
FN:237,(anonymous_15)
FN:242,(anonymous_16)
FN:271,(anonymous_17)
FN:311,(anonymous_18)
FN:320,(anonymous_19)
FN:337,(anonymous_20)
FN:342,(anonymous_21)
FN:343,(anonymous_22)
FN:359,(anonymous_23)
FN:361,(anonymous_24)
FN:367,(anonymous_25)
FN:377,(anonymous_26)
FNF:27
FNH:0
FNDA:0,(anonymous_0)
FNDA:0,(anonymous_1)
FNDA:0,(anonymous_2)
FNDA:0,(anonymous_3)
FNDA:0,(anonymous_4)
FNDA:0,(anonymous_5)
FNDA:0,(anonymous_6)
FNDA:0,(anonymous_7)
FNDA:0,(anonymous_8)
FNDA:0,(anonymous_9)
FNDA:0,(anonymous_10)
FNDA:0,(anonymous_11)
FNDA:0,(anonymous_12)
FNDA:0,(anonymous_13)
FNDA:0,(anonymous_14)
FNDA:0,(anonymous_15)
FNDA:0,(anonymous_16)
FNDA:0,(anonymous_17)
FNDA:0,(anonymous_18)
FNDA:0,(anonymous_19)
FNDA:0,(anonymous_20)
FNDA:0,(anonymous_21)
FNDA:0,(anonymous_22)
FNDA:0,(anonymous_23)
FNDA:0,(anonymous_24)
FNDA:0,(anonymous_25)
FNDA:0,(anonymous_26)
DA:1,1
DA:3,1
DA:4,1
DA:6,1
DA:7,1
DA:9,1
DA:16,0
DA:19,0
DA:20,0
DA:21,0
DA:22,0
DA:23,0
DA:27,0
DA:28,0
DA:30,0
DA:34,0
DA:50,0
DA:51,0
DA:52,0
DA:54,0
DA:55,0
DA:56,0
DA:57,0
DA:61,0
DA:72,0
DA:73,0
DA:76,0
DA:80,0
DA:81,0
DA:82,0
DA:87,0
DA:88,0
DA:90,0
DA:92,0
DA:93,0
DA:97,0
DA:98,0
DA:101,0
DA:103,0
DA:109,0
DA:111,0
DA:121,0
DA:130,0
DA:135,0
DA:136,0
DA:137,0
DA:138,0
DA:139,0
DA:141,0
DA:147,0
DA:149,0
DA:154,0
DA:155,0
DA:160,0
DA:161,0
DA:162,0
DA:163,0
DA:165,0
DA:166,0
DA:171,0
DA:173,0
DA:174,0
DA:176,0
DA:183,0
DA:189,0
DA:194,0
DA:195,0
DA:197,0
DA:198,0
DA:200,0
DA:201,0
DA:205,0
DA:206,0
DA:208,0
DA:209,0
DA:211,0
DA:217,0
DA:221,0
DA:222,0
DA:224,0
DA:225,0
DA:228,0
DA:229,0
DA:230,0
DA:231,0
DA:233,0
DA:239,0
DA:240,0
DA:242,0
DA:243,0
DA:244,0
DA:245,0
DA:251,0
DA:252,0
DA:261,0
DA:269,0
DA:271,0
DA:272,0
DA:273,0
DA:274,0
DA:276,0
DA:279,0
DA:280,0
DA:288,0
DA:289,0
DA:291,0
DA:293,0
DA:299,0
DA:303,0
DA:304,0
DA:305,0
DA:307,0
DA:312,0
DA:313,0
DA:316,0
DA:317,0
DA:321,0
DA:322,0
DA:324,0
DA:326,0
DA:327,0
DA:328,0
DA:329,0
DA:330,0
DA:334,0
DA:338,0
DA:339,0
DA:340,0
DA:341,0
DA:346,0
DA:348,0
DA:350,0
DA:351,0
DA:352,0
DA:353,0
DA:360,0
DA:361,0
DA:362,0
DA:364,0
DA:368,0
DA:369,0
DA:370,0
DA:371,0
DA:372,0
DA:378,0
DA:379,0
DA:380,0
DA:383,0
DA:384,0
DA:386,0
LF:150
LH:6
BRDA:27,0,0,0
BRDA:54,1,0,0
BRDA:56,2,0,0
BRDA:72,3,0,0
BRDA:80,4,0,0
BRDA:88,5,0,0
BRDA:92,6,0,0
BRDA:173,7,0,0
BRDA:173,7,1,0
BRDA:174,8,0,0
BRDA:174,8,1,0
BRDA:178,9,0,0
BRDA:178,9,1,0
BRDA:195,10,0,0
BRDA:200,11,0,0
BRDA:208,12,0,0
BRDA:208,12,1,0
BRDA:222,13,0,0
BRDA:222,13,1,0
BRDA:228,14,0,0
BRDA:228,14,1,0
BRDA:228,15,0,0
BRDA:228,15,1,0
BRDA:230,16,0,0
BRDA:230,16,1,0
BRDA:230,17,0,0
BRDA:230,17,1,0
BRDA:243,18,0,0
BRDA:273,19,0,0
BRDA:273,19,1,0
BRDA:313,20,0,0
BRDA:322,21,0,0
BRDA:326,22,0,0
BRDA:328,23,0,0
BRDA:339,24,0,0
BRDA:351,25,0,0
BRDA:367,26,0,0
BRDA:371,27,0,0
BRDA:378,28,0,0
BRF:39
BRH:0
end_of_record
TN:
SF:server\src\automation\utils\RateLimiter.ts
FN:33,(anonymous_0)
FN:37,(anonymous_1)
FN:42,(anonymous_2)
FN:45,(anonymous_3)
FN:29,(anonymous_4)
FN:50,(anonymous_5)
FN:65,(anonymous_6)
FN:70,(anonymous_7)
FN:73,(anonymous_8)
FN:85,(anonymous_9)
FN:88,(anonymous_10)
FN:93,(anonymous_11)
FN:96,(anonymous_12)
FN:100,(anonymous_13)
FN:176,(anonymous_14)
FN:200,(anonymous_15)
FN:200,(anonymous_16)
FN:207,(anonymous_17)
FN:220,(anonymous_18)
FN:252,(anonymous_19)
FNF:20
FNH:3
FNDA:0,(anonymous_0)
FNDA:17,(anonymous_1)
FNDA:0,(anonymous_2)
FNDA:1,(anonymous_3)
FNDA:0,(anonymous_4)
FNDA:17,(anonymous_5)
FNDA:0,(anonymous_6)
FNDA:0,(anonymous_7)
FNDA:0,(anonymous_8)
FNDA:0,(anonymous_9)
FNDA:0,(anonymous_10)
FNDA:0,(anonymous_11)
FNDA:0,(anonymous_12)
FNDA:0,(anonymous_13)
FNDA:0,(anonymous_14)
FNDA:0,(anonymous_15)
FNDA:0,(anonymous_16)
FNDA:0,(anonymous_17)
FNDA:0,(anonymous_18)
FNDA:0,(anonymous_19)
DA:1,2
DA:21,2
DA:23,1
DA:24,1
DA:25,1
DA:26,1
DA:29,1
DA:33,0
DA:38,17
DA:39,17
DA:40,17
DA:41,17
DA:42,17
DA:45,1
DA:47,1
DA:51,17
DA:52,1
DA:53,1
DA:60,1
DA:62,17
DA:66,0
DA:67,0
DA:69,0
DA:70,0
DA:72,0
DA:73,0
DA:76,0
DA:77,0
DA:78,0
DA:81,0
DA:86,0
DA:87,0
DA:88,0
DA:94,0
DA:95,0
DA:96,0
DA:101,0
DA:104,0
DA:105,0
DA:106,0
DA:111,0
DA:115,0
DA:117,0
DA:118,0
DA:119,0
DA:124,0
DA:128,0
DA:129,0
DA:130,0
DA:131,0
DA:135,0
DA:139,0
DA:140,0
DA:141,0
DA:142,0
DA:146,0
DA:150,0
DA:151,0
DA:152,0
DA:153,0
DA:154,0
DA:155,0
DA:156,0
DA:162,0
DA:163,0
DA:164,0
DA:168,0
DA:173,0
DA:177,0
DA:178,0
DA:179,0
DA:180,0
DA:182,0
DA:183,0
DA:184,0
DA:185,0
DA:187,0
DA:188,0
DA:190,0
DA:191,0
DA:192,0
DA:193,0
DA:197,0
DA:198,0
DA:199,0
DA:200,0
DA:202,0
DA:203,0
DA:204,0
DA:208,0
DA:209,0
DA:210,0
DA:211,0
DA:212,0
DA:214,0
DA:216,0
DA:221,0
DA:223,0
DA:224,0
DA:225,0
DA:226,0
DA:228,0
DA:229,0
DA:232,0
DA:233,0
DA:234,0
DA:238,0
DA:239,0
DA:240,0
DA:241,0
DA:245,0
DA:253,0
DA:254,0
DA:258,0
DA:260,0
DA:262,0
DA:263,0
LF:117
LH:19
BRDA:51,0,0,1
BRDA:52,1,0,1
BRDA:77,2,0,0
BRDA:88,3,0,0
BRDA:88,3,1,0
BRDA:96,4,0,0
BRDA:96,4,1,0
BRDA:104,5,0,0
BRDA:115,6,0,0
BRDA:115,6,1,0
BRDA:117,7,0,0
BRDA:117,8,0,0
BRDA:117,8,1,0
BRDA:129,9,0,0
BRDA:140,10,0,0
BRDA:150,11,0,0
BRDA:153,12,0,0
BRDA:162,13,0,0
BRDA:184,14,0,0
BRDA:191,15,0,0
BRDA:191,15,1,0
BRDA:208,16,0,0
BRDA:208,16,1,0
BRDA:210,17,0,0
BRDA:210,17,1,0
BRDA:211,18,0,0
BRDA:232,19,0,0
BRDA:238,20,0,0
BRDA:240,21,0,0
BRDA:240,22,0,0
BRDA:240,22,1,0
BRDA:260,23,0,0
BRDA:260,24,0,0
BRDA:260,24,1,0
BRDA:260,24,2,0
BRDA:260,24,3,0
BRF:36
BRH:2
end_of_record
TN:
SF:server\src\automation\utils\RetryManager.ts
FN:28,(anonymous_0)
FN:37,(anonymous_1)
FN:95,(anonymous_2)
FN:106,(anonymous_3)
FN:107,(anonymous_4)
FNF:5
FNH:0
FNDA:0,(anonymous_0)
FNDA:0,(anonymous_1)
FNDA:0,(anonymous_2)
FNDA:0,(anonymous_3)
FNDA:0,(anonymous_4)
DA:1,1
DA:2,1
DA:12,1
DA:25,1
DA:29,0
DA:41,0
DA:42,0
DA:43,0
DA:45,0
DA:46,0
DA:47,0
DA:49,0
DA:51,0
DA:52,0
DA:57,0
DA:60,0
DA:61,0
DA:66,0
DA:72,0
DA:79,0
DA:80,0
DA:84,0
DA:89,0
DA:96,0
DA:97,0
DA:100,0
DA:107,0
LF:27
LH:4
BRDA:28,0,0,0
BRDA:39,1,0,0
BRDA:51,2,0,0
BRDA:60,3,0,0
BRDA:68,4,0,0
BRDA:68,4,1,0
BRDA:89,5,0,0
BRDA:89,5,1,0
BRDA:96,6,0,0
BRF:9
BRH:0
end_of_record
TN:
SF:server\src\automation\utils\browserProfile.ts
FN:40,getRandomElement
FN:44,createBrowserProfile
FNF:2
FNH:2
FNDA:64,getRandomElement
FNDA:16,createBrowserProfile
DA:1,1
DA:2,1
DA:4,1
DA:11,1
DA:18,1
DA:25,1
DA:41,64
DA:44,1
DA:45,16
DA:46,16
DA:54,0
LF:11
LH:10
BRF:0
BRH:0
end_of_record
TN:
SF:server\src\automation\utils\errors.ts
FN:1,(anonymous_0)
FN:12,(anonymous_1)
FN:21,(anonymous_2)
FNF:3
FNH:2
FNDA:2,(anonymous_0)
FNDA:11,(anonymous_1)
FNDA:0,(anonymous_2)
DA:1,2
DA:2,2
DA:3,2
DA:4,2
DA:5,2
DA:6,2
DA:7,2
DA:8,2
DA:11,2
DA:14,11
DA:15,11
DA:17,11
DA:18,11
DA:22,0
LF:14
LH:13
BRDA:1,0,0,2
BRDA:1,0,1,2
BRDA:15,1,0,11
BRDA:22,2,0,0
BRDA:22,2,1,0
BRF:5
BRH:3
end_of_record
TN:
SF:server\src\automation\utils\timing.ts
FN:5,(anonymous_0)
FN:6,(anonymous_1)
FN:13,(anonymous_2)
FN:15,(anonymous_3)
FNF:4
FNH:2
FNDA:10,(anonymous_0)
FNDA:10,(anonymous_1)
FNDA:0,(anonymous_2)
FNDA:0,(anonymous_3)
DA:5,1
DA:6,10
DA:13,1
DA:14,0
DA:15,0
LF:5
LH:3
BRF:0
BRH:0
end_of_record
